#! /opt/homebrew/Cellar/icarus-verilog/11.0/bin/vvp
:ivl_version "11.0 (stable)";
:ivl_delay_selection "TYPICAL";
:vpi_time_precision - 10;
:vpi_module "/opt/homebrew/Cellar/icarus-verilog/11.0/lib/ivl/system.vpi";
:vpi_module "/opt/homebrew/Cellar/icarus-verilog/11.0/lib/ivl/vhdl_sys.vpi";
:vpi_module "/opt/homebrew/Cellar/icarus-verilog/11.0/lib/ivl/vhdl_textio.vpi";
:vpi_module "/opt/homebrew/Cellar/icarus-verilog/11.0/lib/ivl/v2005_math.vpi";
:vpi_module "/opt/homebrew/Cellar/icarus-verilog/11.0/lib/ivl/va_math.vpi";
S_0x14260a7b0 .scope module, "sp_tb" "sp_tb" 2 4;
 .timescale -9 -10;
v0x1426215d0_0 .var "clk", 0 0;
v0x142621680_0 .var "d", 0 0;
v0x142621710_0 .var "en", 0 0;
v0x1426217c0_0 .net "q", 15 0, v0x142621310_0;  1 drivers
v0x142621870_0 .var "rst", 0 0;
S_0x14260a920 .scope module, "s" "sp" 2 15, 3 1 0, S_0x14260a7b0;
 .timescale -9 -10;
    .port_info 0 /INPUT 1 "d";
    .port_info 1 /INPUT 1 "en";
    .port_info 2 /INPUT 1 "clk";
    .port_info 3 /INPUT 1 "rst";
    .port_info 4 /OUTPUT 16 "q";
v0x142607fb0_0 .net "clk", 0 0, v0x1426215d0_0;  1 drivers
v0x1426211e0_0 .net "d", 0 0, v0x142621680_0;  1 drivers
v0x142621280_0 .net "en", 0 0, v0x142621710_0;  1 drivers
v0x142621310_0 .var "q", 15 0;
v0x1426213c0_0 .net "rst", 0 0, v0x142621870_0;  1 drivers
v0x1426214a0_0 .var "sp", 14 0;
E_0x14260c070 .event posedge, v0x142607fb0_0;
    .scope S_0x14260a920;
T_0 ;
    %pushi/vec4 32767, 0, 15;
    %assign/vec4 v0x1426214a0_0, 0;
    %end;
    .thread T_0;
    .scope S_0x14260a920;
T_1 ;
    %wait E_0x14260c070;
    %load/vec4 v0x1426213c0_0;
    %flag_set/vec4 8;
    %jmp/0xz  T_1.0, 8;
    %pushi/vec4 32767, 0, 15;
    %assign/vec4 v0x1426214a0_0, 0;
    %pushi/vec4 32767, 0, 16;
    %assign/vec4 v0x142621310_0, 0;
    %jmp T_1.1;
T_1.0 ;
    %load/vec4 v0x142621280_0;
    %flag_set/vec4 8;
    %jmp/0xz  T_1.2, 8;
    %load/vec4 v0x1426211e0_0;
    %flag_set/vec4 8;
    %jmp/0xz  T_1.4, 8;
    ; show_stmt_assign_vector: Get l-value for compressed -= operand
    %load/vec4 v0x1426214a0_0;
    %pushi/vec4 1, 0, 15;
    %sub;
    %store/vec4 v0x1426214a0_0, 0, 15;
    %jmp T_1.5;
T_1.4 ;
    ; show_stmt_assign_vector: Get l-value for compressed += operand
    %load/vec4 v0x1426214a0_0;
    %pushi/vec4 1, 0, 15;
    %add;
    %store/vec4 v0x1426214a0_0, 0, 15;
T_1.5 ;
T_1.2 ;
    %pushi/vec4 0, 0, 1;
    %load/vec4 v0x1426214a0_0;
    %concat/vec4; draw_concat_vec4
    %assign/vec4 v0x142621310_0, 0;
T_1.1 ;
    %jmp T_1;
    .thread T_1;
    .scope S_0x14260a7b0;
T_2 ;
    %pushi/vec4 0, 0, 1;
    %store/vec4 v0x142621680_0, 0, 1;
    %pushi/vec4 0, 0, 1;
    %store/vec4 v0x142621710_0, 0, 1;
    %pushi/vec4 0, 0, 1;
    %store/vec4 v0x1426215d0_0, 0, 1;
    %pushi/vec4 0, 0, 1;
    %store/vec4 v0x142621870_0, 0, 1;
    %end;
    .thread T_2;
    .scope S_0x14260a7b0;
T_3 ;
    %delay 10, 0;
    %load/vec4 v0x1426215d0_0;
    %nor/r;
    %store/vec4 v0x1426215d0_0, 0, 1;
    %jmp T_3;
    .thread T_3;
    .scope S_0x14260a7b0;
T_4 ;
    %vpi_call 2 12 "$dumpfile", "sp_tb.vcd" {0 0 0};
    %end;
    .thread T_4;
    .scope S_0x14260a7b0;
T_5 ;
    %vpi_call 2 13 "$dumpvars", 32'sb00000000000000000000000000000000, S_0x14260a7b0 {0 0 0};
    %end;
    .thread T_5;
    .scope S_0x14260a7b0;
T_6 ;
    %delay 40, 0;
    %pushi/vec4 1, 0, 1;
    %store/vec4 v0x142621680_0, 0, 1;
    %pushi/vec4 1, 0, 1;
    %store/vec4 v0x142621710_0, 0, 1;
    %delay 50, 0;
    %delay 50, 0;
    %delay 50, 0;
    %delay 50, 0;
    %pushi/vec4 0, 0, 1;
    %store/vec4 v0x142621680_0, 0, 1;
    %delay 50, 0;
    %delay 50, 0;
    %delay 10, 0;
    %pushi/vec4 1, 0, 1;
    %store/vec4 v0x142621680_0, 0, 1;
    %delay 60, 0;
    %pushi/vec4 0, 0, 1;
    %store/vec4 v0x142621680_0, 0, 1;
    %delay 50, 0;
    %pushi/vec4 1, 0, 1;
    %store/vec4 v0x142621870_0, 0, 1;
    %delay 50, 0;
    %pushi/vec4 0, 0, 1;
    %store/vec4 v0x142621870_0, 0, 1;
    %pushi/vec4 0, 0, 1;
    %store/vec4 v0x142621680_0, 0, 1;
    %delay 50, 0;
    %pushi/vec4 1, 0, 1;
    %store/vec4 v0x142621710_0, 0, 1;
    %delay 50, 0;
    %vpi_call 2 38 "$finish" {0 0 0};
    %end;
    .thread T_6;
# The file index is used to find the file name in the following table.
:file_names 4;
    "N/A";
    "<interactive>";
    "sp_tb.v";
    "./sp.v";
