#! /opt/homebrew/Cellar/icarus-verilog/11.0/bin/vvp
:ivl_version "11.0 (stable)";
:ivl_delay_selection "TYPICAL";
:vpi_time_precision + 0;
:vpi_module "/opt/homebrew/Cellar/icarus-verilog/11.0/lib/ivl/system.vpi";
:vpi_module "/opt/homebrew/Cellar/icarus-verilog/11.0/lib/ivl/vhdl_sys.vpi";
:vpi_module "/opt/homebrew/Cellar/icarus-verilog/11.0/lib/ivl/vhdl_textio.vpi";
:vpi_module "/opt/homebrew/Cellar/icarus-verilog/11.0/lib/ivl/v2005_math.vpi";
:vpi_module "/opt/homebrew/Cellar/icarus-verilog/11.0/lib/ivl/va_math.vpi";
S_0x158f04690 .scope module, "rom" "rom" 2 1;
 .timescale 0 0;
    .port_info 0 /INPUT 16 "a";
    .port_info 1 /INPUT 1 "re";
    .port_info 2 /INPUT 1 "clk";
    .port_info 3 /OUTPUT 8 "q0";
    .port_info 4 /OUTPUT 8 "q1";
    .port_info 5 /OUTPUT 8 "q2";
    .port_info 6 /OUTPUT 8 "q3";
P_0x158f0c6e0 .param/l "READ_SIZE" 1 2 11, +C4<00000000000000000000000000000011>;
P_0x158f0c720 .param/l "SIZE" 1 2 10, +C4<00000000000000001000000000000000>;
P_0x158f0c760 .param/l "WRITE_FILE" 1 2 13, +C4<00000000000000000000000000000001>;
o0x150030040 .functor BUFZ 16, C4<zzzzzzzzzzzzzzzz>; HiZ drive
v0x158f1c760_0 .net "a", 15 0, o0x150030040;  0 drivers
o0x150030070 .functor BUFZ 1, C4<z>; HiZ drive
v0x158f1c820_0 .net "clk", 0 0, o0x150030070;  0 drivers
v0x158f1c8c0 .array "m", 32767 0, 7 0;
v0x158f1c950_0 .var "q0", 7 0;
v0x158f1ca00_0 .var "q1", 7 0;
v0x158f1caf0_0 .var "q2", 7 0;
v0x158f1cba0_0 .var "q3", 7 0;
o0x150030160 .functor BUFZ 1, C4<z>; HiZ drive
v0x158f1cc50_0 .net "re", 0 0, o0x150030160;  0 drivers
E_0x158f05980 .event posedge, v0x158f1c820_0;
S_0x158f0c850 .scope begin, "$ivl_for_loop0" "$ivl_for_loop0" 2 22, 2 22 0, S_0x158f04690;
 .timescale 0 0;
v0x158f0c9c0_0 .var/i "i", 31 0;
    .scope S_0x158f04690;
T_0 ;
    %vpi_call 2 19 "$readmemh", "/Users/connor/desktop/cpu-design/test.o", v0x158f1c8c0 {0 0 0};
    %fork t_1, S_0x158f0c850;
    %jmp t_0;
    .scope S_0x158f0c850;
t_1 ;
    %pushi/vec4 0, 0, 32;
    %store/vec4 v0x158f0c9c0_0, 0, 32;
T_0.0 ;
    %load/vec4 v0x158f0c9c0_0;
    %cmpi/s 32768, 0, 32;
    %jmp/0xz T_0.1, 5;
    %vpi_call 2 23 "$display", "%d: %h", v0x158f0c9c0_0, &A<v0x158f1c8c0, v0x158f0c9c0_0 > {0 0 0};
    ; show_stmt_assign_vector: Get l-value for compressed += operand
    %load/vec4 v0x158f0c9c0_0;
    %pushi/vec4 1, 0, 32;
    %add;
    %store/vec4 v0x158f0c9c0_0, 0, 32;
    %jmp T_0.0;
T_0.1 ;
    %end;
    .scope S_0x158f04690;
t_0 %join;
    %end;
    .thread T_0;
    .scope S_0x158f04690;
T_1 ;
    %wait E_0x158f05980;
    %pushi/vec4 32768, 0, 32;
    %load/vec4 v0x158f1c760_0;
    %pad/u 32;
    %cmp/u;
    %flag_get/vec4 4;
    %flag_get/vec4 5;
    %or;
    %load/vec4 v0x158f1c760_0;
    %pad/u 32;
    %cmpi/u 65532, 0, 32;
    %flag_get/vec4 4;
    %flag_get/vec4 5;
    %or;
    %and;
    %load/vec4 v0x158f1cc50_0;
    %and;
    %flag_set/vec4 8;
    %jmp/0xz  T_1.0, 8;
    %load/vec4 v0x158f1c760_0;
    %pad/u 33;
    %addi 0, 0, 33;
    %ix/vec4 4;
    %load/vec4a v0x158f1c8c0, 4;
    %assign/vec4 v0x158f1c950_0, 0;
    %load/vec4 v0x158f1c760_0;
    %pad/u 33;
    %addi 1, 0, 33;
    %ix/vec4 4;
    %load/vec4a v0x158f1c8c0, 4;
    %assign/vec4 v0x158f1ca00_0, 0;
    %load/vec4 v0x158f1c760_0;
    %pad/u 33;
    %addi 2, 0, 33;
    %ix/vec4 4;
    %load/vec4a v0x158f1c8c0, 4;
    %assign/vec4 v0x158f1caf0_0, 0;
    %load/vec4 v0x158f1c760_0;
    %pad/u 33;
    %addi 3, 0, 33;
    %ix/vec4 4;
    %load/vec4a v0x158f1c8c0, 4;
    %assign/vec4 v0x158f1cba0_0, 0;
    %jmp T_1.1;
T_1.0 ;
    %pushi/vec4 0, 255, 8;
    %assign/vec4 v0x158f1c950_0, 0;
    %pushi/vec4 0, 255, 8;
    %assign/vec4 v0x158f1ca00_0, 0;
    %pushi/vec4 0, 255, 8;
    %assign/vec4 v0x158f1caf0_0, 0;
    %pushi/vec4 0, 255, 8;
    %assign/vec4 v0x158f1cba0_0, 0;
T_1.1 ;
    %jmp T_1;
    .thread T_1;
# The file index is used to find the file name in the following table.
:file_names 3;
    "N/A";
    "<interactive>";
    "rom.v";
