#! /opt/homebrew/Cellar/icarus-verilog/11.0/bin/vvp
:ivl_version "11.0 (stable)";
:ivl_delay_selection "TYPICAL";
:vpi_time_precision - 10;
:vpi_module "/opt/homebrew/Cellar/icarus-verilog/11.0/lib/ivl/system.vpi";
:vpi_module "/opt/homebrew/Cellar/icarus-verilog/11.0/lib/ivl/vhdl_sys.vpi";
:vpi_module "/opt/homebrew/Cellar/icarus-verilog/11.0/lib/ivl/vhdl_textio.vpi";
:vpi_module "/opt/homebrew/Cellar/icarus-verilog/11.0/lib/ivl/v2005_math.vpi";
:vpi_module "/opt/homebrew/Cellar/icarus-verilog/11.0/lib/ivl/va_math.vpi";
S_0x145f041e0 .scope module, "rom_tb" "rom_tb" 2 4;
 .timescale -9 -10;
v0x145f15100_0 .var "a", 15 0;
v0x145f151b0_0 .var "clk", 0 0;
v0x145f15240_0 .net "q0", 7 0, v0x145f14d10_0;  1 drivers
v0x145f152f0_0 .net "q1", 7 0, v0x145f14da0_0;  1 drivers
v0x145f153a0_0 .net "q2", 7 0, v0x145f14e50_0;  1 drivers
v0x145f15470_0 .net "q3", 7 0, v0x145f14f00_0;  1 drivers
v0x145f15520_0 .var "re", 0 0;
S_0x145f04360 .scope module, "r" "rom" 2 17, 3 1 0, S_0x145f041e0;
 .timescale -9 -10;
    .port_info 0 /INPUT 16 "a";
    .port_info 1 /INPUT 1 "re";
    .port_info 2 /INPUT 1 "clk";
    .port_info 3 /OUTPUT 8 "q0";
    .port_info 4 /OUTPUT 8 "q1";
    .port_info 5 /OUTPUT 8 "q2";
    .port_info 6 /OUTPUT 8 "q3";
P_0x145f04520 .param/l "READ_SIZE" 1 3 11, +C4<00000000000000000000000000000011>;
P_0x145f04560 .param/l "SIZE" 1 3 10, +C4<00000000000000001000000000000000>;
P_0x145f045a0 .param/l "WRITE_FILE" 1 3 13, +C4<00000000000000000000000000000001>;
v0x145f14b20_0 .net "a", 15 0, v0x145f15100_0;  1 drivers
v0x145f14be0_0 .net "clk", 0 0, v0x145f151b0_0;  1 drivers
v0x145f14c80 .array "m", 32767 0, 7 0;
v0x145f14d10_0 .var "q0", 7 0;
v0x145f14da0_0 .var "q1", 7 0;
v0x145f14e50_0 .var "q2", 7 0;
v0x145f14f00_0 .var "q3", 7 0;
v0x145f14fb0_0 .net "re", 0 0, v0x145f15520_0;  1 drivers
E_0x145f04850/0 .event negedge, v0x145f14fb0_0;
E_0x145f04850/1 .event posedge, v0x145f14be0_0;
E_0x145f04850 .event/or E_0x145f04850/0, E_0x145f04850/1;
S_0x145f04890 .scope begin, "$ivl_for_loop0" "$ivl_for_loop0" 3 22, 3 22 0, S_0x145f04360;
 .timescale -9 -10;
v0x145f04a60_0 .var/i "i", 31 0;
    .scope S_0x145f04360;
T_0 ;
    %vpi_call 3 19 "$readmemh", "/Users/connor/desktop/cpu-design/test.o", v0x145f14c80 {0 0 0};
    %fork t_1, S_0x145f04890;
    %jmp t_0;
    .scope S_0x145f04890;
t_1 ;
    %pushi/vec4 0, 0, 32;
    %store/vec4 v0x145f04a60_0, 0, 32;
T_0.0 ;
    %load/vec4 v0x145f04a60_0;
    %cmpi/s 32768, 0, 32;
    %jmp/0xz T_0.1, 5;
    %vpi_call 3 23 "$display", "%d: %h", v0x145f04a60_0, &A<v0x145f14c80, v0x145f04a60_0 > {0 0 0};
    ; show_stmt_assign_vector: Get l-value for compressed += operand
    %load/vec4 v0x145f04a60_0;
    %pushi/vec4 1, 0, 32;
    %add;
    %store/vec4 v0x145f04a60_0, 0, 32;
    %jmp T_0.0;
T_0.1 ;
    %end;
    .scope S_0x145f04360;
t_0 %join;
    %end;
    .thread T_0;
    .scope S_0x145f04360;
T_1 ;
    %wait E_0x145f04850;
    %pushi/vec4 32768, 0, 32;
    %load/vec4 v0x145f14b20_0;
    %pad/u 32;
    %cmp/u;
    %flag_get/vec4 4;
    %flag_get/vec4 5;
    %or;
    %load/vec4 v0x145f14b20_0;
    %pad/u 32;
    %cmpi/u 65532, 0, 32;
    %flag_get/vec4 4;
    %flag_get/vec4 5;
    %or;
    %and;
    %load/vec4 v0x145f14fb0_0;
    %and;
    %flag_set/vec4 8;
    %jmp/0xz  T_1.0, 8;
    %load/vec4 v0x145f14b20_0;
    %pad/u 33;
    %addi 0, 0, 33;
    %ix/vec4 4;
    %load/vec4a v0x145f14c80, 4;
    %assign/vec4 v0x145f14d10_0, 0;
    %load/vec4 v0x145f14b20_0;
    %pad/u 33;
    %addi 1, 0, 33;
    %ix/vec4 4;
    %load/vec4a v0x145f14c80, 4;
    %assign/vec4 v0x145f14da0_0, 0;
    %load/vec4 v0x145f14b20_0;
    %pad/u 33;
    %addi 2, 0, 33;
    %ix/vec4 4;
    %load/vec4a v0x145f14c80, 4;
    %assign/vec4 v0x145f14e50_0, 0;
    %load/vec4 v0x145f14b20_0;
    %pad/u 33;
    %addi 3, 0, 33;
    %ix/vec4 4;
    %load/vec4a v0x145f14c80, 4;
    %assign/vec4 v0x145f14f00_0, 0;
    %jmp T_1.1;
T_1.0 ;
    %pushi/vec4 0, 255, 8;
    %assign/vec4 v0x145f14d10_0, 0;
    %pushi/vec4 0, 255, 8;
    %assign/vec4 v0x145f14da0_0, 0;
    %pushi/vec4 0, 255, 8;
    %assign/vec4 v0x145f14e50_0, 0;
    %pushi/vec4 0, 255, 8;
    %assign/vec4 v0x145f14f00_0, 0;
T_1.1 ;
    %jmp T_1;
    .thread T_1;
    .scope S_0x145f041e0;
T_2 ;
    %pushi/vec4 0, 0, 1;
    %store/vec4 v0x145f151b0_0, 0, 1;
    %pushi/vec4 1, 0, 1;
    %store/vec4 v0x145f15520_0, 0, 1;
    %pushi/vec4 0, 0, 16;
    %store/vec4 v0x145f15100_0, 0, 16;
    %end;
    .thread T_2;
    .scope S_0x145f041e0;
T_3 ;
    %delay 10, 0;
    %load/vec4 v0x145f151b0_0;
    %nor/r;
    %store/vec4 v0x145f151b0_0, 0, 1;
    %jmp T_3;
    .thread T_3;
    .scope S_0x145f041e0;
T_4 ;
    %vpi_call 2 14 "$dumpfile", "rom_tb.vcd" {0 0 0};
    %end;
    .thread T_4;
    .scope S_0x145f041e0;
T_5 ;
    %vpi_call 2 15 "$dumpvars", 32'sb00000000000000000000000000000000, S_0x145f041e0 {0 0 0};
    %end;
    .thread T_5;
    .scope S_0x145f041e0;
T_6 ;
    %delay 50, 0;
    %pushi/vec4 1, 0, 1;
    %store/vec4 v0x145f15520_0, 0, 1;
    %delay 50, 0;
    %pushi/vec4 32768, 0, 16;
    %store/vec4 v0x145f15100_0, 0, 16;
    %delay 50, 0;
    %pushi/vec4 32769, 0, 16;
    %store/vec4 v0x145f15100_0, 0, 16;
    %delay 50, 0;
    %pushi/vec4 40000, 0, 16;
    %store/vec4 v0x145f15100_0, 0, 16;
    %delay 50, 0;
    %pushi/vec4 0, 0, 1;
    %store/vec4 v0x145f15520_0, 0, 1;
    %delay 50, 0;
    %pushi/vec4 32768, 0, 16;
    %store/vec4 v0x145f15100_0, 0, 16;
    %delay 50, 0;
    %pushi/vec4 10, 0, 16;
    %store/vec4 v0x145f15100_0, 0, 16;
    %delay 50, 0;
    %pushi/vec4 1, 0, 16;
    %store/vec4 v0x145f15100_0, 0, 16;
    %delay 50, 0;
    %pushi/vec4 1, 0, 1;
    %store/vec4 v0x145f15520_0, 0, 1;
    %delay 50, 0;
    %pushi/vec4 32769, 0, 16;
    %store/vec4 v0x145f15100_0, 0, 16;
    %delay 50, 0;
    %pushi/vec4 10, 0, 16;
    %store/vec4 v0x145f15100_0, 0, 16;
    %delay 50, 0;
    %vpi_call 2 41 "$finish" {0 0 0};
    %end;
    .thread T_6;
# The file index is used to find the file name in the following table.
:file_names 4;
    "N/A";
    "<interactive>";
    "rom_tb.v";
    "./rom.v";
