#! /opt/homebrew/Cellar/icarus-verilog/11.0/bin/vvp
:ivl_version "11.0 (stable)";
:ivl_delay_selection "TYPICAL";
:vpi_time_precision + 0;
:vpi_module "/opt/homebrew/Cellar/icarus-verilog/11.0/lib/ivl/system.vpi";
:vpi_module "/opt/homebrew/Cellar/icarus-verilog/11.0/lib/ivl/vhdl_sys.vpi";
:vpi_module "/opt/homebrew/Cellar/icarus-verilog/11.0/lib/ivl/vhdl_textio.vpi";
:vpi_module "/opt/homebrew/Cellar/icarus-verilog/11.0/lib/ivl/v2005_math.vpi";
:vpi_module "/opt/homebrew/Cellar/icarus-verilog/11.0/lib/ivl/va_math.vpi";
S_0x14c7090b0 .scope module, "ram" "ram" 2 1;
 .timescale 0 0;
    .port_info 0 /INPUT 8 "d";
    .port_info 1 /INPUT 16 "a";
    .port_info 2 /INPUT 1 "we";
    .port_info 3 /INPUT 1 "clk";
    .port_info 4 /OUTPUT 8 "q1";
    .port_info 5 /OUTPUT 8 "q2";
P_0x14c70a2f0 .param/l "SIZE" 1 2 10, +C4<00000000000000001000000000000000>;
L_0x14c71b5e0 .functor BUFZ 8, L_0x14c71b3e0, C4<00000000>, C4<00000000>, C4<00000000>;
L_0x14c71ba70 .functor BUFZ 8, L_0x14c71b690, C4<00000000>, C4<00000000>, C4<00000000>;
v0x14c705060_0 .net *"_ivl_0", 7 0, L_0x14c71b3e0;  1 drivers
v0x14c71a950_0 .net *"_ivl_10", 32 0, L_0x14c71b770;  1 drivers
L_0x140068058 .functor BUFT 1, C4<00000000000000000>, C4<0>, C4<0>, C4<0>;
v0x14c71a9f0_0 .net *"_ivl_13", 16 0, L_0x140068058;  1 drivers
L_0x1400680a0 .functor BUFT 1, C4<000000000000000000000000000000001>, C4<0>, C4<0>, C4<0>;
v0x14c71aaa0_0 .net/2u *"_ivl_14", 32 0, L_0x1400680a0;  1 drivers
v0x14c71ab50_0 .net *"_ivl_16", 32 0, L_0x14c71b8f0;  1 drivers
v0x14c71ac40_0 .net *"_ivl_2", 16 0, L_0x14c71b480;  1 drivers
L_0x140068010 .functor BUFT 1, C4<0>, C4<0>, C4<0>, C4<0>;
v0x14c71acf0_0 .net *"_ivl_5", 0 0, L_0x140068010;  1 drivers
v0x14c71ada0_0 .net *"_ivl_8", 7 0, L_0x14c71b690;  1 drivers
o0x140030190 .functor BUFZ 16, C4<zzzzzzzzzzzzzzzz>; HiZ drive
v0x14c71ae50_0 .net "a", 15 0, o0x140030190;  0 drivers
o0x1400301c0 .functor BUFZ 1, C4<z>; HiZ drive
v0x14c71af60_0 .net "clk", 0 0, o0x1400301c0;  0 drivers
o0x1400301f0 .functor BUFZ 8, C4<zzzzzzzz>; HiZ drive
v0x14c71b000_0 .net "d", 7 0, o0x1400301f0;  0 drivers
v0x14c71b0b0 .array "m", 0 32768, 7 0;
v0x14c71b150_0 .net "q1", 7 0, L_0x14c71b5e0;  1 drivers
v0x14c71b200_0 .net "q2", 7 0, L_0x14c71ba70;  1 drivers
o0x140030280 .functor BUFZ 1, C4<z>; HiZ drive
v0x14c71b2b0_0 .net "we", 0 0, o0x140030280;  0 drivers
E_0x14c70aa90 .event posedge, v0x14c71af60_0;
L_0x14c71b3e0 .array/port v0x14c71b0b0, L_0x14c71b480;
L_0x14c71b480 .concat [ 16 1 0 0], o0x140030190, L_0x140068010;
L_0x14c71b690 .array/port v0x14c71b0b0, L_0x14c71b8f0;
L_0x14c71b770 .concat [ 16 17 0 0], o0x140030190, L_0x140068058;
L_0x14c71b8f0 .arith/sum 33, L_0x14c71b770, L_0x1400680a0;
    .scope S_0x14c7090b0;
T_0 ;
    %wait E_0x14c70aa90;
    %load/vec4 v0x14c71b2b0_0;
    %flag_set/vec4 8;
    %jmp/0xz  T_0.0, 8;
    %load/vec4 v0x14c71b000_0;
    %load/vec4 v0x14c71ae50_0;
    %pad/u 17;
    %ix/vec4 4;
    %store/vec4a v0x14c71b0b0, 4, 0;
T_0.0 ;
    %jmp T_0;
    .thread T_0;
# The file index is used to find the file name in the following table.
:file_names 3;
    "N/A";
    "<interactive>";
    "ram.v";
