#! /opt/homebrew/Cellar/icarus-verilog/11.0/bin/vvp
:ivl_version "11.0 (stable)";
:ivl_delay_selection "TYPICAL";
:vpi_time_precision - 10;
:vpi_module "/opt/homebrew/Cellar/icarus-verilog/11.0/lib/ivl/system.vpi";
:vpi_module "/opt/homebrew/Cellar/icarus-verilog/11.0/lib/ivl/vhdl_sys.vpi";
:vpi_module "/opt/homebrew/Cellar/icarus-verilog/11.0/lib/ivl/vhdl_textio.vpi";
:vpi_module "/opt/homebrew/Cellar/icarus-verilog/11.0/lib/ivl/v2005_math.vpi";
:vpi_module "/opt/homebrew/Cellar/icarus-verilog/11.0/lib/ivl/va_math.vpi";
S_0x155e10a40 .scope module, "ram_testbench" "ram_testbench" 2 4;
 .timescale -9 -10;
v0x155e247e0_0 .var "a", 5 0;
v0x155e24870_0 .var "clk", 0 0;
v0x155e24900_0 .var "d", 7 0;
v0x155e249d0_0 .net "q1o", 7 0, L_0x155e24e60;  1 drivers
v0x155e24a80_0 .net "q2o", 7 0, L_0x155e25310;  1 drivers
v0x155e24b50_0 .var "we", 0 0;
S_0x155e14650 .scope module, "r" "ram" 2 18, 3 1 0, S_0x155e10a40;
 .timescale -9 -10;
    .port_info 0 /INPUT 8 "d";
    .port_info 1 /INPUT 6 "a";
    .port_info 2 /INPUT 1 "we";
    .port_info 3 /INPUT 1 "clk";
    .port_info 4 /OUTPUT 8 "q1";
    .port_info 5 /OUTPUT 8 "q2";
L_0x155e24e60 .functor BUFZ 8, L_0x155e24c00, C4<00000000>, C4<00000000>, C4<00000000>;
L_0x155e25310 .functor BUFZ 8, L_0x155e24f50, C4<00000000>, C4<00000000>, C4<00000000>;
v0x155e0a400_0 .net *"_ivl_0", 7 0, L_0x155e24c00;  1 drivers
v0x155e23d50_0 .net *"_ivl_10", 32 0, L_0x155e24ff0;  1 drivers
L_0x158078058 .functor BUFT 1, C4<000000000000000000000000000>, C4<0>, C4<0>, C4<0>;
v0x155e23df0_0 .net *"_ivl_13", 26 0, L_0x158078058;  1 drivers
L_0x1580780a0 .functor BUFT 1, C4<000000000000000000000000000000001>, C4<0>, C4<0>, C4<0>;
v0x155e23ea0_0 .net/2u *"_ivl_14", 32 0, L_0x1580780a0;  1 drivers
v0x155e23f50_0 .net *"_ivl_16", 32 0, L_0x155e25160;  1 drivers
v0x155e24040_0 .net *"_ivl_2", 7 0, L_0x155e24ce0;  1 drivers
L_0x158078010 .functor BUFT 1, C4<00>, C4<0>, C4<0>, C4<0>;
v0x155e240f0_0 .net *"_ivl_5", 1 0, L_0x158078010;  1 drivers
v0x155e241a0_0 .net *"_ivl_8", 7 0, L_0x155e24f50;  1 drivers
v0x155e24250_0 .net "a", 5 0, v0x155e247e0_0;  1 drivers
v0x155e24360_0 .net "clk", 0 0, v0x155e24870_0;  1 drivers
v0x155e24400_0 .net "d", 7 0, v0x155e24900_0;  1 drivers
v0x155e244b0_0 .net "q1", 7 0, L_0x155e24e60;  alias, 1 drivers
v0x155e24560_0 .net "q2", 7 0, L_0x155e25310;  alias, 1 drivers
v0x155e24610 .array "ram", 0 63, 7 0;
v0x155e246b0_0 .net "we", 0 0, v0x155e24b50_0;  1 drivers
E_0x155e0c120 .event posedge, v0x155e24360_0;
L_0x155e24c00 .array/port v0x155e24610, L_0x155e24ce0;
L_0x155e24ce0 .concat [ 6 2 0 0], v0x155e247e0_0, L_0x158078010;
L_0x155e24f50 .array/port v0x155e24610, L_0x155e25160;
L_0x155e24ff0 .concat [ 6 27 0 0], v0x155e247e0_0, L_0x158078058;
L_0x155e25160 .arith/sum 33, L_0x155e24ff0, L_0x1580780a0;
    .scope S_0x155e14650;
T_0 ;
    %wait E_0x155e0c120;
    %load/vec4 v0x155e246b0_0;
    %flag_set/vec4 8;
    %jmp/0xz  T_0.0, 8;
    %load/vec4 v0x155e24400_0;
    %load/vec4 v0x155e24250_0;
    %pad/u 8;
    %ix/vec4 4;
    %store/vec4a v0x155e24610, 4, 0;
T_0.0 ;
    %jmp T_0;
    .thread T_0;
    .scope S_0x155e10a40;
T_1 ;
    %pushi/vec4 0, 0, 1;
    %store/vec4 v0x155e24870_0, 0, 1;
    %pushi/vec4 1, 0, 1;
    %store/vec4 v0x155e24b50_0, 0, 1;
    %pushi/vec4 0, 0, 8;
    %store/vec4 v0x155e24900_0, 0, 8;
    %pushi/vec4 0, 0, 6;
    %store/vec4 v0x155e247e0_0, 0, 6;
    %end;
    .thread T_1;
    .scope S_0x155e10a40;
T_2 ;
    %delay 10, 0;
    %load/vec4 v0x155e24870_0;
    %nor/r;
    %store/vec4 v0x155e24870_0, 0, 1;
    %jmp T_2;
    .thread T_2;
    .scope S_0x155e10a40;
T_3 ;
    %vpi_call 2 15 "$dumpfile", "ram_testbench.vcd" {0 0 0};
    %end;
    .thread T_3;
    .scope S_0x155e10a40;
T_4 ;
    %vpi_call 2 16 "$dumpvars", 32'sb00000000000000000000000000000000, S_0x155e10a40 {0 0 0};
    %end;
    .thread T_4;
    .scope S_0x155e10a40;
T_5 ;
    %delay 10, 0;
    %delay 40, 0;
    %pushi/vec4 2, 0, 6;
    %store/vec4 v0x155e247e0_0, 0, 6;
    %pushi/vec4 100, 0, 8;
    %store/vec4 v0x155e24900_0, 0, 8;
    %pushi/vec4 1, 0, 1;
    %store/vec4 v0x155e24b50_0, 0, 1;
    %delay 20, 0;
    %delay 40, 0;
    %pushi/vec4 12, 0, 6;
    %store/vec4 v0x155e247e0_0, 0, 6;
    %pushi/vec4 30, 0, 8;
    %store/vec4 v0x155e24900_0, 0, 8;
    %pushi/vec4 1, 0, 1;
    %store/vec4 v0x155e24b50_0, 0, 1;
    %delay 20, 0;
    %delay 40, 0;
    %pushi/vec4 3, 0, 6;
    %store/vec4 v0x155e247e0_0, 0, 6;
    %pushi/vec4 48, 0, 8;
    %store/vec4 v0x155e24900_0, 0, 8;
    %pushi/vec4 1, 0, 1;
    %store/vec4 v0x155e24b50_0, 0, 1;
    %delay 20, 0;
    %delay 40, 0;
    %pushi/vec4 2, 0, 6;
    %store/vec4 v0x155e247e0_0, 0, 6;
    %pushi/vec4 100, 0, 8;
    %store/vec4 v0x155e24900_0, 0, 8;
    %pushi/vec4 0, 0, 1;
    %store/vec4 v0x155e24b50_0, 0, 1;
    %delay 20, 0;
    %delay 40, 0;
    %pushi/vec4 3, 0, 6;
    %store/vec4 v0x155e247e0_0, 0, 6;
    %delay 20, 0;
    %delay 40, 0;
    %pushi/vec4 1, 0, 6;
    %store/vec4 v0x155e247e0_0, 0, 6;
    %delay 20, 0;
    %delay 40, 0;
    %pushi/vec4 2, 0, 6;
    %store/vec4 v0x155e247e0_0, 0, 6;
    %delay 20, 0;
    %delay 40, 0;
    %vpi_call 2 45 "$finish" {0 0 0};
    %end;
    .thread T_5;
# The file index is used to find the file name in the following table.
:file_names 4;
    "N/A";
    "<interactive>";
    "ram_tb.v";
    "./ram.v";
