#! /opt/homebrew/Cellar/icarus-verilog/11.0/bin/vvp
:ivl_version "11.0 (stable)";
:ivl_delay_selection "TYPICAL";
:vpi_time_precision - 10;
:vpi_module "/opt/homebrew/Cellar/icarus-verilog/11.0/lib/ivl/system.vpi";
:vpi_module "/opt/homebrew/Cellar/icarus-verilog/11.0/lib/ivl/vhdl_sys.vpi";
:vpi_module "/opt/homebrew/Cellar/icarus-verilog/11.0/lib/ivl/vhdl_textio.vpi";
:vpi_module "/opt/homebrew/Cellar/icarus-verilog/11.0/lib/ivl/v2005_math.vpi";
:vpi_module "/opt/homebrew/Cellar/icarus-verilog/11.0/lib/ivl/va_math.vpi";
S_0x12b704bf0 .scope module, "adu_tb" "adu_tb" 2 4;
 .timescale -9 -10;
v0x12b715660_0 .var "a", 15 0;
v0x12b715710_0 .var "clk", 0 0;
v0x12b7157a0_0 .net "q", 7 0, v0x12b7151a0_0;  1 drivers
v0x12b715850_0 .var "rh", 0 0;
v0x12b715900_0 .var "rl", 0 0;
v0x12b7159d0_0 .var "rst", 0 0;
v0x12b715a80_0 .var "we", 0 0;
S_0x12b704d60 .scope module, "du" "adu" 2 18, 3 1 0, S_0x12b704bf0;
 .timescale -9 -10;
    .port_info 0 /INPUT 16 "a";
    .port_info 1 /INPUT 1 "we";
    .port_info 2 /INPUT 1 "rl";
    .port_info 3 /INPUT 1 "rh";
    .port_info 4 /INPUT 1 "clk";
    .port_info 5 /INPUT 1 "rst";
    .port_info 6 /OUTPUT 8 "q";
v0x12b705040_0 .net "a", 15 0, v0x12b715660_0;  1 drivers
v0x12b715100_0 .net "clk", 0 0, v0x12b715710_0;  1 drivers
v0x12b7151a0_0 .var "q", 7 0;
v0x12b715240_0 .net "rh", 0 0, v0x12b715850_0;  1 drivers
v0x12b7152e0_0 .net "rl", 0 0, v0x12b715900_0;  1 drivers
v0x12b7153c0_0 .net "rst", 0 0, v0x12b7159d0_0;  1 drivers
v0x12b715460_0 .var "tmp", 15 0;
v0x12b715510_0 .net "we", 0 0, v0x12b715a80_0;  1 drivers
E_0x12b705010 .event posedge, v0x12b715100_0;
    .scope S_0x12b704d60;
T_0 ;
    %pushi/vec4 0, 0, 16;
    %assign/vec4 v0x12b715460_0, 0;
    %pushi/vec4 0, 255, 8;
    %assign/vec4 v0x12b7151a0_0, 0;
    %end;
    .thread T_0;
    .scope S_0x12b704d60;
T_1 ;
    %wait E_0x12b705010;
    %load/vec4 v0x12b7153c0_0;
    %flag_set/vec4 8;
    %jmp/0xz  T_1.0, 8;
    %pushi/vec4 0, 0, 16;
    %store/vec4 v0x12b715460_0, 0, 16;
    %pushi/vec4 0, 255, 8;
    %store/vec4 v0x12b7151a0_0, 0, 8;
    %jmp T_1.1;
T_1.0 ;
    %load/vec4 v0x12b715510_0;
    %flag_set/vec4 8;
    %jmp/0xz  T_1.2, 8;
    %load/vec4 v0x12b705040_0;
    %store/vec4 v0x12b715460_0, 0, 16;
T_1.2 ;
    %load/vec4 v0x12b7152e0_0;
    %flag_set/vec4 8;
    %jmp/0xz  T_1.4, 8;
    %load/vec4 v0x12b715460_0;
    %parti/s 8, 0, 2;
    %store/vec4 v0x12b7151a0_0, 0, 8;
    %jmp T_1.5;
T_1.4 ;
    %load/vec4 v0x12b715240_0;
    %flag_set/vec4 8;
    %jmp/0xz  T_1.6, 8;
    %load/vec4 v0x12b715460_0;
    %parti/s 8, 8, 5;
    %store/vec4 v0x12b7151a0_0, 0, 8;
    %jmp T_1.7;
T_1.6 ;
    %pushi/vec4 0, 255, 8;
    %store/vec4 v0x12b7151a0_0, 0, 8;
T_1.7 ;
T_1.5 ;
T_1.1 ;
    %jmp T_1;
    .thread T_1;
    .scope S_0x12b704bf0;
T_2 ;
    %pushi/vec4 0, 0, 16;
    %store/vec4 v0x12b715660_0, 0, 16;
    %pushi/vec4 0, 0, 1;
    %store/vec4 v0x12b715a80_0, 0, 1;
    %pushi/vec4 0, 0, 1;
    %store/vec4 v0x12b715900_0, 0, 1;
    %pushi/vec4 0, 0, 1;
    %store/vec4 v0x12b715850_0, 0, 1;
    %pushi/vec4 0, 0, 1;
    %store/vec4 v0x12b715710_0, 0, 1;
    %pushi/vec4 0, 0, 1;
    %store/vec4 v0x12b7159d0_0, 0, 1;
    %end;
    .thread T_2;
    .scope S_0x12b704bf0;
T_3 ;
    %delay 10, 0;
    %load/vec4 v0x12b715710_0;
    %nor/r;
    %store/vec4 v0x12b715710_0, 0, 1;
    %jmp T_3;
    .thread T_3;
    .scope S_0x12b704bf0;
T_4 ;
    %vpi_call 2 15 "$dumpfile", "adu_tb.vcd" {0 0 0};
    %end;
    .thread T_4;
    .scope S_0x12b704bf0;
T_5 ;
    %vpi_call 2 16 "$dumpvars", 32'sb00000000000000000000000000000000, S_0x12b704bf0 {0 0 0};
    %end;
    .thread T_5;
    .scope S_0x12b704bf0;
T_6 ;
    %delay 50, 0;
    %pushi/vec4 31246, 0, 16;
    %store/vec4 v0x12b715660_0, 0, 16;
    %pushi/vec4 1, 0, 1;
    %store/vec4 v0x12b715a80_0, 0, 1;
    %delay 50, 0;
    %pushi/vec4 0, 0, 1;
    %store/vec4 v0x12b715a80_0, 0, 1;
    %pushi/vec4 1, 0, 1;
    %store/vec4 v0x12b715900_0, 0, 1;
    %delay 50, 0;
    %pushi/vec4 0, 0, 1;
    %store/vec4 v0x12b715900_0, 0, 1;
    %pushi/vec4 1, 0, 1;
    %store/vec4 v0x12b715850_0, 0, 1;
    %delay 10, 0;
    %delay 50, 0;
    %pushi/vec4 20000, 0, 16;
    %store/vec4 v0x12b715660_0, 0, 16;
    %pushi/vec4 1, 0, 1;
    %store/vec4 v0x12b715a80_0, 0, 1;
    %delay 50, 0;
    %delay 50, 0;
    %pushi/vec4 0, 0, 1;
    %store/vec4 v0x12b715a80_0, 0, 1;
    %pushi/vec4 1, 0, 1;
    %store/vec4 v0x12b715850_0, 0, 1;
    %delay 50, 0;
    %delay 50, 0;
    %pushi/vec4 0, 0, 1;
    %store/vec4 v0x12b715850_0, 0, 1;
    %pushi/vec4 1, 0, 1;
    %store/vec4 v0x12b715900_0, 0, 1;
    %delay 50, 0;
    %delay 50, 0;
    %pushi/vec4 1, 0, 1;
    %store/vec4 v0x12b7159d0_0, 0, 1;
    %delay 50, 0;
    %pushi/vec4 0, 0, 1;
    %store/vec4 v0x12b7159d0_0, 0, 1;
    %delay 50, 0;
    %vpi_call 2 43 "$finish" {0 0 0};
    %end;
    .thread T_6;
# The file index is used to find the file name in the following table.
:file_names 4;
    "N/A";
    "<interactive>";
    "adu_tb.v";
    "./adu.v";
