#! /opt/homebrew/Cellar/icarus-verilog/11.0/bin/vvp
:ivl_version "11.0 (stable)";
:ivl_delay_selection "TYPICAL";
:vpi_time_precision + 0;
:vpi_module "/opt/homebrew/Cellar/icarus-verilog/11.0/lib/ivl/system.vpi";
:vpi_module "/opt/homebrew/Cellar/icarus-verilog/11.0/lib/ivl/vhdl_sys.vpi";
:vpi_module "/opt/homebrew/Cellar/icarus-verilog/11.0/lib/ivl/vhdl_textio.vpi";
:vpi_module "/opt/homebrew/Cellar/icarus-verilog/11.0/lib/ivl/v2005_math.vpi";
:vpi_module "/opt/homebrew/Cellar/icarus-verilog/11.0/lib/ivl/va_math.vpi";
S_0x124f05760 .scope module, "acu" "acu" 2 1;
 .timescale 0 0;
    .port_info 0 /INPUT 8 "d";
    .port_info 1 /INPUT 1 "wl";
    .port_info 2 /INPUT 1 "wh";
    .port_info 3 /INPUT 1 "clk";
    .port_info 4 /INPUT 1 "rst";
    .port_info 5 /INPUT 1 "oe";
    .port_info 6 /OUTPUT 16 "q";
o0x118030010 .functor BUFZ 1, C4<z>; HiZ drive
v0x124f05fa0_0 .net "clk", 0 0, o0x118030010;  0 drivers
o0x118030040 .functor BUFZ 8, C4<zzzzzzzz>; HiZ drive
v0x124f15fc0_0 .net "d", 7 0, o0x118030040;  0 drivers
o0x118030070 .functor BUFZ 1, C4<z>; HiZ drive
v0x124f16060_0 .net "oe", 0 0, o0x118030070;  0 drivers
v0x124f16110_0 .var "q", 15 0;
o0x1180300d0 .functor BUFZ 1, C4<z>; HiZ drive
v0x124f161b0_0 .net "rst", 0 0, o0x1180300d0;  0 drivers
v0x124f16290_0 .var "tmp", 15 0;
o0x118030130 .functor BUFZ 1, C4<z>; HiZ drive
v0x124f16340_0 .net "wh", 0 0, o0x118030130;  0 drivers
o0x118030160 .functor BUFZ 1, C4<z>; HiZ drive
v0x124f163e0_0 .net "wl", 0 0, o0x118030160;  0 drivers
E_0x124f04840 .event posedge, v0x124f05fa0_0;
S_0x124f05980 .scope module, "adu" "adu" 3 1;
 .timescale 0 0;
    .port_info 0 /INPUT 16 "a";
    .port_info 1 /INPUT 1 "we";
    .port_info 2 /INPUT 1 "rl";
    .port_info 3 /INPUT 1 "rh";
    .port_info 4 /INPUT 1 "clk";
    .port_info 5 /INPUT 1 "rst";
    .port_info 6 /OUTPUT 8 "q";
o0x1180302e0 .functor BUFZ 16, C4<zzzzzzzzzzzzzzzz>; HiZ drive
v0x124f16560_0 .net "a", 15 0, o0x1180302e0;  0 drivers
o0x118030310 .functor BUFZ 1, C4<z>; HiZ drive
v0x124f16620_0 .net "clk", 0 0, o0x118030310;  0 drivers
v0x124f166c0_0 .var "q", 7 0;
o0x118030370 .functor BUFZ 1, C4<z>; HiZ drive
v0x124f16750_0 .net "rh", 0 0, o0x118030370;  0 drivers
o0x1180303a0 .functor BUFZ 1, C4<z>; HiZ drive
v0x124f167e0_0 .net "rl", 0 0, o0x1180303a0;  0 drivers
o0x1180303d0 .functor BUFZ 1, C4<z>; HiZ drive
v0x124f168c0_0 .net "rst", 0 0, o0x1180303d0;  0 drivers
v0x124f16960_0 .var "tmp", 15 0;
o0x118030430 .functor BUFZ 1, C4<z>; HiZ drive
v0x124f16a10_0 .net "we", 0 0, o0x118030430;  0 drivers
E_0x124f16530 .event posedge, v0x124f16620_0;
S_0x124f05ba0 .scope module, "alu" "alu" 4 1;
 .timescale 0 0;
    .port_info 0 /INPUT 8 "a";
    .port_info 1 /INPUT 8 "b";
    .port_info 2 /INPUT 8 "fi";
    .port_info 3 /INPUT 7 "op";
    .port_info 4 /INPUT 1 "wa";
    .port_info 5 /INPUT 1 "wb";
    .port_info 6 /INPUT 1 "clk";
    .port_info 7 /INPUT 1 "rst";
    .port_info 8 /INPUT 1 "oe";
    .port_info 9 /OUTPUT 8 "d";
    .port_info 10 /OUTPUT 8 "fo";
P_0x124f05d10 .param/l "CARRY" 1 4 20, +C4<00000000000000000000000000000000>;
o0x1180305b0 .functor BUFZ 8, C4<zzzzzzzz>; HiZ drive
v0x124f16b90_0 .net "a", 7 0, o0x1180305b0;  0 drivers
v0x124f16c50_0 .var "ac", 7 0;
v0x124f16cf0_0 .var "ai", 8 0;
o0x118030640 .functor BUFZ 8, C4<zzzzzzzz>; HiZ drive
v0x124f16d80_0 .net "b", 7 0, o0x118030640;  0 drivers
v0x124f16e30_0 .var "bc", 7 0;
v0x124f16f20_0 .var "bi", 8 0;
o0x1180306d0 .functor BUFZ 1, C4<z>; HiZ drive
v0x124f16fd0_0 .net "clk", 0 0, o0x1180306d0;  0 drivers
v0x124f17070_0 .var "d", 7 0;
o0x118030730 .functor BUFZ 8, C4<zzzzzzzz>; HiZ drive
v0x124f17120_0 .net "fi", 7 0, o0x118030730;  0 drivers
v0x124f17230_0 .var "flags", 7 0;
v0x124f172e0_0 .var "fo", 7 0;
o0x1180307c0 .functor BUFZ 1, C4<z>; HiZ drive
v0x124f17390_0 .net "oe", 0 0, o0x1180307c0;  0 drivers
o0x1180307f0 .functor BUFZ 7, C4<zzzzzzz>; HiZ drive
v0x124f17430_0 .net "op", 6 0, o0x1180307f0;  0 drivers
v0x124f174e0_0 .var "out", 8 0;
o0x118030850 .functor BUFZ 1, C4<z>; HiZ drive
v0x124f17590_0 .net "rst", 0 0, o0x118030850;  0 drivers
v0x124f17630_0 .var/s "tmp", 7 0;
o0x1180308b0 .functor BUFZ 1, C4<z>; HiZ drive
v0x124f176e0_0 .net "wa", 0 0, o0x1180308b0;  0 drivers
o0x1180308e0 .functor BUFZ 1, C4<z>; HiZ drive
v0x124f17870_0 .net "wb", 0 0, o0x1180308e0;  0 drivers
E_0x124f16b60 .event posedge, v0x124f16fd0_0;
    .scope S_0x124f05760;
T_0 ;
    %pushi/vec4 0, 0, 16;
    %assign/vec4 v0x124f16290_0, 0;
    %pushi/vec4 0, 65535, 16;
    %assign/vec4 v0x124f16110_0, 0;
    %end;
    .thread T_0;
    .scope S_0x124f05760;
T_1 ;
    %wait E_0x124f04840;
    %load/vec4 v0x124f161b0_0;
    %flag_set/vec4 8;
    %jmp/0xz  T_1.0, 8;
    %pushi/vec4 0, 0, 16;
    %store/vec4 v0x124f16290_0, 0, 16;
    %load/vec4 v0x124f16060_0;
    %flag_set/vec4 8;
    %jmp/0xz  T_1.2, 8;
    %load/vec4 v0x124f16290_0;
    %store/vec4 v0x124f16110_0, 0, 16;
    %jmp T_1.3;
T_1.2 ;
    %pushi/vec4 0, 65535, 16;
    %store/vec4 v0x124f16110_0, 0, 16;
T_1.3 ;
    %jmp T_1.1;
T_1.0 ;
    %load/vec4 v0x124f163e0_0;
    %flag_set/vec4 8;
    %jmp/0xz  T_1.4, 8;
    %load/vec4 v0x124f16060_0;
    %flag_set/vec4 8;
    %jmp/0xz  T_1.6, 8;
    %load/vec4 v0x124f15fc0_0;
    %ix/load 4, 0, 0;
    %flag_set/imm 4, 0;
    %store/vec4 v0x124f16290_0, 4, 8;
    %load/vec4 v0x124f16290_0;
    %store/vec4 v0x124f16110_0, 0, 16;
    %jmp T_1.7;
T_1.6 ;
    %load/vec4 v0x124f15fc0_0;
    %ix/load 4, 0, 0;
    %flag_set/imm 4, 0;
    %store/vec4 v0x124f16290_0, 4, 8;
    %pushi/vec4 0, 65535, 16;
    %store/vec4 v0x124f16110_0, 0, 16;
T_1.7 ;
    %jmp T_1.5;
T_1.4 ;
    %load/vec4 v0x124f16340_0;
    %flag_set/vec4 8;
    %jmp/0xz  T_1.8, 8;
    %load/vec4 v0x124f16060_0;
    %flag_set/vec4 8;
    %jmp/0xz  T_1.10, 8;
    %load/vec4 v0x124f15fc0_0;
    %ix/load 4, 8, 0;
    %flag_set/imm 4, 0;
    %store/vec4 v0x124f16290_0, 4, 8;
    %load/vec4 v0x124f16290_0;
    %store/vec4 v0x124f16110_0, 0, 16;
    %jmp T_1.11;
T_1.10 ;
    %load/vec4 v0x124f15fc0_0;
    %ix/load 4, 8, 0;
    %flag_set/imm 4, 0;
    %store/vec4 v0x124f16290_0, 4, 8;
    %pushi/vec4 0, 65535, 16;
    %store/vec4 v0x124f16110_0, 0, 16;
T_1.11 ;
T_1.8 ;
T_1.5 ;
    %load/vec4 v0x124f16060_0;
    %flag_set/vec4 8;
    %jmp/0xz  T_1.12, 8;
    %load/vec4 v0x124f16290_0;
    %store/vec4 v0x124f16110_0, 0, 16;
    %jmp T_1.13;
T_1.12 ;
    %pushi/vec4 0, 65535, 16;
    %store/vec4 v0x124f16110_0, 0, 16;
T_1.13 ;
T_1.1 ;
    %jmp T_1;
    .thread T_1;
    .scope S_0x124f05980;
T_2 ;
    %pushi/vec4 0, 0, 16;
    %assign/vec4 v0x124f16960_0, 0;
    %pushi/vec4 0, 255, 8;
    %assign/vec4 v0x124f166c0_0, 0;
    %end;
    .thread T_2;
    .scope S_0x124f05980;
T_3 ;
    %wait E_0x124f16530;
    %load/vec4 v0x124f168c0_0;
    %flag_set/vec4 8;
    %jmp/0xz  T_3.0, 8;
    %pushi/vec4 0, 0, 16;
    %store/vec4 v0x124f16960_0, 0, 16;
    %pushi/vec4 0, 255, 8;
    %store/vec4 v0x124f166c0_0, 0, 8;
    %jmp T_3.1;
T_3.0 ;
    %load/vec4 v0x124f16a10_0;
    %flag_set/vec4 8;
    %jmp/0xz  T_3.2, 8;
    %load/vec4 v0x124f16560_0;
    %store/vec4 v0x124f16960_0, 0, 16;
T_3.2 ;
    %load/vec4 v0x124f167e0_0;
    %flag_set/vec4 8;
    %jmp/0xz  T_3.4, 8;
    %load/vec4 v0x124f16960_0;
    %parti/s 8, 0, 2;
    %store/vec4 v0x124f166c0_0, 0, 8;
    %jmp T_3.5;
T_3.4 ;
    %load/vec4 v0x124f16750_0;
    %flag_set/vec4 8;
    %jmp/0xz  T_3.6, 8;
    %load/vec4 v0x124f16960_0;
    %parti/s 8, 8, 5;
    %store/vec4 v0x124f166c0_0, 0, 8;
    %jmp T_3.7;
T_3.6 ;
    %pushi/vec4 0, 255, 8;
    %store/vec4 v0x124f166c0_0, 0, 8;
T_3.7 ;
T_3.5 ;
T_3.1 ;
    %jmp T_3;
    .thread T_3;
    .scope S_0x124f05ba0;
T_4 ;
    %pushi/vec4 0, 0, 9;
    %store/vec4 v0x124f174e0_0, 0, 9;
    %pushi/vec4 0, 0, 8;
    %store/vec4 v0x124f17230_0, 0, 8;
    %end;
    .thread T_4;
    .scope S_0x124f05ba0;
T_5 ;
    %pushi/vec4 0, 0, 8;
    %assign/vec4 v0x124f16c50_0, 0;
    %pushi/vec4 0, 0, 8;
    %assign/vec4 v0x124f16e30_0, 0;
    %pushi/vec4 0, 0, 9;
    %assign/vec4 v0x124f174e0_0, 0;
    %pushi/vec4 0, 0, 8;
    %assign/vec4 v0x124f17070_0, 0;
    %pushi/vec4 0, 0, 8;
    %assign/vec4 v0x124f17230_0, 0;
    %pushi/vec4 0, 0, 8;
    %assign/vec4 v0x124f172e0_0, 0;
    %end;
    .thread T_5;
    .scope S_0x124f05ba0;
T_6 ;
    %wait E_0x124f16b60;
    %load/vec4 v0x124f17590_0;
    %flag_set/vec4 8;
    %jmp/0xz  T_6.0, 8;
    %pushi/vec4 0, 0, 8;
    %assign/vec4 v0x124f16c50_0, 0;
    %pushi/vec4 0, 0, 8;
    %assign/vec4 v0x124f16e30_0, 0;
    %pushi/vec4 0, 0, 9;
    %assign/vec4 v0x124f174e0_0, 0;
    %pushi/vec4 0, 0, 8;
    %assign/vec4 v0x124f17070_0, 0;
    %pushi/vec4 0, 0, 8;
    %assign/vec4 v0x124f17230_0, 0;
    %pushi/vec4 0, 0, 8;
    %assign/vec4 v0x124f172e0_0, 0;
    %jmp T_6.1;
T_6.0 ;
    %load/vec4 v0x124f176e0_0;
    %flag_set/vec4 8;
    %jmp/0xz  T_6.2, 8;
    %load/vec4 v0x124f16b90_0;
    %assign/vec4 v0x124f16c50_0, 0;
T_6.2 ;
    %load/vec4 v0x124f17870_0;
    %flag_set/vec4 8;
    %jmp/0xz  T_6.4, 8;
    %load/vec4 v0x124f16d80_0;
    %assign/vec4 v0x124f16e30_0, 0;
T_6.4 ;
    %pushi/vec4 0, 0, 1;
    %load/vec4 v0x124f16c50_0;
    %concat/vec4; draw_concat_vec4
    %assign/vec4 v0x124f16cf0_0, 0;
    %pushi/vec4 0, 0, 1;
    %load/vec4 v0x124f16e30_0;
    %concat/vec4; draw_concat_vec4
    %assign/vec4 v0x124f16f20_0, 0;
    %load/vec4 v0x124f17430_0;
    %dup/vec4;
    %pushi/vec4 1, 0, 7;
    %cmp/u;
    %jmp/1 T_6.6, 6;
    %dup/vec4;
    %pushi/vec4 2, 0, 7;
    %cmp/u;
    %jmp/1 T_6.7, 6;
    %dup/vec4;
    %pushi/vec4 4, 0, 7;
    %cmp/u;
    %jmp/1 T_6.8, 6;
    %dup/vec4;
    %pushi/vec4 8, 0, 7;
    %cmp/u;
    %jmp/1 T_6.9, 6;
    %dup/vec4;
    %pushi/vec4 16, 0, 7;
    %cmp/u;
    %jmp/1 T_6.10, 6;
    %dup/vec4;
    %pushi/vec4 32, 0, 7;
    %cmp/u;
    %jmp/1 T_6.11, 6;
    %dup/vec4;
    %pushi/vec4 64, 0, 7;
    %cmp/u;
    %jmp/1 T_6.12, 6;
    %pushi/vec4 0, 0, 9;
    %store/vec4 v0x124f174e0_0, 0, 9;
    %pushi/vec4 0, 0, 1;
    %ix/load 4, 0, 0;
    %flag_set/imm 4, 0;
    %store/vec4 v0x124f17230_0, 4, 1;
    %jmp T_6.14;
T_6.6 ;
    %load/vec4 v0x124f16cf0_0;
    %load/vec4 v0x124f16f20_0;
    %add;
    %pushi/vec4 0, 0, 8;
    %load/vec4 v0x124f17120_0;
    %parti/s 1, 0, 2;
    %concat/vec4; draw_concat_vec4
    %add;
    %store/vec4 v0x124f174e0_0, 0, 9;
    %load/vec4 v0x124f174e0_0;
    %parti/s 1, 8, 5;
    %ix/load 4, 0, 0;
    %flag_set/imm 4, 0;
    %store/vec4 v0x124f17230_0, 4, 1;
    %jmp T_6.14;
T_6.7 ;
    %load/vec4 v0x124f16cf0_0;
    %load/vec4 v0x124f16f20_0;
    %sub;
    %pushi/vec4 0, 0, 8;
    %load/vec4 v0x124f17120_0;
    %parti/s 1, 0, 2;
    %concat/vec4; draw_concat_vec4
    %sub;
    %store/vec4 v0x124f174e0_0, 0, 9;
    %load/vec4 v0x124f174e0_0;
    %parti/s 1, 8, 5;
    %ix/load 4, 0, 0;
    %flag_set/imm 4, 0;
    %store/vec4 v0x124f17230_0, 4, 1;
    %jmp T_6.14;
T_6.8 ;
    %load/vec4 v0x124f16cf0_0;
    %load/vec4 v0x124f16f20_0;
    %and;
    %store/vec4 v0x124f174e0_0, 0, 9;
    %pushi/vec4 0, 0, 1;
    %ix/load 4, 0, 0;
    %flag_set/imm 4, 0;
    %store/vec4 v0x124f17230_0, 4, 1;
    %jmp T_6.14;
T_6.9 ;
    %load/vec4 v0x124f16cf0_0;
    %load/vec4 v0x124f16f20_0;
    %or;
    %store/vec4 v0x124f174e0_0, 0, 9;
    %pushi/vec4 0, 0, 1;
    %ix/load 4, 0, 0;
    %flag_set/imm 4, 0;
    %store/vec4 v0x124f17230_0, 4, 1;
    %jmp T_6.14;
T_6.10 ;
    %load/vec4 v0x124f16cf0_0;
    %inv;
    %store/vec4 v0x124f174e0_0, 0, 9;
    %pushi/vec4 0, 0, 1;
    %ix/load 4, 0, 0;
    %flag_set/imm 4, 0;
    %store/vec4 v0x124f17230_0, 4, 1;
    %jmp T_6.14;
T_6.11 ;
    %load/vec4 v0x124f16b90_0;
    %pad/u 9;
    %ix/getv 4, v0x124f16d80_0;
    %shiftl 4;
    %store/vec4 v0x124f174e0_0, 0, 9;
    %pushi/vec4 0, 0, 1;
    %ix/load 4, 0, 0;
    %flag_set/imm 4, 0;
    %store/vec4 v0x124f17230_0, 4, 1;
    %jmp T_6.14;
T_6.12 ;
    %load/vec4 v0x124f16b90_0;
    %pad/u 9;
    %ix/getv 4, v0x124f16d80_0;
    %shiftr 4;
    %store/vec4 v0x124f174e0_0, 0, 9;
    %pushi/vec4 0, 0, 1;
    %ix/load 4, 0, 0;
    %flag_set/imm 4, 0;
    %store/vec4 v0x124f17230_0, 4, 1;
    %jmp T_6.14;
T_6.14 ;
    %pop/vec4 1;
    %load/vec4 v0x124f174e0_0;
    %parti/s 8, 0, 2;
    %pad/u 32;
    %pushi/vec4 0, 0, 32;
    %cmp/e;
    %flag_get/vec4 4;
    %ix/load 4, 1, 0;
    %flag_set/imm 4, 0;
    %store/vec4 v0x124f17230_0, 4, 1;
    %load/vec4 v0x124f174e0_0;
    %parti/s 8, 0, 2;
    %store/vec4 v0x124f17630_0, 0, 8;
    %pushi/vec4 0, 0, 32;
    %load/vec4 v0x124f17630_0;
    %pad/s 32;
    %cmp/s;
    %flag_get/vec4 5;
    %ix/load 4, 2, 0;
    %flag_set/imm 4, 0;
    %store/vec4 v0x124f17230_0, 4, 1;
    %load/vec4 v0x124f17390_0;
    %flag_set/vec4 8;
    %jmp/0xz  T_6.15, 8;
    %load/vec4 v0x124f174e0_0;
    %parti/s 8, 0, 2;
    %assign/vec4 v0x124f17070_0, 0;
    %load/vec4 v0x124f17230_0;
    %assign/vec4 v0x124f172e0_0, 0;
    %jmp T_6.16;
T_6.15 ;
    %pushi/vec4 0, 255, 8;
    %assign/vec4 v0x124f17070_0, 0;
    %pushi/vec4 0, 255, 8;
    %assign/vec4 v0x124f172e0_0, 0;
T_6.16 ;
T_6.1 ;
    %jmp T_6;
    .thread T_6;
# The file index is used to find the file name in the following table.
:file_names 5;
    "N/A";
    "<interactive>";
    "./acu/acu.v";
    "./adu/adu.v";
    "./alu/alu.v";
