#! /opt/homebrew/Cellar/icarus-verilog/11.0/bin/vvp
:ivl_version "11.0 (stable)";
:ivl_delay_selection "TYPICAL";
:vpi_time_precision - 10;
:vpi_module "/opt/homebrew/Cellar/icarus-verilog/11.0/lib/ivl/system.vpi";
:vpi_module "/opt/homebrew/Cellar/icarus-verilog/11.0/lib/ivl/vhdl_sys.vpi";
:vpi_module "/opt/homebrew/Cellar/icarus-verilog/11.0/lib/ivl/vhdl_textio.vpi";
:vpi_module "/opt/homebrew/Cellar/icarus-verilog/11.0/lib/ivl/v2005_math.vpi";
:vpi_module "/opt/homebrew/Cellar/icarus-verilog/11.0/lib/ivl/va_math.vpi";
S_0x153e0c340 .scope module, "ram_tb" "ram_tb" 2 4;
 .timescale -9 -10;
v0x153e26c90_0 .var "a", 15 0;
v0x153e26d40_0 .var "clk", 0 0;
v0x153e26dd0_0 .var "d", 7 0;
v0x153e26e80_0 .net "q", 7 0, v0x153e26950_0;  1 drivers
v0x153e26f30_0 .var "re", 0 0;
v0x153e27000_0 .var "rst", 0 0;
v0x153e270b0_0 .var "we", 0 0;
S_0x153e07fb0 .scope module, "r" "ram" 2 19, 3 1 0, S_0x153e0c340;
 .timescale -9 -10;
    .port_info 0 /INPUT 8 "d";
    .port_info 1 /INPUT 16 "a";
    .port_info 2 /INPUT 1 "re";
    .port_info 3 /INPUT 1 "we";
    .port_info 4 /INPUT 1 "clk";
    .port_info 5 /INPUT 1 "rst";
    .port_info 6 /OUTPUT 8 "q";
P_0x153e0d360 .param/l "SIZE" 1 3 12, +C4<00000000000000001000000000000000>;
v0x153e266d0_0 .net "a", 15 0, v0x153e26c90_0;  1 drivers
v0x153e26790_0 .net "clk", 0 0, v0x153e26d40_0;  1 drivers
v0x153e26830_0 .net "d", 7 0, v0x153e26dd0_0;  1 drivers
v0x153e268c0 .array "m", 32767 0, 7 0;
v0x153e26950_0 .var "q", 7 0;
v0x153e26a00_0 .net "re", 0 0, v0x153e26f30_0;  1 drivers
v0x153e26aa0_0 .net "rst", 0 0, v0x153e27000_0;  1 drivers
v0x153e26b40_0 .net "we", 0 0, v0x153e270b0_0;  1 drivers
E_0x153e16bc0 .event edge, v0x153e26790_0;
S_0x153e08120 .scope begin, "$ivl_for_loop0" "$ivl_for_loop0" 3 18, 3 18 0, S_0x153e07fb0;
 .timescale -9 -10;
v0x153e093d0_0 .var/i "i", 31 0;
    .scope S_0x153e07fb0;
T_0 ;
    %fork t_1, S_0x153e08120;
    %jmp t_0;
    .scope S_0x153e08120;
t_1 ;
    %pushi/vec4 0, 0, 32;
    %store/vec4 v0x153e093d0_0, 0, 32;
T_0.0 ;
    %load/vec4 v0x153e093d0_0;
    %cmpi/s 32768, 0, 32;
    %jmp/0xz T_0.1, 5;
    %pushi/vec4 0, 0, 8;
    %ix/getv/s 4, v0x153e093d0_0;
    %store/vec4a v0x153e268c0, 4, 0;
    ; show_stmt_assign_vector: Get l-value for compressed += operand
    %load/vec4 v0x153e093d0_0;
    %pushi/vec4 1, 0, 32;
    %add;
    %store/vec4 v0x153e093d0_0, 0, 32;
    %jmp T_0.0;
T_0.1 ;
    %end;
    .scope S_0x153e07fb0;
t_0 %join;
    %end;
    .thread T_0;
    .scope S_0x153e07fb0;
T_1 ;
    %wait E_0x153e16bc0;
    %load/vec4 v0x153e26aa0_0;
    %flag_set/vec4 8;
    %jmp/0xz  T_1.0, 8;
    %jmp T_1.1;
T_1.0 ;
    %load/vec4 v0x153e266d0_0;
    %pad/u 32;
    %cmpi/u 32768, 0, 32;
    %jmp/0xz  T_1.2, 5;
    %load/vec4 v0x153e26b40_0;
    %load/vec4 v0x153e26a00_0;
    %and;
    %flag_set/vec4 8;
    %jmp/0xz  T_1.4, 8;
    %load/vec4 v0x153e26830_0;
    %load/vec4 v0x153e266d0_0;
    %pad/u 17;
    %ix/vec4 3;
    %ix/load 4, 0, 0; Constant delay
    %assign/vec4/a/d v0x153e268c0, 0, 4;
    %load/vec4 v0x153e26830_0;
    %assign/vec4 v0x153e26950_0, 0;
    %jmp T_1.5;
T_1.4 ;
    %load/vec4 v0x153e26b40_0;
    %flag_set/vec4 8;
    %jmp/0xz  T_1.6, 8;
    %load/vec4 v0x153e26830_0;
    %load/vec4 v0x153e266d0_0;
    %pad/u 17;
    %ix/vec4 3;
    %ix/load 4, 0, 0; Constant delay
    %assign/vec4/a/d v0x153e268c0, 0, 4;
    %jmp T_1.7;
T_1.6 ;
    %load/vec4 v0x153e26a00_0;
    %flag_set/vec4 8;
    %jmp/0xz  T_1.8, 8;
    %load/vec4 v0x153e266d0_0;
    %pad/u 17;
    %ix/vec4 4;
    %load/vec4a v0x153e268c0, 4;
    %assign/vec4 v0x153e26950_0, 0;
    %jmp T_1.9;
T_1.8 ;
    %pushi/vec4 0, 255, 8;
    %assign/vec4 v0x153e26950_0, 0;
T_1.9 ;
T_1.7 ;
T_1.5 ;
    %jmp T_1.3;
T_1.2 ;
    %pushi/vec4 0, 255, 8;
    %assign/vec4 v0x153e26950_0, 0;
T_1.3 ;
T_1.1 ;
    %jmp T_1;
    .thread T_1, $push;
    .scope S_0x153e0c340;
T_2 ;
    %pushi/vec4 0, 0, 1;
    %store/vec4 v0x153e26d40_0, 0, 1;
    %pushi/vec4 0, 0, 1;
    %store/vec4 v0x153e27000_0, 0, 1;
    %pushi/vec4 0, 0, 1;
    %store/vec4 v0x153e26f30_0, 0, 1;
    %pushi/vec4 0, 0, 1;
    %store/vec4 v0x153e270b0_0, 0, 1;
    %pushi/vec4 0, 0, 8;
    %store/vec4 v0x153e26dd0_0, 0, 8;
    %pushi/vec4 0, 0, 16;
    %store/vec4 v0x153e26c90_0, 0, 16;
    %end;
    .thread T_2;
    .scope S_0x153e0c340;
T_3 ;
    %delay 10, 0;
    %load/vec4 v0x153e26d40_0;
    %nor/r;
    %store/vec4 v0x153e26d40_0, 0, 1;
    %jmp T_3;
    .thread T_3;
    .scope S_0x153e0c340;
T_4 ;
    %vpi_call 2 16 "$dumpfile", "ram_tb.vcd" {0 0 0};
    %end;
    .thread T_4;
    .scope S_0x153e0c340;
T_5 ;
    %vpi_call 2 17 "$dumpvars", 32'sb00000000000000000000000000000000, S_0x153e0c340 {0 0 0};
    %end;
    .thread T_5;
    .scope S_0x153e0c340;
T_6 ;
    %delay 50, 0;
    %pushi/vec4 10, 0, 16;
    %store/vec4 v0x153e26c90_0, 0, 16;
    %pushi/vec4 1, 0, 1;
    %store/vec4 v0x153e26f30_0, 0, 1;
    %delay 50, 0;
    %pushi/vec4 40000, 0, 16;
    %store/vec4 v0x153e26c90_0, 0, 16;
    %delay 50, 0;
    %pushi/vec4 1, 0, 16;
    %store/vec4 v0x153e26c90_0, 0, 16;
    %pushi/vec4 1, 0, 1;
    %store/vec4 v0x153e270b0_0, 0, 1;
    %pushi/vec4 100, 0, 8;
    %store/vec4 v0x153e26dd0_0, 0, 8;
    %delay 50, 0;
    %pushi/vec4 2, 0, 16;
    %store/vec4 v0x153e26c90_0, 0, 16;
    %pushi/vec4 1, 0, 1;
    %store/vec4 v0x153e270b0_0, 0, 1;
    %pushi/vec4 30, 0, 8;
    %store/vec4 v0x153e26dd0_0, 0, 8;
    %delay 50, 0;
    %pushi/vec4 3, 0, 16;
    %store/vec4 v0x153e26c90_0, 0, 16;
    %pushi/vec4 0, 0, 1;
    %store/vec4 v0x153e270b0_0, 0, 1;
    %pushi/vec4 40, 0, 8;
    %store/vec4 v0x153e26dd0_0, 0, 8;
    %delay 50, 0;
    %pushi/vec4 1, 0, 16;
    %store/vec4 v0x153e26c90_0, 0, 16;
    %delay 50, 0;
    %pushi/vec4 3, 0, 16;
    %store/vec4 v0x153e26c90_0, 0, 16;
    %delay 10, 0;
    %delay 50, 0;
    %pushi/vec4 1, 0, 16;
    %store/vec4 v0x153e26c90_0, 0, 16;
    %delay 50, 0;
    %pushi/vec4 0, 0, 1;
    %store/vec4 v0x153e26f30_0, 0, 1;
    %pushi/vec4 2, 0, 16;
    %store/vec4 v0x153e26c90_0, 0, 16;
    %delay 50, 0;
    %pushi/vec4 1, 0, 1;
    %store/vec4 v0x153e26f30_0, 0, 1;
    %delay 50, 0;
    %pushi/vec4 1, 0, 1;
    %store/vec4 v0x153e27000_0, 0, 1;
    %delay 50, 0;
    %vpi_call 2 44 "$finish" {0 0 0};
    %end;
    .thread T_6;
# The file index is used to find the file name in the following table.
:file_names 4;
    "N/A";
    "<interactive>";
    "ram_tb.v";
    "./ram.v";
