#! /opt/homebrew/Cellar/icarus-verilog/11.0/bin/vvp
:ivl_version "11.0 (stable)";
:ivl_delay_selection "TYPICAL";
:vpi_time_precision + 0;
:vpi_module "/opt/homebrew/Cellar/icarus-verilog/11.0/lib/ivl/system.vpi";
:vpi_module "/opt/homebrew/Cellar/icarus-verilog/11.0/lib/ivl/vhdl_sys.vpi";
:vpi_module "/opt/homebrew/Cellar/icarus-verilog/11.0/lib/ivl/vhdl_textio.vpi";
:vpi_module "/opt/homebrew/Cellar/icarus-verilog/11.0/lib/ivl/v2005_math.vpi";
:vpi_module "/opt/homebrew/Cellar/icarus-verilog/11.0/lib/ivl/va_math.vpi";
S_0x14af196a0 .scope module, "register" "register" 2 1;
 .timescale 0 0;
    .port_info 0 /INPUT 8 "d";
    .port_info 1 /INPUT 1 "clk";
    .port_info 2 /INPUT 1 "en";
    .port_info 3 /OUTPUT 8 "q";
o0x150040010 .functor BUFZ 1, C4<z>; HiZ drive
v0x14af1bd00_0 .net "clk", 0 0, o0x150040010;  0 drivers
o0x150040040 .functor BUFZ 8, C4<zzzzzzzz>; HiZ drive
v0x14af2ab10_0 .net "d", 7 0, o0x150040040;  0 drivers
o0x150040070 .functor BUFZ 1, C4<z>; HiZ drive
v0x14af2abb0_0 .net "en", 0 0, o0x150040070;  0 drivers
v0x14af2ac60_0 .var "q", 7 0;
E_0x14af1b8f0 .event posedge, v0x14af1bd00_0;
S_0x14af18c00 .scope module, "rf" "rf" 3 3;
 .timescale 0 0;
    .port_info 0 /INPUT 8 "d";
    .port_info 1 /INPUT 1 "as";
    .port_info 2 /INPUT 1 "bs";
    .port_info 3 /INPUT 1 "cs";
    .port_info 4 /INPUT 1 "ds";
    .port_info 5 /INPUT 1 "fs";
    .port_info 6 /INPUT 1 "re";
    .port_info 7 /INPUT 1 "we";
    .port_info 8 /INPUT 1 "clk";
    .port_info 9 /INPUT 1 "rst";
    .port_info 10 /OUTPUT 8 "p";
    .port_info 11 /OUTPUT 8 "fo";
    .port_info 12 /OUTPUT 8 "fod";
o0x1500408e0 .functor BUFZ 1, C4<z>; HiZ drive
o0x150040b50 .functor BUFZ 1, C4<z>; HiZ drive
L_0x14af0a6a0 .functor AND 1, o0x1500408e0, o0x150040b50, C4<1>, C4<1>;
o0x150040b20 .functor BUFZ 1, C4<z>; HiZ drive
L_0x14af2e2e0 .functor AND 1, o0x1500408e0, o0x150040b20, C4<1>, C4<1>;
o0x150040940 .functor BUFZ 1, C4<z>; HiZ drive
L_0x14af2e3d0 .functor AND 1, o0x150040940, o0x150040b50, C4<1>, C4<1>;
L_0x14af2e4c0 .functor AND 1, o0x150040940, o0x150040b20, C4<1>, C4<1>;
o0x1500409a0 .functor BUFZ 1, C4<z>; HiZ drive
L_0x14af2e5f0 .functor AND 1, o0x1500409a0, o0x150040b50, C4<1>, C4<1>;
L_0x14af2e6d0 .functor AND 1, o0x1500409a0, o0x150040b20, C4<1>, C4<1>;
o0x150040a00 .functor BUFZ 1, C4<z>; HiZ drive
L_0x14af2e780 .functor AND 1, o0x150040a00, o0x150040b50, C4<1>, C4<1>;
L_0x14af2e8b0 .functor AND 1, o0x150040a00, o0x150040b20, C4<1>, C4<1>;
o0x150040ac0 .functor BUFZ 1, C4<z>; HiZ drive
L_0x14af2ea20 .functor AND 1, o0x150040ac0, o0x150040b50, C4<1>, C4<1>;
L_0x14af2eae0 .functor AND 1, o0x150040ac0, o0x150040b20, C4<1>, C4<1>;
v0x14af2ceb0_0 .net "ar", 0 0, L_0x14af2e2e0;  1 drivers
v0x14af2cf40_0 .net "as", 0 0, o0x1500408e0;  0 drivers
v0x14af2cfd0_0 .net "at", 7 0, v0x14af2b2d0_0;  1 drivers
v0x14af2d080_0 .net "aw", 0 0, L_0x14af0a6a0;  1 drivers
v0x14af2d130_0 .net "br", 0 0, L_0x14af2e4c0;  1 drivers
v0x14af2d200_0 .net "bs", 0 0, o0x150040940;  0 drivers
v0x14af2d290_0 .net "bt", 7 0, v0x14af2b920_0;  1 drivers
v0x14af2d320_0 .net "bw", 0 0, L_0x14af2e3d0;  1 drivers
o0x150040190 .functor BUFZ 1, C4<z>; HiZ drive
v0x14af2d3d0_0 .net "clk", 0 0, o0x150040190;  0 drivers
v0x14af2d4e0_0 .net "cr", 0 0, L_0x14af2e6d0;  1 drivers
v0x14af2d570_0 .net "cs", 0 0, o0x1500409a0;  0 drivers
v0x14af2d600_0 .net "ct", 7 0, v0x14af2bf90_0;  1 drivers
v0x14af2d6b0_0 .net "cw", 0 0, L_0x14af2e5f0;  1 drivers
o0x1500401c0 .functor BUFZ 8, C4<zzzzzzzz>; HiZ drive
v0x14af2d740_0 .net "d", 7 0, o0x1500401c0;  0 drivers
v0x14af2d7d0_0 .net "dr", 0 0, L_0x14af2e8b0;  1 drivers
v0x14af2d860_0 .net "ds", 0 0, o0x150040a00;  0 drivers
v0x14af2d8f0_0 .net "dt", 7 0, v0x14af2c5a0_0;  1 drivers
v0x14af2daa0_0 .net "dw", 0 0, L_0x14af2e780;  1 drivers
v0x14af2db30_0 .var "fo", 7 0;
v0x14af2dbc0_0 .var "fod", 7 0;
v0x14af2dc50_0 .net "fr", 0 0, L_0x14af2eae0;  1 drivers
v0x14af2dce0_0 .net "fs", 0 0, o0x150040ac0;  0 drivers
v0x14af2dd70_0 .net "ft", 7 0, v0x14af2ccd0_0;  1 drivers
v0x14af2de20_0 .net "fw", 0 0, L_0x14af2ea20;  1 drivers
v0x14af2ded0_0 .var "p", 7 0;
v0x14af2df60_0 .net "re", 0 0, o0x150040b20;  0 drivers
o0x150040250 .functor BUFZ 1, C4<z>; HiZ drive
v0x14af2dff0_0 .net "rst", 0 0, o0x150040250;  0 drivers
v0x14af2e080_0 .net "we", 0 0, o0x150040b50;  0 drivers
E_0x14af2ad60/0 .event edge, v0x14af2ccd0_0, v0x14af2dc50_0, v0x14af2df60_0, v0x14af2cf40_0;
E_0x14af2ad60/1 .event edge, v0x14af2b2d0_0, v0x14af2d200_0, v0x14af2b920_0, v0x14af2d570_0;
E_0x14af2ad60/2 .event edge, v0x14af2bf90_0, v0x14af2d860_0, v0x14af2c5a0_0;
E_0x14af2ad60 .event/or E_0x14af2ad60/0, E_0x14af2ad60/1, E_0x14af2ad60/2;
S_0x14af2ae00 .scope module, "r0" "register_rst" 3 19, 2 9 0, S_0x14af18c00;
 .timescale 0 0;
    .port_info 0 /INPUT 8 "d";
    .port_info 1 /INPUT 1 "clk";
    .port_info 2 /INPUT 1 "rst";
    .port_info 3 /INPUT 1 "en";
    .port_info 4 /OUTPUT 8 "q";
v0x14af2b0d0_0 .net "clk", 0 0, o0x150040190;  alias, 0 drivers
v0x14af2b180_0 .net "d", 7 0, o0x1500401c0;  alias, 0 drivers
v0x14af2b220_0 .net "en", 0 0, L_0x14af0a6a0;  alias, 1 drivers
v0x14af2b2d0_0 .var "q", 7 0;
v0x14af2b370_0 .net "rst", 0 0, o0x150040250;  alias, 0 drivers
E_0x14af2b080 .event posedge, v0x14af2b0d0_0;
S_0x14af2b4d0 .scope module, "r1" "register_rst" 3 31, 2 9 0, S_0x14af18c00;
 .timescale 0 0;
    .port_info 0 /INPUT 8 "d";
    .port_info 1 /INPUT 1 "clk";
    .port_info 2 /INPUT 1 "rst";
    .port_info 3 /INPUT 1 "en";
    .port_info 4 /OUTPUT 8 "q";
v0x14af2b710_0 .net "clk", 0 0, o0x150040190;  alias, 0 drivers
v0x14af2b7c0_0 .net "d", 7 0, o0x1500401c0;  alias, 0 drivers
v0x14af2b870_0 .net "en", 0 0, L_0x14af2e3d0;  alias, 1 drivers
v0x14af2b920_0 .var "q", 7 0;
v0x14af2b9b0_0 .net "rst", 0 0, o0x150040250;  alias, 0 drivers
S_0x14af2baf0 .scope module, "r2" "register_rst" 3 43, 2 9 0, S_0x14af18c00;
 .timescale 0 0;
    .port_info 0 /INPUT 8 "d";
    .port_info 1 /INPUT 1 "clk";
    .port_info 2 /INPUT 1 "rst";
    .port_info 3 /INPUT 1 "en";
    .port_info 4 /OUTPUT 8 "q";
v0x14af2bd50_0 .net "clk", 0 0, o0x150040190;  alias, 0 drivers
v0x14af2be20_0 .net "d", 7 0, o0x1500401c0;  alias, 0 drivers
v0x14af2bf00_0 .net "en", 0 0, L_0x14af2e5f0;  alias, 1 drivers
v0x14af2bf90_0 .var "q", 7 0;
v0x14af2c020_0 .net "rst", 0 0, o0x150040250;  alias, 0 drivers
S_0x14af2c190 .scope module, "r3" "register_rst" 3 55, 2 9 0, S_0x14af18c00;
 .timescale 0 0;
    .port_info 0 /INPUT 8 "d";
    .port_info 1 /INPUT 1 "clk";
    .port_info 2 /INPUT 1 "rst";
    .port_info 3 /INPUT 1 "en";
    .port_info 4 /OUTPUT 8 "q";
v0x14af2c3d0_0 .net "clk", 0 0, o0x150040190;  alias, 0 drivers
v0x14af2c460_0 .net "d", 7 0, o0x1500401c0;  alias, 0 drivers
v0x14af2c4f0_0 .net "en", 0 0, L_0x14af2e780;  alias, 1 drivers
v0x14af2c5a0_0 .var "q", 7 0;
v0x14af2c650_0 .net "rst", 0 0, o0x150040250;  alias, 0 drivers
S_0x14af2c7a0 .scope module, "rf" "register_rst" 3 67, 2 9 0, S_0x14af18c00;
 .timescale 0 0;
    .port_info 0 /INPUT 8 "d";
    .port_info 1 /INPUT 1 "clk";
    .port_info 2 /INPUT 1 "rst";
    .port_info 3 /INPUT 1 "en";
    .port_info 4 /OUTPUT 8 "q";
v0x14af2ca20_0 .net "clk", 0 0, o0x150040190;  alias, 0 drivers
v0x14af2cb30_0 .net "d", 7 0, o0x1500401c0;  alias, 0 drivers
v0x14af2cc40_0 .net "en", 0 0, L_0x14af2ea20;  alias, 1 drivers
v0x14af2ccd0_0 .var "q", 7 0;
v0x14af2cd60_0 .net "rst", 0 0, o0x150040250;  alias, 0 drivers
    .scope S_0x14af196a0;
T_0 ;
    %wait E_0x14af1b8f0;
    %load/vec4 v0x14af2abb0_0;
    %flag_set/vec4 8;
    %jmp/0xz  T_0.0, 8;
    %load/vec4 v0x14af2ab10_0;
    %assign/vec4 v0x14af2ac60_0, 0;
T_0.0 ;
    %jmp T_0;
    .thread T_0;
    .scope S_0x14af2ae00;
T_1 ;
    %wait E_0x14af2b080;
    %load/vec4 v0x14af2b220_0;
    %load/vec4 v0x14af2b370_0;
    %nor/r;
    %and;
    %flag_set/vec4 8;
    %jmp/0xz  T_1.0, 8;
    %load/vec4 v0x14af2b180_0;
    %assign/vec4 v0x14af2b2d0_0, 0;
    %jmp T_1.1;
T_1.0 ;
    %load/vec4 v0x14af2b370_0;
    %flag_set/vec4 8;
    %jmp/0xz  T_1.2, 8;
    %pushi/vec4 0, 0, 8;
    %assign/vec4 v0x14af2b2d0_0, 0;
T_1.2 ;
T_1.1 ;
    %jmp T_1;
    .thread T_1;
    .scope S_0x14af2b4d0;
T_2 ;
    %wait E_0x14af2b080;
    %load/vec4 v0x14af2b870_0;
    %load/vec4 v0x14af2b9b0_0;
    %nor/r;
    %and;
    %flag_set/vec4 8;
    %jmp/0xz  T_2.0, 8;
    %load/vec4 v0x14af2b7c0_0;
    %assign/vec4 v0x14af2b920_0, 0;
    %jmp T_2.1;
T_2.0 ;
    %load/vec4 v0x14af2b9b0_0;
    %flag_set/vec4 8;
    %jmp/0xz  T_2.2, 8;
    %pushi/vec4 0, 0, 8;
    %assign/vec4 v0x14af2b920_0, 0;
T_2.2 ;
T_2.1 ;
    %jmp T_2;
    .thread T_2;
    .scope S_0x14af2baf0;
T_3 ;
    %wait E_0x14af2b080;
    %load/vec4 v0x14af2bf00_0;
    %load/vec4 v0x14af2c020_0;
    %nor/r;
    %and;
    %flag_set/vec4 8;
    %jmp/0xz  T_3.0, 8;
    %load/vec4 v0x14af2be20_0;
    %assign/vec4 v0x14af2bf90_0, 0;
    %jmp T_3.1;
T_3.0 ;
    %load/vec4 v0x14af2c020_0;
    %flag_set/vec4 8;
    %jmp/0xz  T_3.2, 8;
    %pushi/vec4 0, 0, 8;
    %assign/vec4 v0x14af2bf90_0, 0;
T_3.2 ;
T_3.1 ;
    %jmp T_3;
    .thread T_3;
    .scope S_0x14af2c190;
T_4 ;
    %wait E_0x14af2b080;
    %load/vec4 v0x14af2c4f0_0;
    %load/vec4 v0x14af2c650_0;
    %nor/r;
    %and;
    %flag_set/vec4 8;
    %jmp/0xz  T_4.0, 8;
    %load/vec4 v0x14af2c460_0;
    %assign/vec4 v0x14af2c5a0_0, 0;
    %jmp T_4.1;
T_4.0 ;
    %load/vec4 v0x14af2c650_0;
    %flag_set/vec4 8;
    %jmp/0xz  T_4.2, 8;
    %pushi/vec4 0, 0, 8;
    %assign/vec4 v0x14af2c5a0_0, 0;
T_4.2 ;
T_4.1 ;
    %jmp T_4;
    .thread T_4;
    .scope S_0x14af2c7a0;
T_5 ;
    %wait E_0x14af2b080;
    %load/vec4 v0x14af2cc40_0;
    %load/vec4 v0x14af2cd60_0;
    %nor/r;
    %and;
    %flag_set/vec4 8;
    %jmp/0xz  T_5.0, 8;
    %load/vec4 v0x14af2cb30_0;
    %assign/vec4 v0x14af2ccd0_0, 0;
    %jmp T_5.1;
T_5.0 ;
    %load/vec4 v0x14af2cd60_0;
    %flag_set/vec4 8;
    %jmp/0xz  T_5.2, 8;
    %pushi/vec4 0, 0, 8;
    %assign/vec4 v0x14af2ccd0_0, 0;
T_5.2 ;
T_5.1 ;
    %jmp T_5;
    .thread T_5;
    .scope S_0x14af18c00;
T_6 ;
    %wait E_0x14af2ad60;
    %load/vec4 v0x14af2dd70_0;
    %assign/vec4 v0x14af2dbc0_0, 0;
    %load/vec4 v0x14af2dc50_0;
    %nor/r;
    %flag_set/vec4 8;
    %jmp/0xz  T_6.0, 8;
    %load/vec4 v0x14af2df60_0;
    %flag_set/vec4 8;
    %jmp/0 T_6.2, 8;
    %load/vec4 v0x14af2cf40_0;
    %replicate 8;
    %load/vec4 v0x14af2cfd0_0;
    %and;
    %load/vec4 v0x14af2d200_0;
    %replicate 8;
    %load/vec4 v0x14af2d290_0;
    %and;
    %or;
    %load/vec4 v0x14af2d570_0;
    %replicate 8;
    %load/vec4 v0x14af2d600_0;
    %and;
    %or;
    %load/vec4 v0x14af2d860_0;
    %replicate 8;
    %load/vec4 v0x14af2d8f0_0;
    %and;
    %or;
    %jmp/1 T_6.3, 8;
T_6.2 ; End of true expr.
    %pushi/vec4 0, 255, 8;
    %jmp/0 T_6.3, 8;
 ; End of false expr.
    %blend;
T_6.3;
    %assign/vec4 v0x14af2ded0_0, 0;
T_6.0 ;
    %load/vec4 v0x14af2dd70_0;
    %load/vec4 v0x14af2dc50_0;
    %replicate 8;
    %and;
    %store/vec4 v0x14af2db30_0, 0, 8;
    %jmp T_6;
    .thread T_6, $push;
# The file index is used to find the file name in the following table.
:file_names 4;
    "N/A";
    "<interactive>";
    "./../util/register.v";
    "rf.v";
