#! /opt/homebrew/Cellar/icarus-verilog/11.0/bin/vvp
:ivl_version "11.0 (stable)";
:ivl_delay_selection "TYPICAL";
:vpi_time_precision - 10;
:vpi_module "/opt/homebrew/Cellar/icarus-verilog/11.0/lib/ivl/system.vpi";
:vpi_module "/opt/homebrew/Cellar/icarus-verilog/11.0/lib/ivl/vhdl_sys.vpi";
:vpi_module "/opt/homebrew/Cellar/icarus-verilog/11.0/lib/ivl/vhdl_textio.vpi";
:vpi_module "/opt/homebrew/Cellar/icarus-verilog/11.0/lib/ivl/v2005_math.vpi";
:vpi_module "/opt/homebrew/Cellar/icarus-verilog/11.0/lib/ivl/va_math.vpi";
S_0x13cf0c460 .scope module, "db_tb" "db_tb" 2 4;
 .timescale -9 -10;
v0x13cf2afa0_0 .net "acu", 2 0, v0x13cf2a180_0;  1 drivers
v0x13cf2b070_0 .net "adu", 2 0, v0x13cf2a340_0;  1 drivers
v0x13cf2b100_0 .net "alu", 9 0, v0x13cf2a3e0_0;  1 drivers
v0x13cf2b190_0 .var "clk", 0 0;
v0x13cf2b220_0 .var "d1", 7 0;
v0x13cf2b2f0_0 .var "d2", 7 0;
v0x13cf2b3a0_0 .var "d3", 7 0;
v0x13cf2b450_0 .var "insn", 7 0;
v0x13cf2b500_0 .net "ir_we", 0 0, v0x13cf2a7f0_0;  1 drivers
v0x13cf2b630_0 .var "is", 2 0;
v0x13cf2b6c0_0 .net "len", 1 0, v0x13cf2aa10_0;  1 drivers
v0x13cf2b750_0 .net "lsu", 4 0, v0x13cf2aab0_0;  1 drivers
v0x13cf2b800_0 .net "pc", 3 0, v0x13cf2ab60_0;  1 drivers
v0x13cf2b8b0_0 .net "rf", 6 0, v0x13cf2ac10_0;  1 drivers
v0x13cf2b960_0 .var "rst", 0 0;
S_0x13cf0c5d0 .scope module, "d" "db" 2 24, 3 4 0, S_0x13cf0c460;
 .timescale -9 -10;
    .port_info 0 /INPUT 8 "insn";
    .port_info 1 /INPUT 8 "d1";
    .port_info 2 /INPUT 8 "d2";
    .port_info 3 /INPUT 8 "d3";
    .port_info 4 /INPUT 3 "is";
    .port_info 5 /INPUT 1 "clk";
    .port_info 6 /INPUT 1 "rst";
    .port_info 7 /OUTPUT 7 "rf";
    .port_info 8 /OUTPUT 5 "lsu";
    .port_info 9 /OUTPUT 10 "alu";
    .port_info 10 /OUTPUT 1 "ir_we";
    .port_info 11 /OUTPUT 4 "pc";
    .port_info 12 /OUTPUT 3 "acu";
    .port_info 13 /OUTPUT 3 "adu";
    .port_info 14 /OUTPUT 2 "len";
P_0x13cf056f0 .param/l "UCODE_ENTRIES" 1 3 81, +C4<00000000000000000000000100000000>;
P_0x13cf05730 .param/l "UCODE_LENGTH" 1 3 83, +C4<0000000000000000000000000000000000000000000000000000100000000000>;
P_0x13cf05770 .param/l "UCODE_STEPS" 1 3 82, +C4<00000000000000000000000000001000>;
P_0x13cf057b0 .param/l "UCODE_WIDTH" 1 3 80, +C4<00000000000000000000000000110000>;
P_0x13cf057f0 .param/l "WRITE_FILE" 1 3 85, +C4<00000000000000000000000000000001>;
v0x13cf29c50_0 .net *"_ivl_0", 31 0, L_0x13cf2ba10;  1 drivers
L_0x1400780a0 .functor BUFT 1, C4<00000000000000000000000000000>, C4<0>, C4<0>, C4<0>;
v0x13cf29d10_0 .net *"_ivl_11", 28 0, L_0x1400780a0;  1 drivers
v0x13cf29dc0_0 .net *"_ivl_12", 31 0, L_0x13cf2be20;  1 drivers
L_0x140078010 .functor BUFT 1, C4<000000000000000000000000>, C4<0>, C4<0>, C4<0>;
v0x13cf29e80_0 .net *"_ivl_3", 23 0, L_0x140078010;  1 drivers
L_0x140078058 .functor BUFT 1, C4<00000000000000000000000000001000>, C4<0>, C4<0>, C4<0>;
v0x13cf29f30_0 .net/2u *"_ivl_4", 31 0, L_0x140078058;  1 drivers
v0x13cf2a020_0 .net *"_ivl_7", 31 0, L_0x13cf2bbc0;  1 drivers
v0x13cf2a0d0_0 .net *"_ivl_8", 31 0, L_0x13cf2bce0;  1 drivers
v0x13cf2a180_0 .var "acu", 2 0;
v0x13cf2a230_0 .net "addr", 0 0, L_0x13cf2bf80;  1 drivers
v0x13cf2a340_0 .var "adu", 2 0;
v0x13cf2a3e0_0 .var "alu", 9 0;
v0x13cf2a490_0 .net "clk", 0 0, v0x13cf2b190_0;  1 drivers
v0x13cf2a530_0 .net "d1", 7 0, v0x13cf2b220_0;  1 drivers
v0x13cf2a5e0_0 .net "d2", 7 0, v0x13cf2b2f0_0;  1 drivers
v0x13cf2a690_0 .net "d3", 7 0, v0x13cf2b3a0_0;  1 drivers
v0x13cf2a740_0 .net "insn", 7 0, v0x13cf2b450_0;  1 drivers
v0x13cf2a7f0_0 .var "ir_we", 0 0;
v0x13cf2a980_0 .net "is", 2 0, v0x13cf2b630_0;  1 drivers
v0x13cf2aa10_0 .var "len", 1 0;
v0x13cf2aab0_0 .var "lsu", 4 0;
v0x13cf2ab60_0 .var "pc", 3 0;
v0x13cf2ac10_0 .var "rf", 6 0;
v0x13cf2acc0_0 .net "rst", 0 0, v0x13cf2b960_0;  1 drivers
v0x13cf2ad60_0 .var "tmp", 47 0;
v0x13cf2ae10 .array "ucode", 2047 0, 47 0;
E_0x13cf170a0 .event negedge, v0x13cf2a490_0;
L_0x13cf2ba10 .concat [ 8 24 0 0], v0x13cf2b450_0, L_0x140078010;
L_0x13cf2bbc0 .arith/mult 32, L_0x13cf2ba10, L_0x140078058;
L_0x13cf2bce0 .concat [ 3 29 0 0], v0x13cf2b630_0, L_0x1400780a0;
L_0x13cf2be20 .arith/sum 32, L_0x13cf2bbc0, L_0x13cf2bce0;
L_0x13cf2bf80 .part L_0x13cf2be20, 0, 1;
S_0x13cf1a8f0 .scope begin, "$ivl_for_loop0" "$ivl_for_loop0" 3 97, 3 97 0, S_0x13cf0c5d0;
 .timescale -9 -10;
v0x13cf08670_0 .var/i "i", 31 0;
    .scope S_0x13cf0c5d0;
T_0 ;
    %vpi_call 3 94 "$readmemh", "/Users/connor/desktop/cpu-design/ucode.bin", v0x13cf2ae10 {0 0 0};
    %fork t_1, S_0x13cf1a8f0;
    %jmp t_0;
    .scope S_0x13cf1a8f0;
t_1 ;
    %pushi/vec4 0, 0, 32;
    %store/vec4 v0x13cf08670_0, 0, 32;
T_0.0 ;
    %load/vec4 v0x13cf08670_0;
    %cmpi/s 256, 0, 32;
    %jmp/0xz T_0.1, 5;
    %vpi_call 3 98 "$display", "%d: %h", v0x13cf08670_0, &A<v0x13cf2ae10, v0x13cf08670_0 > {0 0 0};
    ; show_stmt_assign_vector: Get l-value for compressed += operand
    %load/vec4 v0x13cf08670_0;
    %pushi/vec4 1, 0, 32;
    %add;
    %store/vec4 v0x13cf08670_0, 0, 32;
    %jmp T_0.0;
T_0.1 ;
    %end;
    .scope S_0x13cf0c5d0;
t_0 %join;
    %end;
    .thread T_0;
    .scope S_0x13cf0c5d0;
T_1 ;
    %wait E_0x13cf170a0;
    %load/vec4 v0x13cf2acc0_0;
    %flag_set/vec4 8;
    %jmp/0xz  T_1.0, 8;
    %pushi/vec4 0, 0, 48;
    %store/vec4 v0x13cf2ad60_0, 0, 48;
    %jmp T_1.1;
T_1.0 ;
    %load/vec4 v0x13cf2a230_0;
    %pad/u 13;
    %ix/vec4 4;
    %load/vec4a v0x13cf2ae10, 4;
    %store/vec4 v0x13cf2ad60_0, 0, 48;
    %load/vec4 v0x13cf2ad60_0;
    %parti/s 7, 0, 2;
    %assign/vec4 v0x13cf2ac10_0, 0;
    %load/vec4 v0x13cf2ad60_0;
    %parti/s 5, 7, 4;
    %assign/vec4 v0x13cf2aab0_0, 0;
    %load/vec4 v0x13cf2ad60_0;
    %parti/s 10, 12, 5;
    %assign/vec4 v0x13cf2a3e0_0, 0;
    %load/vec4 v0x13cf2ad60_0;
    %parti/s 1, 22, 6;
    %assign/vec4 v0x13cf2a7f0_0, 0;
    %load/vec4 v0x13cf2ad60_0;
    %parti/s 4, 23, 6;
    %assign/vec4 v0x13cf2ab60_0, 0;
    %load/vec4 v0x13cf2ad60_0;
    %parti/s 3, 27, 6;
    %assign/vec4 v0x13cf2a180_0, 0;
    %load/vec4 v0x13cf2ad60_0;
    %parti/s 3, 30, 6;
    %assign/vec4 v0x13cf2a340_0, 0;
    %load/vec4 v0x13cf2ad60_0;
    %parti/s 2, 46, 7;
    %assign/vec4 v0x13cf2aa10_0, 0;
T_1.1 ;
    %jmp T_1;
    .thread T_1;
    .scope S_0x13cf0c460;
T_2 ;
    %pushi/vec4 0, 0, 8;
    %store/vec4 v0x13cf2b450_0, 0, 8;
    %pushi/vec4 0, 0, 8;
    %store/vec4 v0x13cf2b220_0, 0, 8;
    %pushi/vec4 0, 0, 8;
    %store/vec4 v0x13cf2b2f0_0, 0, 8;
    %pushi/vec4 0, 0, 8;
    %store/vec4 v0x13cf2b3a0_0, 0, 8;
    %pushi/vec4 0, 0, 3;
    %store/vec4 v0x13cf2b630_0, 0, 3;
    %pushi/vec4 0, 0, 1;
    %store/vec4 v0x13cf2b190_0, 0, 1;
    %pushi/vec4 0, 0, 1;
    %store/vec4 v0x13cf2b960_0, 0, 1;
    %end;
    .thread T_2;
    .scope S_0x13cf0c460;
T_3 ;
    %delay 10, 0;
    %load/vec4 v0x13cf2b190_0;
    %nor/r;
    %store/vec4 v0x13cf2b190_0, 0, 1;
    %jmp T_3;
    .thread T_3;
    .scope S_0x13cf0c460;
T_4 ;
    %vpi_call 2 21 "$dumpfile", "db_tb.vcd" {0 0 0};
    %end;
    .thread T_4;
    .scope S_0x13cf0c460;
T_5 ;
    %vpi_call 2 22 "$dumpvars", 32'sb00000000000000000000000000000000, S_0x13cf0c460 {0 0 0};
    %end;
    .thread T_5;
    .scope S_0x13cf0c460;
T_6 ;
    %delay 50, 0;
    %delay 50, 0;
    %pushi/vec4 13, 0, 8;
    %store/vec4 v0x13cf2b450_0, 0, 8;
    %pushi/vec4 100, 0, 8;
    %store/vec4 v0x13cf2b220_0, 0, 8;
    %pushi/vec4 50, 0, 8;
    %store/vec4 v0x13cf2b2f0_0, 0, 8;
    %pushi/vec4 64, 0, 8;
    %store/vec4 v0x13cf2b3a0_0, 0, 8;
    %delay 10, 0;
    %delay 50, 0;
    %pushi/vec4 24, 0, 8;
    %store/vec4 v0x13cf2b450_0, 0, 8;
    %delay 50, 0;
    %vpi_call 2 49 "$finish" {0 0 0};
    %end;
    .thread T_6;
# The file index is used to find the file name in the following table.
:file_names 4;
    "N/A";
    "<interactive>";
    "db_tb.v";
    "./db.v";
