#! /opt/homebrew/Cellar/icarus-verilog/11.0/bin/vvp
:ivl_version "11.0 (stable)";
:ivl_delay_selection "TYPICAL";
:vpi_time_precision - 10;
:vpi_module "/opt/homebrew/Cellar/icarus-verilog/11.0/lib/ivl/system.vpi";
:vpi_module "/opt/homebrew/Cellar/icarus-verilog/11.0/lib/ivl/vhdl_sys.vpi";
:vpi_module "/opt/homebrew/Cellar/icarus-verilog/11.0/lib/ivl/vhdl_textio.vpi";
:vpi_module "/opt/homebrew/Cellar/icarus-verilog/11.0/lib/ivl/v2005_math.vpi";
:vpi_module "/opt/homebrew/Cellar/icarus-verilog/11.0/lib/ivl/va_math.vpi";
S_0x13f60ac40 .scope module, "reg_std" "reg_std" 2 1;
 .timescale -9 -10;
    .port_info 0 /INPUT 8 "d";
    .port_info 1 /INPUT 1 "en";
    .port_info 2 /INPUT 1 "clk";
    .port_info 3 /OUTPUT 8 "q";
o0x140040010 .functor BUFZ 1, C4<z>; HiZ drive
v0x13f60adb0_0 .net "clk", 0 0, o0x140040010;  0 drivers
o0x140040040 .functor BUFZ 8, C4<zzzzzzzz>; HiZ drive
v0x13f6210e0_0 .net "d", 7 0, o0x140040040;  0 drivers
o0x140040070 .functor BUFZ 1, C4<z>; HiZ drive
v0x13f621180_0 .net "en", 0 0, o0x140040070;  0 drivers
v0x13f621230_0 .var "q", 7 0;
E_0x13f60c400 .event posedge, v0x13f60adb0_0;
S_0x13f607fb0 .scope module, "reg_tb" "reg_tb" 3 4;
 .timescale -9 -10;
v0x13f621a00_0 .var "clk", 0 0;
v0x13f621ab0_0 .var "d", 7 0;
v0x13f621b40_0 .var "en", 0 0;
v0x13f621c10_0 .net "q", 7 0, v0x13f621800_0;  1 drivers
v0x13f621cc0_0 .var "rst", 0 0;
S_0x13f621330 .scope module, "r" "reg_rst" 3 17, 2 17 0, S_0x13f607fb0;
 .timescale -9 -10;
    .port_info 0 /INPUT 8 "d";
    .port_info 1 /INPUT 1 "en";
    .port_info 2 /INPUT 1 "clk";
    .port_info 3 /INPUT 1 "rst";
    .port_info 4 /OUTPUT 8 "q";
v0x13f621600_0 .net "clk", 0 0, v0x13f621a00_0;  1 drivers
v0x13f6216b0_0 .net "d", 7 0, v0x13f621ab0_0;  1 drivers
v0x13f621750_0 .net "en", 0 0, v0x13f621b40_0;  1 drivers
v0x13f621800_0 .var "q", 7 0;
v0x13f6218a0_0 .net "rst", 0 0, v0x13f621cc0_0;  1 drivers
E_0x13f6215b0 .event posedge, v0x13f621600_0;
    .scope S_0x13f60ac40;
T_0 ;
    %wait E_0x13f60c400;
    %load/vec4 v0x13f621180_0;
    %flag_set/vec4 8;
    %jmp/0xz  T_0.0, 8;
    %load/vec4 v0x13f6210e0_0;
    %assign/vec4 v0x13f621230_0, 0;
T_0.0 ;
    %jmp T_0;
    .thread T_0;
    .scope S_0x13f621330;
T_1 ;
    %wait E_0x13f6215b0;
    %load/vec4 v0x13f621750_0;
    %load/vec4 v0x13f6218a0_0;
    %nor/r;
    %and;
    %flag_set/vec4 8;
    %jmp/0xz  T_1.0, 8;
    %load/vec4 v0x13f6216b0_0;
    %assign/vec4 v0x13f621800_0, 0;
    %jmp T_1.1;
T_1.0 ;
    %load/vec4 v0x13f6218a0_0;
    %flag_set/vec4 8;
    %jmp/0xz  T_1.2, 8;
    %pushi/vec4 0, 0, 8;
    %assign/vec4 v0x13f621800_0, 0;
T_1.2 ;
T_1.1 ;
    %jmp T_1;
    .thread T_1;
    .scope S_0x13f607fb0;
T_2 ;
    %pushi/vec4 0, 0, 1;
    %store/vec4 v0x13f621a00_0, 0, 1;
    %pushi/vec4 0, 0, 1;
    %store/vec4 v0x13f621cc0_0, 0, 1;
    %pushi/vec4 1, 0, 1;
    %store/vec4 v0x13f621b40_0, 0, 1;
    %end;
    .thread T_2;
    .scope S_0x13f607fb0;
T_3 ;
    %delay 10, 0;
    %load/vec4 v0x13f621a00_0;
    %nor/r;
    %store/vec4 v0x13f621a00_0, 0, 1;
    %jmp T_3;
    .thread T_3;
    .scope S_0x13f607fb0;
T_4 ;
    %vpi_call 3 14 "$dumpfile", "reg_tb.vcd" {0 0 0};
    %end;
    .thread T_4;
    .scope S_0x13f607fb0;
T_5 ;
    %vpi_call 3 15 "$dumpvars", 32'sb00000000000000000000000000000000, S_0x13f607fb0 {0 0 0};
    %end;
    .thread T_5;
    .scope S_0x13f607fb0;
T_6 ;
    %delay 50, 0;
    %pushi/vec4 31, 0, 8;
    %store/vec4 v0x13f621ab0_0, 0, 8;
    %delay 50, 0;
    %pushi/vec4 127, 0, 8;
    %store/vec4 v0x13f621ab0_0, 0, 8;
    %delay 50, 0;
    %pushi/vec4 0, 0, 1;
    %store/vec4 v0x13f621b40_0, 0, 1;
    %delay 50, 0;
    %pushi/vec4 12, 0, 8;
    %store/vec4 v0x13f621ab0_0, 0, 8;
    %delay 50, 0;
    %pushi/vec4 1, 0, 1;
    %store/vec4 v0x13f621b40_0, 0, 1;
    %pushi/vec4 100, 0, 8;
    %store/vec4 v0x13f621ab0_0, 0, 8;
    %pushi/vec4 1, 0, 1;
    %store/vec4 v0x13f621cc0_0, 0, 1;
    %delay 50, 0;
    %pushi/vec4 0, 0, 1;
    %store/vec4 v0x13f621b40_0, 0, 1;
    %pushi/vec4 0, 0, 1;
    %store/vec4 v0x13f621cc0_0, 0, 1;
    %delay 50, 0;
    %vpi_call 3 34 "$finish" {0 0 0};
    %end;
    .thread T_6;
# The file index is used to find the file name in the following table.
:file_names 4;
    "N/A";
    "<interactive>";
    "./reg.v";
    "reg_tb.v";
