#! /opt/homebrew/Cellar/icarus-verilog/11.0/bin/vvp
:ivl_version "11.0 (stable)";
:ivl_delay_selection "TYPICAL";
:vpi_time_precision - 10;
:vpi_module "/opt/homebrew/Cellar/icarus-verilog/11.0/lib/ivl/system.vpi";
:vpi_module "/opt/homebrew/Cellar/icarus-verilog/11.0/lib/ivl/vhdl_sys.vpi";
:vpi_module "/opt/homebrew/Cellar/icarus-verilog/11.0/lib/ivl/vhdl_textio.vpi";
:vpi_module "/opt/homebrew/Cellar/icarus-verilog/11.0/lib/ivl/v2005_math.vpi";
:vpi_module "/opt/homebrew/Cellar/icarus-verilog/11.0/lib/ivl/va_math.vpi";
S_0x125004320 .scope module, "pc_tb" "pc_tb" 2 4;
 .timescale -9 -10;
v0x125015090_0 .var "ai", 15 0;
v0x125015120_0 .net "ao", 15 0, v0x125014930_0;  1 drivers
v0x1250151b0_0 .var "clk", 0 0;
v0x125015260_0 .var "cub", 0 0;
v0x125015310_0 .var "ini", 0 0;
v0x1250153e0_0 .net "is", 2 0, v0x125014cc0_0;  1 drivers
v0x125015490_0 .var "lrc", 0 0;
v0x125015540_0 .var "oe", 0 0;
v0x1250155f0_0 .var "rst", 0 0;
S_0x125004490 .scope module, "ipc" "pc" 2 24, 3 1 0, S_0x125004320;
 .timescale -9 -10;
    .port_info 0 /INPUT 16 "ai";
    .port_info 1 /INPUT 1 "clk";
    .port_info 2 /INPUT 1 "rst";
    .port_info 3 /INPUT 1 "lrc";
    .port_info 4 /INPUT 1 "ini";
    .port_info 5 /INPUT 1 "cub";
    .port_info 6 /INPUT 1 "oe";
    .port_info 7 /OUTPUT 16 "ao";
    .port_info 8 /OUTPUT 3 "is";
v0x1250047c0_0 .var "ac", 15 0;
v0x125014880_0 .net "ai", 15 0, v0x125015090_0;  1 drivers
v0x125014930_0 .var "ao", 15 0;
v0x1250149f0_0 .net "clk", 0 0, v0x1250151b0_0;  1 drivers
v0x125014a90_0 .net "cub", 0 0, v0x125015260_0;  1 drivers
v0x125014b70_0 .var "ic", 2 0;
v0x125014c20_0 .net "ini", 0 0, v0x125015310_0;  1 drivers
v0x125014cc0_0 .var "is", 2 0;
v0x125014d70_0 .net "lrc", 0 0, v0x125015490_0;  1 drivers
v0x125014e80_0 .net "oe", 0 0, v0x125015540_0;  1 drivers
v0x125014f10_0 .net "rst", 0 0, v0x1250155f0_0;  1 drivers
E_0x125004190 .event posedge, v0x1250149f0_0;
E_0x125004790 .event edge, v0x125014e80_0, v0x1250047c0_0, v0x125014b70_0;
    .scope S_0x125004490;
T_0 ;
    %pushi/vec4 0, 0, 16;
    %store/vec4 v0x1250047c0_0, 0, 16;
    %pushi/vec4 0, 0, 3;
    %store/vec4 v0x125014b70_0, 0, 3;
    %end;
    .thread T_0;
    .scope S_0x125004490;
T_1 ;
    %pushi/vec4 32768, 0, 16;
    %store/vec4 v0x1250047c0_0, 0, 16;
    %pushi/vec4 0, 0, 3;
    %store/vec4 v0x125014b70_0, 0, 3;
    %end;
    .thread T_1;
    .scope S_0x125004490;
T_2 ;
    %wait E_0x125004790;
    %load/vec4 v0x125014e80_0;
    %flag_set/vec4 8;
    %jmp/0xz  T_2.0, 8;
    %load/vec4 v0x1250047c0_0;
    %assign/vec4 v0x125014930_0, 0;
    %jmp T_2.1;
T_2.0 ;
    %pushi/vec4 0, 65535, 16;
    %assign/vec4 v0x125014930_0, 0;
T_2.1 ;
    %load/vec4 v0x125014b70_0;
    %assign/vec4 v0x125014cc0_0, 0;
    %jmp T_2;
    .thread T_2, $push;
    .scope S_0x125004490;
T_3 ;
    %wait E_0x125004190;
    %load/vec4 v0x125014f10_0;
    %flag_set/vec4 8;
    %jmp/0xz  T_3.0, 8;
    %pushi/vec4 32768, 0, 16;
    %assign/vec4 v0x1250047c0_0, 0;
    %pushi/vec4 0, 0, 3;
    %assign/vec4 v0x125014b70_0, 0;
    %jmp T_3.1;
T_3.0 ;
    %load/vec4 v0x125014b70_0;
    %cmpi/e 7, 0, 3;
    %jmp/0xz  T_3.2, 4;
    %pushi/vec4 0, 0, 3;
    %assign/vec4 v0x125014b70_0, 0;
    ; show_stmt_assign_vector: Get l-value for compressed += operand
    %load/vec4 v0x1250047c0_0;
    %pushi/vec4 1, 0, 16;
    %add;
    %store/vec4 v0x1250047c0_0, 0, 16;
T_3.2 ;
    %load/vec4 v0x125014d70_0;
    %flag_set/vec4 8;
    %jmp/0xz  T_3.4, 8;
    %pushi/vec4 0, 0, 3;
    %assign/vec4 v0x125014b70_0, 0;
    %load/vec4 v0x125014880_0;
    %assign/vec4 v0x1250047c0_0, 0;
    %jmp T_3.5;
T_3.4 ;
    %load/vec4 v0x125014c20_0;
    %flag_set/vec4 8;
    %jmp/0xz  T_3.6, 8;
    %pushi/vec4 0, 0, 3;
    %assign/vec4 v0x125014b70_0, 0;
    ; show_stmt_assign_vector: Get l-value for compressed += operand
    %load/vec4 v0x1250047c0_0;
    %pushi/vec4 1, 0, 16;
    %add;
    %store/vec4 v0x1250047c0_0, 0, 16;
    %jmp T_3.7;
T_3.6 ;
    %load/vec4 v0x125014a90_0;
    %flag_set/vec4 8;
    %jmp/0xz  T_3.8, 8;
    ; show_stmt_assign_vector: Get l-value for compressed += operand
    %load/vec4 v0x125014b70_0;
    %pushi/vec4 2, 0, 3;
    %add;
    %store/vec4 v0x125014b70_0, 0, 3;
    ; show_stmt_assign_vector: Get l-value for compressed += operand
    %load/vec4 v0x1250047c0_0;
    %pushi/vec4 1, 0, 16;
    %add;
    %store/vec4 v0x1250047c0_0, 0, 16;
    %jmp T_3.9;
T_3.8 ;
    ; show_stmt_assign_vector: Get l-value for compressed += operand
    %load/vec4 v0x125014b70_0;
    %pushi/vec4 1, 0, 3;
    %add;
    %store/vec4 v0x125014b70_0, 0, 3;
T_3.9 ;
T_3.7 ;
T_3.5 ;
T_3.1 ;
    %jmp T_3;
    .thread T_3;
    .scope S_0x125004320;
T_4 ;
    %pushi/vec4 0, 0, 1;
    %store/vec4 v0x1250151b0_0, 0, 1;
    %pushi/vec4 0, 0, 1;
    %store/vec4 v0x1250155f0_0, 0, 1;
    %pushi/vec4 0, 0, 16;
    %store/vec4 v0x125015090_0, 0, 16;
    %pushi/vec4 0, 0, 1;
    %store/vec4 v0x125015490_0, 0, 1;
    %pushi/vec4 0, 0, 1;
    %store/vec4 v0x125015310_0, 0, 1;
    %pushi/vec4 0, 0, 1;
    %store/vec4 v0x125015260_0, 0, 1;
    %pushi/vec4 0, 0, 1;
    %store/vec4 v0x125015540_0, 0, 1;
    %end;
    .thread T_4;
    .scope S_0x125004320;
T_5 ;
    %delay 10, 0;
    %load/vec4 v0x1250151b0_0;
    %nor/r;
    %store/vec4 v0x1250151b0_0, 0, 1;
    %jmp T_5;
    .thread T_5;
    .scope S_0x125004320;
T_6 ;
    %vpi_call 2 21 "$dumpfile", "pc_tb.vcd" {0 0 0};
    %end;
    .thread T_6;
    .scope S_0x125004320;
T_7 ;
    %vpi_call 2 22 "$dumpvars", 32'sb00000000000000000000000000000000, S_0x125004320 {0 0 0};
    %end;
    .thread T_7;
    .scope S_0x125004320;
T_8 ;
    %delay 50, 0;
    %pushi/vec4 1, 0, 1;
    %store/vec4 v0x125015540_0, 0, 1;
    %delay 50, 0;
    %delay 50, 0;
    %delay 50, 0;
    %delay 50, 0;
    %pushi/vec4 1, 0, 1;
    %store/vec4 v0x125015310_0, 0, 1;
    %delay 20, 0;
    %pushi/vec4 0, 0, 1;
    %store/vec4 v0x125015310_0, 0, 1;
    %delay 50, 0;
    %pushi/vec4 32778, 0, 16;
    %store/vec4 v0x125015090_0, 0, 16;
    %pushi/vec4 1, 0, 1;
    %store/vec4 v0x125015490_0, 0, 1;
    %delay 20, 0;
    %pushi/vec4 0, 0, 1;
    %store/vec4 v0x125015490_0, 0, 1;
    %delay 50, 0;
    %pushi/vec4 1, 0, 1;
    %store/vec4 v0x125015260_0, 0, 1;
    %delay 20, 0;
    %pushi/vec4 0, 0, 1;
    %store/vec4 v0x125015260_0, 0, 1;
    %delay 10, 0;
    %pushi/vec4 0, 0, 1;
    %store/vec4 v0x125015540_0, 0, 1;
    %delay 20, 0;
    %delay 20, 0;
    %delay 20, 0;
    %delay 20, 0;
    %delay 20, 0;
    %pushi/vec4 0, 0, 1;
    %store/vec4 v0x125015540_0, 0, 1;
    %delay 20, 0;
    %delay 20, 0;
    %delay 20, 0;
    %pushi/vec4 1, 0, 1;
    %store/vec4 v0x125015540_0, 0, 1;
    %delay 50, 0;
    %pushi/vec4 1, 0, 1;
    %store/vec4 v0x1250155f0_0, 0, 1;
    %delay 20, 0;
    %pushi/vec4 0, 0, 1;
    %store/vec4 v0x1250155f0_0, 0, 1;
    %delay 50, 0;
    %vpi_call 2 60 "$finish" {0 0 0};
    %end;
    .thread T_8;
# The file index is used to find the file name in the following table.
:file_names 4;
    "N/A";
    "<interactive>";
    "pc_tb.v";
    "./pc.v";
