#! /opt/homebrew/Cellar/icarus-verilog/11.0/bin/vvp
:ivl_version "11.0 (stable)";
:ivl_delay_selection "TYPICAL";
:vpi_time_precision - 10;
:vpi_module "/opt/homebrew/Cellar/icarus-verilog/11.0/lib/ivl/system.vpi";
:vpi_module "/opt/homebrew/Cellar/icarus-verilog/11.0/lib/ivl/vhdl_sys.vpi";
:vpi_module "/opt/homebrew/Cellar/icarus-verilog/11.0/lib/ivl/vhdl_textio.vpi";
:vpi_module "/opt/homebrew/Cellar/icarus-verilog/11.0/lib/ivl/v2005_math.vpi";
:vpi_module "/opt/homebrew/Cellar/icarus-verilog/11.0/lib/ivl/va_math.vpi";
S_0x1256041e0 .scope module, "lsu_tb" "lsu_tb" 2 4;
 .timescale -9 -10;
v0x1256175d0_0 .var "a", 15 0;
v0x1256176c0_0 .var "clk", 0 0;
v0x1256177d0_0 .var "d", 7 0;
o0x1180086d0 .functor BUFZ 8, C4<zzzzzzzz>; HiZ drive
v0x125617860_0 .net "fo", 7 0, o0x1180086d0;  0 drivers
RS_0x118008100 .resolv tri, v0x125615260_0, v0x125615e50_0;
v0x1256178f0_0 .net8 "q", 7 0, RS_0x118008100;  2 drivers
v0x125617980_0 .net "q1", 7 0, v0x125615ee0_0;  1 drivers
v0x125617a50_0 .net "q2", 7 0, v0x125615fb0_0;  1 drivers
v0x125617b20_0 .net "q3", 7 0, v0x125616040_0;  1 drivers
v0x125617bf0_0 .var "re", 0 0;
v0x125617d00_0 .var "rst", 0 0;
v0x125617d90_0 .var "sp_d", 0 0;
v0x125617e20_0 .var "sp_en", 0 0;
v0x125617eb0_0 .var "sp_we", 0 0;
v0x125617f40_0 .net "spq", 15 0, L_0x1256180a0;  1 drivers
v0x125617fd0_0 .var "we", 0 0;
S_0x125604360 .scope module, "u" "lsu" 2 23, 3 5 0, S_0x1256041e0;
 .timescale -9 -10;
    .port_info 0 /INPUT 8 "d";
    .port_info 1 /INPUT 16 "a";
    .port_info 2 /INPUT 1 "clk";
    .port_info 3 /INPUT 1 "rst";
    .port_info 4 /INPUT 1 "sp_d";
    .port_info 5 /INPUT 1 "sp_we";
    .port_info 6 /INPUT 1 "sp_en";
    .port_info 7 /INPUT 1 "re";
    .port_info 8 /INPUT 1 "we";
    .port_info 9 /OUTPUT 8 "q";
    .port_info 10 /OUTPUT 8 "q1";
    .port_info 11 /OUTPUT 8 "q2";
    .port_info 12 /OUTPUT 8 "q3";
    .port_info 13 /OUTPUT 8 "fo";
    .port_info 14 /OUTPUT 16 "spq";
L_0x1256180a0 .functor BUFZ 16, v0x1256166c0_0, C4<0000000000000000>, C4<0000000000000000>, C4<0000000000000000>;
L_0x125618270 .functor AND 1, v0x125617eb0_0, v0x125617e20_0, C4<1>, C4<1>;
v0x125616960_0 .net "a", 15 0, v0x1256175d0_0;  1 drivers
v0x125616a30_0 .net "clk", 0 0, v0x1256176c0_0;  1 drivers
v0x125616ac0_0 .net "d", 7 0, v0x1256177d0_0;  1 drivers
v0x125616b70_0 .net "fo", 7 0, o0x1180086d0;  alias, 0 drivers
v0x125616c00_0 .net8 "q", 7 0, RS_0x118008100;  alias, 2 drivers
v0x125616d10_0 .net "q1", 7 0, v0x125615ee0_0;  alias, 1 drivers
v0x125616da0_0 .net "q2", 7 0, v0x125615fb0_0;  alias, 1 drivers
v0x125616e50_0 .net "q3", 7 0, v0x125616040_0;  alias, 1 drivers
v0x125616f00_0 .net "re", 0 0, v0x125617bf0_0;  1 drivers
v0x125617010_0 .net "rst", 0 0, v0x125617d00_0;  1 drivers
v0x1256170e0_0 .net "sp_d", 0 0, v0x125617d90_0;  1 drivers
v0x125617170_0 .net "sp_en", 0 0, v0x125617e20_0;  1 drivers
v0x125617200_0 .net "sp_val", 15 0, v0x1256166c0_0;  1 drivers
v0x125617290_0 .net "sp_we", 0 0, v0x125617eb0_0;  1 drivers
v0x125617320_0 .net "spq", 15 0, L_0x1256180a0;  alias, 1 drivers
v0x1256173c0_0 .net "we", 0 0, v0x125617fd0_0;  1 drivers
L_0x125618190 .functor MUXZ 16, v0x1256175d0_0, v0x1256166c0_0, v0x125617e20_0, C4<>;
S_0x125604710 .scope module, "ram_inst" "ram" 3 25, 4 1 0, S_0x125604360;
 .timescale -9 -10;
    .port_info 0 /INPUT 8 "d";
    .port_info 1 /INPUT 16 "a";
    .port_info 2 /INPUT 1 "re";
    .port_info 3 /INPUT 1 "we";
    .port_info 4 /INPUT 1 "clk";
    .port_info 5 /INPUT 1 "rst";
    .port_info 6 /OUTPUT 8 "q";
P_0x1256048d0 .param/l "SIZE" 1 4 12, +C4<00000000000000001000000000000000>;
v0x125615000_0 .net "a", 15 0, L_0x125618190;  1 drivers
v0x125615090_0 .net "clk", 0 0, v0x1256176c0_0;  alias, 1 drivers
v0x125615120_0 .net "d", 7 0, v0x1256177d0_0;  alias, 1 drivers
v0x1256151c0 .array "m", 32767 0, 7 0;
v0x125615260_0 .var "q", 7 0;
v0x125615350_0 .net "re", 0 0, v0x125617bf0_0;  alias, 1 drivers
v0x1256153f0_0 .net "rst", 0 0, v0x125617d00_0;  alias, 1 drivers
v0x125615490_0 .net "we", 0 0, v0x125617fd0_0;  alias, 1 drivers
E_0x125604ac0 .event edge, v0x125615090_0;
S_0x125604b10 .scope begin, "$ivl_for_loop0" "$ivl_for_loop0" 4 19, 4 19 0, S_0x125604710;
 .timescale -9 -10;
v0x125604ce0_0 .var/i "i", 31 0;
S_0x125614da0 .scope begin, "$ivl_for_loop1" "$ivl_for_loop1" 4 27, 4 27 0, S_0x125604710;
 .timescale -9 -10;
v0x125614f70_0 .var/i "j", 31 0;
S_0x1256155e0 .scope module, "rom_inst" "rom" 3 36, 5 1 0, S_0x125604360;
 .timescale -9 -10;
    .port_info 0 /INPUT 16 "a";
    .port_info 1 /INPUT 1 "re";
    .port_info 2 /INPUT 1 "clk";
    .port_info 3 /OUTPUT 8 "q0";
    .port_info 4 /OUTPUT 8 "q1";
    .port_info 5 /OUTPUT 8 "q2";
    .port_info 6 /OUTPUT 8 "q3";
P_0x1256157a0 .param/l "READ_SIZE" 1 5 11, +C4<00000000000000000000000000000011>;
P_0x1256157e0 .param/l "SIZE" 1 5 10, +C4<00000000000000001000000000000000>;
P_0x125615820 .param/l "WRITE_FILE" 1 5 12, +C4<00000000000000000000000000000000>;
v0x125615c70_0 .net "a", 15 0, v0x1256175d0_0;  alias, 1 drivers
v0x125615d20_0 .net "clk", 0 0, v0x1256176c0_0;  alias, 1 drivers
v0x125615dc0 .array "m", 32767 0, 7 0;
v0x125615e50_0 .var "q0", 7 0;
v0x125615ee0_0 .var "q1", 7 0;
v0x125615fb0_0 .var "q2", 7 0;
v0x125616040_0 .var "q3", 7 0;
v0x1256160f0_0 .net "re", 0 0, v0x125617bf0_0;  alias, 1 drivers
S_0x125615ab0 .scope begin, "$ivl_for_loop2" "$ivl_for_loop2" 5 21, 5 21 0, S_0x1256155e0;
 .timescale -9 -10;
S_0x125616220 .scope module, "sp_inst" "sp" 3 47, 6 1 0, S_0x125604360;
 .timescale -9 -10;
    .port_info 0 /INPUT 1 "d";
    .port_info 1 /INPUT 1 "en";
    .port_info 2 /INPUT 1 "clk";
    .port_info 3 /INPUT 1 "rst";
    .port_info 4 /OUTPUT 16 "q";
v0x1256164b0_0 .net "clk", 0 0, v0x1256176c0_0;  alias, 1 drivers
v0x125616590_0 .net "d", 0 0, v0x125617d90_0;  alias, 1 drivers
v0x125616630_0 .net "en", 0 0, L_0x125618270;  1 drivers
v0x1256166c0_0 .var "q", 15 0;
v0x125616770_0 .net "rst", 0 0, v0x125617d00_0;  alias, 1 drivers
v0x125616840_0 .var "sp", 14 0;
E_0x125616480 .event posedge, v0x125615090_0;
    .scope S_0x125604710;
T_0 ;
    %fork t_1, S_0x125604b10;
    %jmp t_0;
    .scope S_0x125604b10;
t_1 ;
    %pushi/vec4 0, 0, 32;
    %store/vec4 v0x125604ce0_0, 0, 32;
T_0.0 ;
    %load/vec4 v0x125604ce0_0;
    %cmpi/s 32768, 0, 32;
    %jmp/0xz T_0.1, 5;
    %pushi/vec4 0, 0, 8;
    %ix/getv/s 4, v0x125604ce0_0;
    %store/vec4a v0x1256151c0, 4, 0;
    ; show_stmt_assign_vector: Get l-value for compressed += operand
    %load/vec4 v0x125604ce0_0;
    %pushi/vec4 1, 0, 32;
    %add;
    %store/vec4 v0x125604ce0_0, 0, 32;
    %jmp T_0.0;
T_0.1 ;
    %end;
    .scope S_0x125604710;
t_0 %join;
    %end;
    .thread T_0;
    .scope S_0x125604710;
T_1 ;
    %wait E_0x125604ac0;
    %load/vec4 v0x1256153f0_0;
    %flag_set/vec4 8;
    %jmp/0xz  T_1.0, 8;
    %fork t_3, S_0x125614da0;
    %jmp t_2;
    .scope S_0x125614da0;
t_3 ;
    %pushi/vec4 0, 0, 32;
    %store/vec4 v0x125614f70_0, 0, 32;
T_1.2 ;
    %load/vec4 v0x125614f70_0;
    %cmpi/s 32768, 0, 32;
    %jmp/0xz T_1.3, 5;
    %pushi/vec4 0, 0, 8;
    %ix/getv/s 4, v0x125614f70_0;
    %store/vec4a v0x1256151c0, 4, 0;
    ; show_stmt_assign_vector: Get l-value for compressed += operand
    %load/vec4 v0x125614f70_0;
    %pushi/vec4 1, 0, 32;
    %add;
    %store/vec4 v0x125614f70_0, 0, 32;
    %jmp T_1.2;
T_1.3 ;
    %end;
    .scope S_0x125604710;
t_2 %join;
    %jmp T_1.1;
T_1.0 ;
    %load/vec4 v0x125615000_0;
    %pad/u 32;
    %cmpi/u 32768, 0, 32;
    %jmp/0xz  T_1.4, 5;
    %load/vec4 v0x125615490_0;
    %load/vec4 v0x125615350_0;
    %and;
    %flag_set/vec4 8;
    %jmp/0xz  T_1.6, 8;
    %load/vec4 v0x125615120_0;
    %load/vec4 v0x125615000_0;
    %pad/u 17;
    %ix/vec4 3;
    %ix/load 4, 0, 0; Constant delay
    %assign/vec4/a/d v0x1256151c0, 0, 4;
    %load/vec4 v0x125615120_0;
    %assign/vec4 v0x125615260_0, 0;
    %jmp T_1.7;
T_1.6 ;
    %load/vec4 v0x125615490_0;
    %flag_set/vec4 8;
    %jmp/0xz  T_1.8, 8;
    %load/vec4 v0x125615120_0;
    %load/vec4 v0x125615000_0;
    %pad/u 17;
    %ix/vec4 3;
    %ix/load 4, 0, 0; Constant delay
    %assign/vec4/a/d v0x1256151c0, 0, 4;
    %jmp T_1.9;
T_1.8 ;
    %load/vec4 v0x125615350_0;
    %flag_set/vec4 8;
    %jmp/0xz  T_1.10, 8;
    %load/vec4 v0x125615000_0;
    %pad/u 17;
    %ix/vec4 4;
    %load/vec4a v0x1256151c0, 4;
    %assign/vec4 v0x125615260_0, 0;
    %jmp T_1.11;
T_1.10 ;
    %pushi/vec4 0, 255, 8;
    %assign/vec4 v0x125615260_0, 0;
T_1.11 ;
T_1.9 ;
T_1.7 ;
    %jmp T_1.5;
T_1.4 ;
    %pushi/vec4 0, 255, 8;
    %assign/vec4 v0x125615260_0, 0;
T_1.5 ;
T_1.1 ;
    %jmp T_1;
    .thread T_1, $push;
    .scope S_0x1256155e0;
T_2 ;
    %vpi_call 5 18 "$readmemh", "/Users/connor/desktop/cpu-design/test.o", v0x125615dc0 {0 0 0};
    %end;
    .thread T_2;
    .scope S_0x1256155e0;
T_3 ;
    %wait E_0x125604ac0;
    %pushi/vec4 32768, 0, 32;
    %load/vec4 v0x125615c70_0;
    %pad/u 32;
    %cmp/u;
    %flag_get/vec4 4;
    %flag_get/vec4 5;
    %or;
    %load/vec4 v0x125615c70_0;
    %pad/u 32;
    %cmpi/u 65532, 0, 32;
    %flag_get/vec4 4;
    %flag_get/vec4 5;
    %or;
    %and;
    %load/vec4 v0x1256160f0_0;
    %and;
    %flag_set/vec4 8;
    %jmp/0xz  T_3.0, 8;
    %load/vec4 v0x125615c70_0;
    %pad/u 34;
    %pushi/vec4 4294959104, 0, 32;
    %concati/vec4 0, 0, 2;
    %add;
    %ix/vec4 4;
    %load/vec4a v0x125615dc0, 4;
    %assign/vec4 v0x125615e50_0, 0;
    %load/vec4 v0x125615c70_0;
    %pad/u 34;
    %pushi/vec4 4294959104, 0, 32;
    %concati/vec4 1, 0, 2;
    %add;
    %ix/vec4 4;
    %load/vec4a v0x125615dc0, 4;
    %assign/vec4 v0x125615ee0_0, 0;
    %load/vec4 v0x125615c70_0;
    %pad/u 34;
    %pushi/vec4 4294959104, 0, 32;
    %concati/vec4 2, 0, 2;
    %add;
    %ix/vec4 4;
    %load/vec4a v0x125615dc0, 4;
    %assign/vec4 v0x125615fb0_0, 0;
    %load/vec4 v0x125615c70_0;
    %pad/u 34;
    %pushi/vec4 4294959104, 0, 32;
    %concati/vec4 3, 0, 2;
    %add;
    %ix/vec4 4;
    %load/vec4a v0x125615dc0, 4;
    %assign/vec4 v0x125616040_0, 0;
    %jmp T_3.1;
T_3.0 ;
    %pushi/vec4 0, 255, 8;
    %assign/vec4 v0x125615e50_0, 0;
    %pushi/vec4 0, 255, 8;
    %assign/vec4 v0x125615ee0_0, 0;
    %pushi/vec4 0, 255, 8;
    %assign/vec4 v0x125615fb0_0, 0;
    %pushi/vec4 0, 255, 8;
    %assign/vec4 v0x125616040_0, 0;
T_3.1 ;
    %jmp T_3;
    .thread T_3, $push;
    .scope S_0x125616220;
T_4 ;
    %pushi/vec4 32767, 0, 15;
    %assign/vec4 v0x125616840_0, 0;
    %end;
    .thread T_4;
    .scope S_0x125616220;
T_5 ;
    %wait E_0x125616480;
    %load/vec4 v0x125616770_0;
    %flag_set/vec4 8;
    %jmp/0xz  T_5.0, 8;
    %pushi/vec4 32767, 0, 15;
    %assign/vec4 v0x125616840_0, 0;
    %pushi/vec4 32767, 0, 16;
    %assign/vec4 v0x1256166c0_0, 0;
    %jmp T_5.1;
T_5.0 ;
    %load/vec4 v0x125616630_0;
    %flag_set/vec4 8;
    %jmp/0xz  T_5.2, 8;
    %load/vec4 v0x125616590_0;
    %flag_set/vec4 8;
    %jmp/0xz  T_5.4, 8;
    ; show_stmt_assign_vector: Get l-value for compressed -= operand
    %load/vec4 v0x125616840_0;
    %pushi/vec4 1, 0, 15;
    %sub;
    %store/vec4 v0x125616840_0, 0, 15;
    %jmp T_5.5;
T_5.4 ;
    ; show_stmt_assign_vector: Get l-value for compressed += operand
    %load/vec4 v0x125616840_0;
    %pushi/vec4 1, 0, 15;
    %add;
    %store/vec4 v0x125616840_0, 0, 15;
T_5.5 ;
T_5.2 ;
    %pushi/vec4 0, 0, 1;
    %load/vec4 v0x125616840_0;
    %concat/vec4; draw_concat_vec4
    %assign/vec4 v0x1256166c0_0, 0;
T_5.1 ;
    %jmp T_5;
    .thread T_5;
    .scope S_0x1256041e0;
T_6 ;
    %pushi/vec4 0, 0, 8;
    %store/vec4 v0x1256177d0_0, 0, 8;
    %pushi/vec4 0, 0, 16;
    %store/vec4 v0x1256175d0_0, 0, 16;
    %pushi/vec4 0, 0, 1;
    %store/vec4 v0x1256176c0_0, 0, 1;
    %pushi/vec4 0, 0, 1;
    %store/vec4 v0x125617d00_0, 0, 1;
    %pushi/vec4 0, 0, 1;
    %store/vec4 v0x125617d90_0, 0, 1;
    %pushi/vec4 0, 0, 1;
    %store/vec4 v0x125617eb0_0, 0, 1;
    %pushi/vec4 0, 0, 1;
    %store/vec4 v0x125617e20_0, 0, 1;
    %pushi/vec4 0, 0, 1;
    %store/vec4 v0x125617bf0_0, 0, 1;
    %pushi/vec4 0, 0, 1;
    %store/vec4 v0x125617fd0_0, 0, 1;
    %end;
    .thread T_6;
    .scope S_0x1256041e0;
T_7 ;
    %delay 10, 0;
    %load/vec4 v0x1256176c0_0;
    %nor/r;
    %store/vec4 v0x1256176c0_0, 0, 1;
    %jmp T_7;
    .thread T_7;
    .scope S_0x1256041e0;
T_8 ;
    %vpi_call 2 20 "$dumpfile", "lsu_tb.vcd" {0 0 0};
    %end;
    .thread T_8;
    .scope S_0x1256041e0;
T_9 ;
    %vpi_call 2 21 "$dumpvars", 32'sb00000000000000000000000000000000, S_0x1256041e0 {0 0 0};
    %end;
    .thread T_9;
    .scope S_0x1256041e0;
T_10 ;
    %delay 50, 0;
    %pushi/vec4 32768, 0, 16;
    %store/vec4 v0x1256175d0_0, 0, 16;
    %pushi/vec4 1, 0, 1;
    %store/vec4 v0x125617bf0_0, 0, 1;
    %delay 50, 0;
    %pushi/vec4 32769, 0, 16;
    %store/vec4 v0x1256175d0_0, 0, 16;
    %pushi/vec4 1, 0, 1;
    %store/vec4 v0x125617bf0_0, 0, 1;
    %delay 50, 0;
    %pushi/vec4 1, 0, 1;
    %store/vec4 v0x125617bf0_0, 0, 1;
    %delay 50, 0;
    %pushi/vec4 0, 0, 16;
    %store/vec4 v0x1256175d0_0, 0, 16;
    %pushi/vec4 100, 0, 8;
    %store/vec4 v0x1256177d0_0, 0, 8;
    %pushi/vec4 1, 0, 1;
    %store/vec4 v0x125617fd0_0, 0, 1;
    %delay 50, 0;
    %pushi/vec4 1, 0, 1;
    %store/vec4 v0x125617bf0_0, 0, 1;
    %pushi/vec4 0, 0, 1;
    %store/vec4 v0x125617fd0_0, 0, 1;
    %delay 50, 0;
    %pushi/vec4 30, 0, 16;
    %store/vec4 v0x1256175d0_0, 0, 16;
    %pushi/vec4 48, 0, 8;
    %store/vec4 v0x1256177d0_0, 0, 8;
    %pushi/vec4 1, 0, 1;
    %store/vec4 v0x125617fd0_0, 0, 1;
    %delay 50, 0;
    %pushi/vec4 0, 0, 1;
    %store/vec4 v0x125617fd0_0, 0, 1;
    %pushi/vec4 0, 0, 8;
    %store/vec4 v0x1256177d0_0, 0, 8;
    %delay 50, 0;
    %pushi/vec4 1, 0, 1;
    %store/vec4 v0x125617bf0_0, 0, 1;
    %pushi/vec4 0, 0, 16;
    %store/vec4 v0x1256175d0_0, 0, 16;
    %delay 50, 0;
    %pushi/vec4 30, 0, 16;
    %store/vec4 v0x1256175d0_0, 0, 16;
    %delay 50, 0;
    %pushi/vec4 0, 0, 1;
    %store/vec4 v0x125617bf0_0, 0, 1;
    %pushi/vec4 1, 0, 1;
    %store/vec4 v0x125617e20_0, 0, 1;
    %pushi/vec4 1, 0, 1;
    %store/vec4 v0x125617d90_0, 0, 1;
    %pushi/vec4 1, 0, 1;
    %store/vec4 v0x125617eb0_0, 0, 1;
    %delay 50, 0;
    %delay 50, 0;
    %delay 50, 0;
    %pushi/vec4 0, 0, 1;
    %store/vec4 v0x125617d90_0, 0, 1;
    %delay 50, 0;
    %delay 50, 0;
    %pushi/vec4 1, 0, 1;
    %store/vec4 v0x125617d00_0, 0, 1;
    %delay 50, 0;
    %pushi/vec4 0, 0, 1;
    %store/vec4 v0x125617d00_0, 0, 1;
    %pushi/vec4 0, 0, 1;
    %store/vec4 v0x125617fd0_0, 0, 1;
    %pushi/vec4 1, 0, 1;
    %store/vec4 v0x125617bf0_0, 0, 1;
    %pushi/vec4 1, 0, 1;
    %store/vec4 v0x125617d90_0, 0, 1;
    %delay 50, 0;
    %pushi/vec4 0, 0, 16;
    %store/vec4 v0x1256175d0_0, 0, 16;
    %delay 50, 0;
    %vpi_call 2 61 "$finish" {0 0 0};
    %end;
    .thread T_10;
# The file index is used to find the file name in the following table.
:file_names 7;
    "N/A";
    "<interactive>";
    "lsu_tb.v";
    "./lsu.v";
    "./ram/ram.v";
    "./rom/rom.v";
    "./sp/sp.v";
