#! /opt/homebrew/Cellar/icarus-verilog/11.0/bin/vvp
:ivl_version "11.0 (stable)";
:ivl_delay_selection "TYPICAL";
:vpi_time_precision - 9;
:vpi_module "/opt/homebrew/Cellar/icarus-verilog/11.0/lib/ivl/system.vpi";
:vpi_module "/opt/homebrew/Cellar/icarus-verilog/11.0/lib/ivl/vhdl_sys.vpi";
:vpi_module "/opt/homebrew/Cellar/icarus-verilog/11.0/lib/ivl/vhdl_textio.vpi";
:vpi_module "/opt/homebrew/Cellar/icarus-verilog/11.0/lib/ivl/v2005_math.vpi";
:vpi_module "/opt/homebrew/Cellar/icarus-verilog/11.0/lib/ivl/va_math.vpi";
S_0x11380ef30 .scope module, "adder_tb" "adder_tb" 2 4;
 .timescale -9 -9;
v0x1138244f0_0 .var "a", 7 0;
v0x1138245a0_0 .var "b", 7 0;
v0x113824630_0 .var "ci", 0 0;
v0x1138246e0_0 .net "co", 0 0, L_0x113827940;  1 drivers
v0x113824770_0 .net "s", 7 0, L_0x113828040;  1 drivers
S_0x1138128b0 .scope module, "adder_inst" "adder_8b" 2 11, 3 3 0, S_0x11380ef30;
 .timescale -9 -9;
    .port_info 0 /INPUT 8 "a";
    .port_info 1 /INPUT 8 "b";
    .port_info 2 /INPUT 1 "ci";
    .port_info 3 /OUTPUT 8 "s";
    .port_info 4 /OUTPUT 1 "co";
v0x113824010_0 .net "a", 7 0, v0x1138244f0_0;  1 drivers
v0x1138240c0_0 .net "b", 7 0, v0x1138245a0_0;  1 drivers
v0x113824160_0 .net "c1", 0 0, L_0x113825dc0;  1 drivers
v0x113824270_0 .net "ci", 0 0, v0x113824630_0;  1 drivers
v0x113824300_0 .net "co", 0 0, L_0x113827940;  alias, 1 drivers
v0x113824410_0 .net "s", 7 0, L_0x113828040;  alias, 1 drivers
L_0x113826340 .part v0x1138244f0_0, 4, 4;
L_0x1138263e0 .part v0x1138245a0_0, 4, 4;
L_0x113827f00 .part v0x1138244f0_0, 0, 4;
L_0x113827fa0 .part v0x1138245a0_0, 0, 4;
L_0x113828040 .concat8 [ 4 4 0 0], L_0x113827d50, L_0x113826190;
S_0x113810bf0 .scope module, "fa1" "adder_4b" 3 6, 4 3 0, S_0x1138128b0;
 .timescale -9 -9;
    .port_info 0 /INPUT 4 "a";
    .port_info 1 /INPUT 4 "b";
    .port_info 2 /INPUT 1 "ci";
    .port_info 3 /OUTPUT 4 "s";
    .port_info 4 /OUTPUT 1 "co";
v0x113821170_0 .net "a", 3 0, L_0x113826340;  1 drivers
v0x113821210_0 .net "b", 3 0, L_0x1138263e0;  1 drivers
v0x1138212b0_0 .net "c1", 0 0, L_0x113824b70;  1 drivers
v0x113821380_0 .net "c2", 0 0, L_0x113825190;  1 drivers
v0x113821450_0 .net "c3", 0 0, L_0x1138257d0;  1 drivers
v0x113821560_0 .net "ci", 0 0, v0x113824630_0;  alias, 1 drivers
v0x1138215f0_0 .net "co", 0 0, L_0x113825dc0;  alias, 1 drivers
v0x113821680_0 .net "s", 3 0, L_0x113826190;  1 drivers
L_0x113824d00 .part L_0x113826340, 0, 1;
L_0x113824da0 .part L_0x1138263e0, 0, 1;
L_0x113825320 .part L_0x113826340, 1, 1;
L_0x113825400 .part L_0x1138263e0, 1, 1;
L_0x113825960 .part L_0x113826340, 2, 1;
L_0x113825a30 .part L_0x1138263e0, 2, 1;
L_0x113825f50 .part L_0x113826340, 3, 1;
L_0x113826070 .part L_0x1138263e0, 3, 1;
L_0x113826190 .concat8 [ 1 1 1 1], L_0x113824c60, L_0x113825280, L_0x1138258c0, L_0x113825eb0;
S_0x113807470 .scope module, "fa1" "adder_1b" 4 6, 5 1 0, S_0x113810bf0;
 .timescale -9 -9;
    .port_info 0 /INPUT 1 "a";
    .port_info 1 /INPUT 1 "b";
    .port_info 2 /INPUT 1 "ci";
    .port_info 3 /OUTPUT 1 "s";
    .port_info 4 /OUTPUT 1 "co";
L_0x113824840 .functor XOR 1, L_0x113824d00, L_0x113824da0, C4<0>, C4<0>;
L_0x113824910 .functor AND 1, L_0x113824d00, L_0x113824da0, C4<1>, C4<1>;
L_0x113824a40 .functor AND 1, L_0x113824840, v0x113824630_0, C4<1>, C4<1>;
L_0x113824b70 .functor OR 1, L_0x113824910, L_0x113824a40, C4<0>, C4<0>;
L_0x113824c60 .functor XOR 1, L_0x113824840, v0x113824630_0, C4<0>, C4<0>;
v0x11380d880_0 .net *"_ivl_4", 0 0, L_0x113824a40;  1 drivers
v0x11381f420_0 .net "a", 0 0, L_0x113824d00;  1 drivers
v0x11381f4c0_0 .net "b", 0 0, L_0x113824da0;  1 drivers
v0x11381f550_0 .net "ci", 0 0, v0x113824630_0;  alias, 1 drivers
v0x11381f5f0_0 .net "co", 0 0, L_0x113824b70;  alias, 1 drivers
v0x11381f6d0_0 .net "pc", 0 0, L_0x113824910;  1 drivers
v0x11381f770_0 .net "ps", 0 0, L_0x113824840;  1 drivers
v0x11381f810_0 .net "s", 0 0, L_0x113824c60;  1 drivers
S_0x11381f930 .scope module, "fa2" "adder_1b" 4 7, 5 1 0, S_0x113810bf0;
 .timescale -9 -9;
    .port_info 0 /INPUT 1 "a";
    .port_info 1 /INPUT 1 "b";
    .port_info 2 /INPUT 1 "ci";
    .port_info 3 /OUTPUT 1 "s";
    .port_info 4 /OUTPUT 1 "co";
L_0x113824e40 .functor XOR 1, L_0x113825320, L_0x113825400, C4<0>, C4<0>;
L_0x113824f30 .functor AND 1, L_0x113825320, L_0x113825400, C4<1>, C4<1>;
L_0x113825060 .functor AND 1, L_0x113824e40, L_0x113824b70, C4<1>, C4<1>;
L_0x113825190 .functor OR 1, L_0x113824f30, L_0x113825060, C4<0>, C4<0>;
L_0x113825280 .functor XOR 1, L_0x113824e40, L_0x113824b70, C4<0>, C4<0>;
v0x11381fb70_0 .net *"_ivl_4", 0 0, L_0x113825060;  1 drivers
v0x11381fc10_0 .net "a", 0 0, L_0x113825320;  1 drivers
v0x11381fcb0_0 .net "b", 0 0, L_0x113825400;  1 drivers
v0x11381fd60_0 .net "ci", 0 0, L_0x113824b70;  alias, 1 drivers
v0x11381fe10_0 .net "co", 0 0, L_0x113825190;  alias, 1 drivers
v0x11381fee0_0 .net "pc", 0 0, L_0x113824f30;  1 drivers
v0x11381ff80_0 .net "ps", 0 0, L_0x113824e40;  1 drivers
v0x113820020_0 .net "s", 0 0, L_0x113825280;  1 drivers
S_0x113820140 .scope module, "fa3" "adder_1b" 4 8, 5 1 0, S_0x113810bf0;
 .timescale -9 -9;
    .port_info 0 /INPUT 1 "a";
    .port_info 1 /INPUT 1 "b";
    .port_info 2 /INPUT 1 "ci";
    .port_info 3 /OUTPUT 1 "s";
    .port_info 4 /OUTPUT 1 "co";
L_0x1138254e0 .functor XOR 1, L_0x113825960, L_0x113825a30, C4<0>, C4<0>;
L_0x113825570 .functor AND 1, L_0x113825960, L_0x113825a30, C4<1>, C4<1>;
L_0x1138256a0 .functor AND 1, L_0x1138254e0, L_0x113825190, C4<1>, C4<1>;
L_0x1138257d0 .functor OR 1, L_0x113825570, L_0x1138256a0, C4<0>, C4<0>;
L_0x1138258c0 .functor XOR 1, L_0x1138254e0, L_0x113825190, C4<0>, C4<0>;
v0x113820380_0 .net *"_ivl_4", 0 0, L_0x1138256a0;  1 drivers
v0x113820430_0 .net "a", 0 0, L_0x113825960;  1 drivers
v0x1138204d0_0 .net "b", 0 0, L_0x113825a30;  1 drivers
v0x113820580_0 .net "ci", 0 0, L_0x113825190;  alias, 1 drivers
v0x113820630_0 .net "co", 0 0, L_0x1138257d0;  alias, 1 drivers
v0x113820700_0 .net "pc", 0 0, L_0x113825570;  1 drivers
v0x1138207a0_0 .net "ps", 0 0, L_0x1138254e0;  1 drivers
v0x113820840_0 .net "s", 0 0, L_0x1138258c0;  1 drivers
S_0x113820960 .scope module, "fa4" "adder_1b" 4 9, 5 1 0, S_0x113810bf0;
 .timescale -9 -9;
    .port_info 0 /INPUT 1 "a";
    .port_info 1 /INPUT 1 "b";
    .port_info 2 /INPUT 1 "ci";
    .port_info 3 /OUTPUT 1 "s";
    .port_info 4 /OUTPUT 1 "co";
L_0x113825ad0 .functor XOR 1, L_0x113825f50, L_0x113826070, C4<0>, C4<0>;
L_0x113825b60 .functor AND 1, L_0x113825f50, L_0x113826070, C4<1>, C4<1>;
L_0x113825c90 .functor AND 1, L_0x113825ad0, L_0x1138257d0, C4<1>, C4<1>;
L_0x113825dc0 .functor OR 1, L_0x113825b60, L_0x113825c90, C4<0>, C4<0>;
L_0x113825eb0 .functor XOR 1, L_0x113825ad0, L_0x1138257d0, C4<0>, C4<0>;
v0x113820ba0_0 .net *"_ivl_4", 0 0, L_0x113825c90;  1 drivers
v0x113820c40_0 .net "a", 0 0, L_0x113825f50;  1 drivers
v0x113820ce0_0 .net "b", 0 0, L_0x113826070;  1 drivers
v0x113820d90_0 .net "ci", 0 0, L_0x1138257d0;  alias, 1 drivers
v0x113820e40_0 .net "co", 0 0, L_0x113825dc0;  alias, 1 drivers
v0x113820f10_0 .net "pc", 0 0, L_0x113825b60;  1 drivers
v0x113820fb0_0 .net "ps", 0 0, L_0x113825ad0;  1 drivers
v0x113821050_0 .net "s", 0 0, L_0x113825eb0;  1 drivers
S_0x113821740 .scope module, "fa2" "adder_4b" 3 7, 4 3 0, S_0x1138128b0;
 .timescale -9 -9;
    .port_info 0 /INPUT 4 "a";
    .port_info 1 /INPUT 4 "b";
    .port_info 2 /INPUT 1 "ci";
    .port_info 3 /OUTPUT 4 "s";
    .port_info 4 /OUTPUT 1 "co";
v0x113823a40_0 .net "a", 3 0, L_0x113827f00;  1 drivers
v0x113823ae0_0 .net "b", 3 0, L_0x113827fa0;  1 drivers
v0x113823b80_0 .net "c1", 0 0, L_0x1138266d0;  1 drivers
v0x113823c50_0 .net "c2", 0 0, L_0x113826d10;  1 drivers
v0x113823d20_0 .net "c3", 0 0, L_0x113827350;  1 drivers
v0x113823e30_0 .net "ci", 0 0, L_0x113825dc0;  alias, 1 drivers
v0x113823ec0_0 .net "co", 0 0, L_0x113827940;  alias, 1 drivers
v0x113823f50_0 .net "s", 3 0, L_0x113827d50;  1 drivers
L_0x113826860 .part L_0x113827f00, 0, 1;
L_0x113826900 .part L_0x113827fa0, 0, 1;
L_0x113826ea0 .part L_0x113827f00, 1, 1;
L_0x113826f80 .part L_0x113827fa0, 1, 1;
L_0x1138274e0 .part L_0x113827f00, 2, 1;
L_0x1138275b0 .part L_0x113827fa0, 2, 1;
L_0x113827b10 .part L_0x113827f00, 3, 1;
L_0x113827c30 .part L_0x113827fa0, 3, 1;
L_0x113827d50 .concat8 [ 1 1 1 1], L_0x1138267c0, L_0x113826e00, L_0x113827440, L_0x113827a70;
S_0x113821990 .scope module, "fa1" "adder_1b" 4 6, 5 1 0, S_0x113821740;
 .timescale -9 -9;
    .port_info 0 /INPUT 1 "a";
    .port_info 1 /INPUT 1 "b";
    .port_info 2 /INPUT 1 "ci";
    .port_info 3 /OUTPUT 1 "s";
    .port_info 4 /OUTPUT 1 "co";
L_0x1138264c0 .functor XOR 1, L_0x113826860, L_0x113826900, C4<0>, C4<0>;
L_0x113826530 .functor AND 1, L_0x113826860, L_0x113826900, C4<1>, C4<1>;
L_0x113826620 .functor AND 1, L_0x1138264c0, L_0x113825dc0, C4<1>, C4<1>;
L_0x1138266d0 .functor OR 1, L_0x113826530, L_0x113826620, C4<0>, C4<0>;
L_0x1138267c0 .functor XOR 1, L_0x1138264c0, L_0x113825dc0, C4<0>, C4<0>;
v0x113821c00_0 .net *"_ivl_4", 0 0, L_0x113826620;  1 drivers
v0x113821cc0_0 .net "a", 0 0, L_0x113826860;  1 drivers
v0x113821d60_0 .net "b", 0 0, L_0x113826900;  1 drivers
v0x113821e10_0 .net "ci", 0 0, L_0x113825dc0;  alias, 1 drivers
v0x113821ee0_0 .net "co", 0 0, L_0x1138266d0;  alias, 1 drivers
v0x113821fb0_0 .net "pc", 0 0, L_0x113826530;  1 drivers
v0x113822040_0 .net "ps", 0 0, L_0x1138264c0;  1 drivers
v0x1138220e0_0 .net "s", 0 0, L_0x1138267c0;  1 drivers
S_0x113822200 .scope module, "fa2" "adder_1b" 4 7, 5 1 0, S_0x113821740;
 .timescale -9 -9;
    .port_info 0 /INPUT 1 "a";
    .port_info 1 /INPUT 1 "b";
    .port_info 2 /INPUT 1 "ci";
    .port_info 3 /OUTPUT 1 "s";
    .port_info 4 /OUTPUT 1 "co";
L_0x1138269c0 .functor XOR 1, L_0x113826ea0, L_0x113826f80, C4<0>, C4<0>;
L_0x113826ab0 .functor AND 1, L_0x113826ea0, L_0x113826f80, C4<1>, C4<1>;
L_0x113826be0 .functor AND 1, L_0x1138269c0, L_0x1138266d0, C4<1>, C4<1>;
L_0x113826d10 .functor OR 1, L_0x113826ab0, L_0x113826be0, C4<0>, C4<0>;
L_0x113826e00 .functor XOR 1, L_0x1138269c0, L_0x1138266d0, C4<0>, C4<0>;
v0x113822440_0 .net *"_ivl_4", 0 0, L_0x113826be0;  1 drivers
v0x1138224e0_0 .net "a", 0 0, L_0x113826ea0;  1 drivers
v0x113822580_0 .net "b", 0 0, L_0x113826f80;  1 drivers
v0x113822630_0 .net "ci", 0 0, L_0x1138266d0;  alias, 1 drivers
v0x1138226e0_0 .net "co", 0 0, L_0x113826d10;  alias, 1 drivers
v0x1138227b0_0 .net "pc", 0 0, L_0x113826ab0;  1 drivers
v0x113822850_0 .net "ps", 0 0, L_0x1138269c0;  1 drivers
v0x1138228f0_0 .net "s", 0 0, L_0x113826e00;  1 drivers
S_0x113822a10 .scope module, "fa3" "adder_1b" 4 8, 5 1 0, S_0x113821740;
 .timescale -9 -9;
    .port_info 0 /INPUT 1 "a";
    .port_info 1 /INPUT 1 "b";
    .port_info 2 /INPUT 1 "ci";
    .port_info 3 /OUTPUT 1 "s";
    .port_info 4 /OUTPUT 1 "co";
L_0x113827060 .functor XOR 1, L_0x1138274e0, L_0x1138275b0, C4<0>, C4<0>;
L_0x1138270f0 .functor AND 1, L_0x1138274e0, L_0x1138275b0, C4<1>, C4<1>;
L_0x113827220 .functor AND 1, L_0x113827060, L_0x113826d10, C4<1>, C4<1>;
L_0x113827350 .functor OR 1, L_0x1138270f0, L_0x113827220, C4<0>, C4<0>;
L_0x113827440 .functor XOR 1, L_0x113827060, L_0x113826d10, C4<0>, C4<0>;
v0x113822c50_0 .net *"_ivl_4", 0 0, L_0x113827220;  1 drivers
v0x113822d00_0 .net "a", 0 0, L_0x1138274e0;  1 drivers
v0x113822da0_0 .net "b", 0 0, L_0x1138275b0;  1 drivers
v0x113822e50_0 .net "ci", 0 0, L_0x113826d10;  alias, 1 drivers
v0x113822f00_0 .net "co", 0 0, L_0x113827350;  alias, 1 drivers
v0x113822fd0_0 .net "pc", 0 0, L_0x1138270f0;  1 drivers
v0x113823070_0 .net "ps", 0 0, L_0x113827060;  1 drivers
v0x113823110_0 .net "s", 0 0, L_0x113827440;  1 drivers
S_0x113823230 .scope module, "fa4" "adder_1b" 4 9, 5 1 0, S_0x113821740;
 .timescale -9 -9;
    .port_info 0 /INPUT 1 "a";
    .port_info 1 /INPUT 1 "b";
    .port_info 2 /INPUT 1 "ci";
    .port_info 3 /OUTPUT 1 "s";
    .port_info 4 /OUTPUT 1 "co";
L_0x113827650 .functor XOR 1, L_0x113827b10, L_0x113827c30, C4<0>, C4<0>;
L_0x1138276e0 .functor AND 1, L_0x113827b10, L_0x113827c30, C4<1>, C4<1>;
L_0x113827810 .functor AND 1, L_0x113827650, L_0x113827350, C4<1>, C4<1>;
L_0x113827940 .functor OR 1, L_0x1138276e0, L_0x113827810, C4<0>, C4<0>;
L_0x113827a70 .functor XOR 1, L_0x113827650, L_0x113827350, C4<0>, C4<0>;
v0x113823470_0 .net *"_ivl_4", 0 0, L_0x113827810;  1 drivers
v0x113823510_0 .net "a", 0 0, L_0x113827b10;  1 drivers
v0x1138235b0_0 .net "b", 0 0, L_0x113827c30;  1 drivers
v0x113823660_0 .net "ci", 0 0, L_0x113827350;  alias, 1 drivers
v0x113823710_0 .net "co", 0 0, L_0x113827940;  alias, 1 drivers
v0x1138237e0_0 .net "pc", 0 0, L_0x1138276e0;  1 drivers
v0x113823880_0 .net "ps", 0 0, L_0x113827650;  1 drivers
v0x113823920_0 .net "s", 0 0, L_0x113827a70;  1 drivers
    .scope S_0x11380ef30;
T_0 ;
    %pushi/vec4 0, 0, 8;
    %store/vec4 v0x1138244f0_0, 0, 8;
    %pushi/vec4 0, 0, 8;
    %store/vec4 v0x1138245a0_0, 0, 8;
    %pushi/vec4 0, 0, 1;
    %store/vec4 v0x113824630_0, 0, 1;
    %delay 10, 0;
    %pushi/vec4 2, 0, 8;
    %store/vec4 v0x1138244f0_0, 0, 8;
    %pushi/vec4 3, 0, 8;
    %store/vec4 v0x1138245a0_0, 0, 8;
    %pushi/vec4 0, 0, 1;
    %store/vec4 v0x113824630_0, 0, 1;
    %delay 10, 0;
    %pushi/vec4 255, 0, 8;
    %store/vec4 v0x1138244f0_0, 0, 8;
    %pushi/vec4 255, 0, 8;
    %store/vec4 v0x1138245a0_0, 0, 8;
    %pushi/vec4 0, 0, 1;
    %store/vec4 v0x113824630_0, 0, 1;
    %delay 10, 0;
    %pushi/vec4 1, 0, 8;
    %store/vec4 v0x1138244f0_0, 0, 8;
    %pushi/vec4 0, 0, 8;
    %store/vec4 v0x1138245a0_0, 0, 8;
    %pushi/vec4 1, 0, 1;
    %store/vec4 v0x113824630_0, 0, 1;
    %delay 10, 0;
    %pushi/vec4 0, 0, 8;
    %store/vec4 v0x1138244f0_0, 0, 8;
    %pushi/vec4 0, 0, 8;
    %store/vec4 v0x1138245a0_0, 0, 8;
    %pushi/vec4 0, 0, 1;
    %store/vec4 v0x113824630_0, 0, 1;
    %vpi_call 2 51 "$dumpfile", "adder.vcd" {0 0 0};
    %vpi_call 2 52 "$dumpvars" {0 0 0};
    %end;
    .thread T_0;
# The file index is used to find the file name in the following table.
:file_names 6;
    "N/A";
    "<interactive>";
    "adder_tb.v";
    "./adder_8b.v";
    "./adder_4b.v";
    "./adder_1b.v";
