#! /opt/homebrew/Cellar/icarus-verilog/11.0/bin/vvp
:ivl_version "11.0 (stable)";
:ivl_delay_selection "TYPICAL";
:vpi_time_precision - 10;
:vpi_module "/opt/homebrew/Cellar/icarus-verilog/11.0/lib/ivl/system.vpi";
:vpi_module "/opt/homebrew/Cellar/icarus-verilog/11.0/lib/ivl/vhdl_sys.vpi";
:vpi_module "/opt/homebrew/Cellar/icarus-verilog/11.0/lib/ivl/vhdl_textio.vpi";
:vpi_module "/opt/homebrew/Cellar/icarus-verilog/11.0/lib/ivl/v2005_math.vpi";
:vpi_module "/opt/homebrew/Cellar/icarus-verilog/11.0/lib/ivl/va_math.vpi";
S_0x13260cf20 .scope module, "ir_tb" "ir_tb" 2 4;
 .timescale -9 -10;
v0x1326281e0_0 .var "clk", 0 0;
v0x132628270_0 .net "d1", 7 0, v0x132627b10_0;  1 drivers
v0x132628300_0 .net "d2", 7 0, v0x132627bb0_0;  1 drivers
v0x1326283b0_0 .net "d3", 7 0, v0x132627c60_0;  1 drivers
v0x132628460_0 .net "insn", 7 0, v0x132627d10_0;  1 drivers
v0x132628530_0 .var "len", 1 0;
v0x1326285e0_0 .var "raw", 31 0;
v0x132628690_0 .var "rst", 0 0;
v0x132628740_0 .var "we", 0 0;
S_0x13260d090 .scope module, "r" "ir" 2 18, 3 1 0, S_0x13260cf20;
 .timescale -9 -10;
    .port_info 0 /INPUT 32 "raw";
    .port_info 1 /INPUT 2 "len";
    .port_info 2 /INPUT 1 "we";
    .port_info 3 /INPUT 1 "clk";
    .port_info 4 /INPUT 1 "rst";
    .port_info 5 /OUTPUT 8 "insn";
    .port_info 6 /OUTPUT 8 "d1";
    .port_info 7 /OUTPUT 8 "d2";
    .port_info 8 /OUTPUT 8 "d3";
v0x1326098b0_0 .net "clk", 0 0, v0x1326281e0_0;  1 drivers
v0x132627b10_0 .var "d1", 7 0;
v0x132627bb0_0 .var "d2", 7 0;
v0x132627c60_0 .var "d3", 7 0;
v0x132627d10_0 .var "insn", 7 0;
v0x132627e00_0 .net "len", 1 0, v0x132628530_0;  1 drivers
v0x132627eb0_0 .net "raw", 31 0, v0x1326285e0_0;  1 drivers
v0x132627f60_0 .net "rst", 0 0, v0x132628690_0;  1 drivers
v0x132628000_0 .net "we", 0 0, v0x132628740_0;  1 drivers
E_0x13260e350 .event negedge, v0x1326098b0_0;
E_0x13260f330 .event posedge, v0x1326098b0_0;
    .scope S_0x13260d090;
T_0 ;
    %wait E_0x13260f330;
    %load/vec4 v0x132627f60_0;
    %flag_set/vec4 8;
    %jmp/0xz  T_0.0, 8;
    %pushi/vec4 0, 0, 8;
    %assign/vec4 v0x132627d10_0, 0;
    %pushi/vec4 0, 0, 8;
    %assign/vec4 v0x132627b10_0, 0;
    %pushi/vec4 0, 0, 8;
    %assign/vec4 v0x132627bb0_0, 0;
    %pushi/vec4 0, 0, 8;
    %assign/vec4 v0x132627c60_0, 0;
T_0.0 ;
    %jmp T_0;
    .thread T_0;
    .scope S_0x13260d090;
T_1 ;
    %wait E_0x13260e350;
    %load/vec4 v0x132627f60_0;
    %nor/r;
    %load/vec4 v0x132628000_0;
    %and;
    %flag_set/vec4 8;
    %jmp/0xz  T_1.0, 8;
    %load/vec4 v0x132627eb0_0;
    %parti/s 8, 24, 6;
    %assign/vec4 v0x132627d10_0, 0;
    %load/vec4 v0x132627e00_0;
    %dup/vec4;
    %pushi/vec4 0, 0, 2;
    %cmp/u;
    %jmp/1 T_1.2, 6;
    %dup/vec4;
    %pushi/vec4 1, 0, 2;
    %cmp/u;
    %jmp/1 T_1.3, 6;
    %dup/vec4;
    %pushi/vec4 2, 0, 2;
    %cmp/u;
    %jmp/1 T_1.4, 6;
    %dup/vec4;
    %pushi/vec4 3, 0, 2;
    %cmp/u;
    %jmp/1 T_1.5, 6;
    %jmp T_1.6;
T_1.2 ;
    %pushi/vec4 0, 255, 8;
    %assign/vec4 v0x132627b10_0, 0;
    %pushi/vec4 0, 255, 8;
    %assign/vec4 v0x132627bb0_0, 0;
    %pushi/vec4 0, 255, 8;
    %assign/vec4 v0x132627c60_0, 0;
    %jmp T_1.6;
T_1.3 ;
    %load/vec4 v0x132627eb0_0;
    %parti/s 8, 16, 6;
    %assign/vec4 v0x132627b10_0, 0;
    %pushi/vec4 0, 255, 8;
    %assign/vec4 v0x132627bb0_0, 0;
    %pushi/vec4 0, 255, 8;
    %assign/vec4 v0x132627c60_0, 0;
    %jmp T_1.6;
T_1.4 ;
    %load/vec4 v0x132627eb0_0;
    %parti/s 8, 16, 6;
    %assign/vec4 v0x132627b10_0, 0;
    %load/vec4 v0x132627eb0_0;
    %parti/s 8, 8, 5;
    %assign/vec4 v0x132627bb0_0, 0;
    %pushi/vec4 0, 255, 8;
    %assign/vec4 v0x132627c60_0, 0;
    %jmp T_1.6;
T_1.5 ;
    %load/vec4 v0x132627eb0_0;
    %parti/s 8, 16, 6;
    %assign/vec4 v0x132627b10_0, 0;
    %load/vec4 v0x132627eb0_0;
    %parti/s 8, 8, 5;
    %assign/vec4 v0x132627bb0_0, 0;
    %load/vec4 v0x132627eb0_0;
    %parti/s 8, 0, 2;
    %assign/vec4 v0x132627c60_0, 0;
    %jmp T_1.6;
T_1.6 ;
    %pop/vec4 1;
T_1.0 ;
    %jmp T_1;
    .thread T_1;
    .scope S_0x13260cf20;
T_2 ;
    %pushi/vec4 0, 0, 32;
    %store/vec4 v0x1326285e0_0, 0, 32;
    %pushi/vec4 0, 0, 2;
    %store/vec4 v0x132628530_0, 0, 2;
    %pushi/vec4 0, 0, 1;
    %store/vec4 v0x132628740_0, 0, 1;
    %pushi/vec4 0, 0, 1;
    %store/vec4 v0x1326281e0_0, 0, 1;
    %pushi/vec4 0, 0, 1;
    %store/vec4 v0x132628690_0, 0, 1;
    %end;
    .thread T_2;
    .scope S_0x13260cf20;
T_3 ;
    %delay 10, 0;
    %load/vec4 v0x1326281e0_0;
    %nor/r;
    %store/vec4 v0x1326281e0_0, 0, 1;
    %jmp T_3;
    .thread T_3;
    .scope S_0x13260cf20;
T_4 ;
    %vpi_call 2 15 "$dumpfile", "ir_tb.vcd" {0 0 0};
    %end;
    .thread T_4;
    .scope S_0x13260cf20;
T_5 ;
    %vpi_call 2 16 "$dumpvars", 32'sb00000000000000000000000000000000, S_0x13260cf20 {0 0 0};
    %end;
    .thread T_5;
    .scope S_0x13260cf20;
T_6 ;
    %delay 50, 0;
    %pushi/vec4 1583374850, 0, 32;
    %store/vec4 v0x1326285e0_0, 0, 32;
    %pushi/vec4 2, 0, 2;
    %store/vec4 v0x132628530_0, 0, 2;
    %pushi/vec4 1, 0, 1;
    %store/vec4 v0x132628740_0, 0, 1;
    %delay 50, 0;
    %pushi/vec4 0, 0, 1;
    %store/vec4 v0x132628740_0, 0, 1;
    %delay 50, 0;
    %pushi/vec4 1, 0, 2;
    %store/vec4 v0x132628530_0, 0, 2;
    %delay 50, 0;
    %pushi/vec4 3756212990, 0, 32;
    %store/vec4 v0x1326285e0_0, 0, 32;
    %delay 10, 0;
    %delay 50, 0;
    %pushi/vec4 1, 0, 1;
    %store/vec4 v0x132628740_0, 0, 1;
    %delay 50, 0;
    %pushi/vec4 0, 0, 1;
    %store/vec4 v0x132628740_0, 0, 1;
    %delay 50, 0;
    %pushi/vec4 1, 0, 2;
    %store/vec4 v0x132628530_0, 0, 2;
    %delay 50, 0;
    %pushi/vec4 0, 0, 2;
    %store/vec4 v0x132628530_0, 0, 2;
    %pushi/vec4 1, 0, 1;
    %store/vec4 v0x132628740_0, 0, 1;
    %delay 50, 0;
    %pushi/vec4 2, 0, 2;
    %store/vec4 v0x132628530_0, 0, 2;
    %pushi/vec4 0, 0, 1;
    %store/vec4 v0x132628740_0, 0, 1;
    %delay 50, 0;
    %pushi/vec4 3, 0, 2;
    %store/vec4 v0x132628530_0, 0, 2;
    %delay 50, 0;
    %pushi/vec4 1, 0, 1;
    %store/vec4 v0x132628690_0, 0, 1;
    %delay 50, 0;
    %pushi/vec4 0, 0, 1;
    %store/vec4 v0x132628690_0, 0, 1;
    %pushi/vec4 843709738, 0, 32;
    %store/vec4 v0x1326285e0_0, 0, 32;
    %pushi/vec4 1, 0, 1;
    %store/vec4 v0x132628740_0, 0, 1;
    %delay 50, 0;
    %delay 50, 0;
    %vpi_call 2 47 "$finish" {0 0 0};
    %end;
    .thread T_6;
# The file index is used to find the file name in the following table.
:file_names 4;
    "N/A";
    "<interactive>";
    "ir_tb.v";
    "./ir.v";
