#! /opt/homebrew/Cellar/icarus-verilog/11.0/bin/vvp
:ivl_version "11.0 (stable)";
:ivl_delay_selection "TYPICAL";
:vpi_time_precision - 10;
:vpi_module "/opt/homebrew/Cellar/icarus-verilog/11.0/lib/ivl/system.vpi";
:vpi_module "/opt/homebrew/Cellar/icarus-verilog/11.0/lib/ivl/vhdl_sys.vpi";
:vpi_module "/opt/homebrew/Cellar/icarus-verilog/11.0/lib/ivl/vhdl_textio.vpi";
:vpi_module "/opt/homebrew/Cellar/icarus-verilog/11.0/lib/ivl/v2005_math.vpi";
:vpi_module "/opt/homebrew/Cellar/icarus-verilog/11.0/lib/ivl/va_math.vpi";
S_0x135e0f3b0 .scope module, "alu_tb" "alu_tb" 2 4;
 .timescale -9 -10;
v0x135e2b320_0 .var "a", 7 0;
v0x135e2b3f0_0 .var "b", 7 0;
v0x135e2b480_0 .var "clk", 0 0;
v0x135e2b530_0 .net "d", 7 0, v0x135e2ace0_0;  1 drivers
v0x135e2b5e0_0 .var "fi", 7 0;
v0x135e2b6b0_0 .net "fo", 7 0, v0x135e2aee0_0;  1 drivers
v0x135e2b760_0 .var "op", 6 0;
v0x135e2b810_0 .var "rst", 0 0;
S_0x135e07fb0 .scope module, "alu" "alu" 2 15, 3 1 0, S_0x135e0f3b0;
 .timescale -9 -10;
    .port_info 0 /INPUT 8 "a";
    .port_info 1 /INPUT 8 "b";
    .port_info 2 /INPUT 8 "fi";
    .port_info 3 /INPUT 7 "op";
    .port_info 4 /INPUT 1 "clk";
    .port_info 5 /INPUT 1 "rst";
    .port_info 6 /OUTPUT 8 "d";
    .port_info 7 /OUTPUT 8 "fo";
P_0x135e10510 .param/l "CARRY" 1 3 16, +C4<00000000000000000000000000000000>;
v0x135e0f520_0 .net "a", 7 0, v0x135e2b320_0;  1 drivers
v0x135e2aa50_0 .var "ai", 8 0;
v0x135e2aaf0_0 .net "b", 7 0, v0x135e2b3f0_0;  1 drivers
v0x135e2ab80_0 .var "bi", 8 0;
v0x135e2ac10_0 .net "clk", 0 0, v0x135e2b480_0;  1 drivers
v0x135e2ace0_0 .var "d", 7 0;
v0x135e2ad80_0 .net "fi", 7 0, v0x135e2b5e0_0;  1 drivers
v0x135e2ae30_0 .var "flags", 7 0;
v0x135e2aee0_0 .var "fo", 7 0;
v0x135e2aff0_0 .net "op", 6 0, v0x135e2b760_0;  1 drivers
v0x135e2b0a0_0 .var "out", 8 0;
v0x135e2b150_0 .net "rst", 0 0, v0x135e2b810_0;  1 drivers
v0x135e2b1f0_0 .var/s "tmp", 7 0;
E_0x135e11610 .event posedge, v0x135e2ac10_0;
    .scope S_0x135e07fb0;
T_0 ;
    %pushi/vec4 0, 0, 9;
    %store/vec4 v0x135e2b0a0_0, 0, 9;
    %pushi/vec4 0, 0, 8;
    %store/vec4 v0x135e2ae30_0, 0, 8;
    %end;
    .thread T_0;
    .scope S_0x135e07fb0;
T_1 ;
    %pushi/vec4 0, 0, 9;
    %store/vec4 v0x135e2b0a0_0, 0, 9;
    %pushi/vec4 0, 0, 8;
    %store/vec4 v0x135e2ae30_0, 0, 8;
    %end;
    .thread T_1;
    .scope S_0x135e07fb0;
T_2 ;
    %wait E_0x135e11610;
    %load/vec4 v0x135e2b150_0;
    %flag_set/vec4 8;
    %jmp/0xz  T_2.0, 8;
    %pushi/vec4 0, 0, 9;
    %store/vec4 v0x135e2b0a0_0, 0, 9;
    %pushi/vec4 0, 0, 8;
    %store/vec4 v0x135e2ae30_0, 0, 8;
    %jmp T_2.1;
T_2.0 ;
    %pushi/vec4 0, 0, 1;
    %load/vec4 v0x135e0f520_0;
    %concat/vec4; draw_concat_vec4
    %assign/vec4 v0x135e2aa50_0, 0;
    %pushi/vec4 0, 0, 1;
    %load/vec4 v0x135e2aaf0_0;
    %concat/vec4; draw_concat_vec4
    %assign/vec4 v0x135e2ab80_0, 0;
    %load/vec4 v0x135e2aff0_0;
    %dup/vec4;
    %pushi/vec4 1, 0, 7;
    %cmp/u;
    %jmp/1 T_2.2, 6;
    %dup/vec4;
    %pushi/vec4 2, 0, 7;
    %cmp/u;
    %jmp/1 T_2.3, 6;
    %dup/vec4;
    %pushi/vec4 4, 0, 7;
    %cmp/u;
    %jmp/1 T_2.4, 6;
    %dup/vec4;
    %pushi/vec4 8, 0, 7;
    %cmp/u;
    %jmp/1 T_2.5, 6;
    %dup/vec4;
    %pushi/vec4 16, 0, 7;
    %cmp/u;
    %jmp/1 T_2.6, 6;
    %dup/vec4;
    %pushi/vec4 32, 0, 7;
    %cmp/u;
    %jmp/1 T_2.7, 6;
    %dup/vec4;
    %pushi/vec4 64, 0, 7;
    %cmp/u;
    %jmp/1 T_2.8, 6;
    %pushi/vec4 0, 0, 9;
    %assign/vec4 v0x135e2b0a0_0, 0;
    %jmp T_2.10;
T_2.2 ;
    %load/vec4 v0x135e2aa50_0;
    %load/vec4 v0x135e2ab80_0;
    %add;
    %pushi/vec4 0, 0, 8;
    %load/vec4 v0x135e2ad80_0;
    %parti/s 1, 0, 2;
    %concat/vec4; draw_concat_vec4
    %add;
    %assign/vec4 v0x135e2b0a0_0, 0;
    %load/vec4 v0x135e2b0a0_0;
    %parti/s 1, 8, 5;
    %ix/load 4, 0, 0;
    %ix/load 5, 0, 0;
    %flag_set/imm 4, 0;
    %assign/vec4/off/d v0x135e2ae30_0, 4, 5;
    %jmp T_2.10;
T_2.3 ;
    %load/vec4 v0x135e2aa50_0;
    %load/vec4 v0x135e2ab80_0;
    %sub;
    %pushi/vec4 0, 0, 8;
    %load/vec4 v0x135e2ad80_0;
    %parti/s 1, 0, 2;
    %concat/vec4; draw_concat_vec4
    %sub;
    %assign/vec4 v0x135e2b0a0_0, 0;
    %load/vec4 v0x135e2b0a0_0;
    %parti/s 1, 8, 5;
    %ix/load 4, 0, 0;
    %ix/load 5, 0, 0;
    %flag_set/imm 4, 0;
    %assign/vec4/off/d v0x135e2ae30_0, 4, 5;
    %jmp T_2.10;
T_2.4 ;
    %load/vec4 v0x135e2aa50_0;
    %load/vec4 v0x135e2ab80_0;
    %and;
    %assign/vec4 v0x135e2b0a0_0, 0;
    %jmp T_2.10;
T_2.5 ;
    %load/vec4 v0x135e2aa50_0;
    %load/vec4 v0x135e2ab80_0;
    %or;
    %assign/vec4 v0x135e2b0a0_0, 0;
    %jmp T_2.10;
T_2.6 ;
    %load/vec4 v0x135e2aa50_0;
    %inv;
    %assign/vec4 v0x135e2b0a0_0, 0;
    %jmp T_2.10;
T_2.7 ;
    %load/vec4 v0x135e2aa50_0;
    %ix/getv 4, v0x135e2ab80_0;
    %shiftl 4;
    %assign/vec4 v0x135e2b0a0_0, 0;
    %jmp T_2.10;
T_2.8 ;
    %load/vec4 v0x135e2aa50_0;
    %ix/getv 4, v0x135e2ab80_0;
    %shiftr 4;
    %assign/vec4 v0x135e2b0a0_0, 0;
    %jmp T_2.10;
T_2.10 ;
    %pop/vec4 1;
    %load/vec4 v0x135e2b0a0_0;
    %parti/s 8, 0, 2;
    %pad/u 32;
    %pushi/vec4 0, 0, 32;
    %cmp/e;
    %flag_get/vec4 4;
    %ix/load 4, 1, 0;
    %ix/load 5, 0, 0;
    %flag_set/imm 4, 0;
    %assign/vec4/off/d v0x135e2ae30_0, 4, 5;
    %load/vec4 v0x135e2b0a0_0;
    %parti/s 8, 0, 2;
    %store/vec4 v0x135e2b1f0_0, 0, 8;
    %pushi/vec4 0, 0, 32;
    %load/vec4 v0x135e2b1f0_0;
    %pad/s 32;
    %cmp/s;
    %flag_get/vec4 5;
    %ix/load 4, 2, 0;
    %ix/load 5, 0, 0;
    %flag_set/imm 4, 0;
    %assign/vec4/off/d v0x135e2ae30_0, 4, 5;
    %load/vec4 v0x135e2b0a0_0;
    %parti/s 8, 0, 2;
    %assign/vec4 v0x135e2ace0_0, 0;
    %load/vec4 v0x135e2ae30_0;
    %assign/vec4 v0x135e2aee0_0, 0;
T_2.1 ;
    %jmp T_2;
    .thread T_2;
    .scope S_0x135e0f3b0;
T_3 ;
    %pushi/vec4 0, 0, 8;
    %store/vec4 v0x135e2b320_0, 0, 8;
    %pushi/vec4 0, 0, 8;
    %store/vec4 v0x135e2b3f0_0, 0, 8;
    %pushi/vec4 0, 0, 8;
    %store/vec4 v0x135e2b5e0_0, 0, 8;
    %pushi/vec4 0, 0, 7;
    %store/vec4 v0x135e2b760_0, 0, 7;
    %pushi/vec4 0, 0, 1;
    %store/vec4 v0x135e2b480_0, 0, 1;
    %pushi/vec4 0, 0, 1;
    %store/vec4 v0x135e2b810_0, 0, 1;
    %end;
    .thread T_3;
    .scope S_0x135e0f3b0;
T_4 ;
    %delay 10, 0;
    %load/vec4 v0x135e2b480_0;
    %nor/r;
    %store/vec4 v0x135e2b480_0, 0, 1;
    %jmp T_4;
    .thread T_4;
    .scope S_0x135e0f3b0;
T_5 ;
    %vpi_call 2 12 "$dumpfile", "alu_tb.vcd" {0 0 0};
    %end;
    .thread T_5;
    .scope S_0x135e0f3b0;
T_6 ;
    %vpi_call 2 13 "$dumpvars", 32'sb00000000000000000000000000000000, S_0x135e0f3b0 {0 0 0};
    %end;
    .thread T_6;
    .scope S_0x135e0f3b0;
T_7 ;
    %delay 50, 0;
    %pushi/vec4 1, 0, 8;
    %store/vec4 v0x135e2b320_0, 0, 8;
    %pushi/vec4 100, 0, 8;
    %store/vec4 v0x135e2b3f0_0, 0, 8;
    %pushi/vec4 0, 0, 8;
    %store/vec4 v0x135e2b5e0_0, 0, 8;
    %pushi/vec4 0, 0, 7;
    %store/vec4 v0x135e2b760_0, 0, 7;
    %delay 50, 0;
    %pushi/vec4 1, 0, 7;
    %store/vec4 v0x135e2b760_0, 0, 7;
    %delay 50, 0;
    %pushi/vec4 2, 0, 7;
    %store/vec4 v0x135e2b760_0, 0, 7;
    %delay 50, 0;
    %pushi/vec4 3, 0, 7;
    %store/vec4 v0x135e2b760_0, 0, 7;
    %delay 50, 0;
    %pushi/vec4 4, 0, 7;
    %store/vec4 v0x135e2b760_0, 0, 7;
    %delay 10, 0;
    %delay 50, 0;
    %pushi/vec4 8, 0, 7;
    %store/vec4 v0x135e2b760_0, 0, 7;
    %delay 50, 0;
    %pushi/vec4 16, 0, 7;
    %store/vec4 v0x135e2b760_0, 0, 7;
    %delay 50, 0;
    %pushi/vec4 32, 0, 7;
    %store/vec4 v0x135e2b760_0, 0, 7;
    %delay 50, 0;
    %pushi/vec4 64, 0, 7;
    %store/vec4 v0x135e2b760_0, 0, 7;
    %delay 50, 0;
    %pushi/vec4 65, 0, 7;
    %store/vec4 v0x135e2b760_0, 0, 7;
    %delay 50, 0;
    %vpi_call 2 40 "$finish" {0 0 0};
    %end;
    .thread T_7;
# The file index is used to find the file name in the following table.
:file_names 4;
    "N/A";
    "<interactive>";
    "alu_tb.v";
    "./alu.v";
