#! /opt/homebrew/Cellar/icarus-verilog/11.0/bin/vvp
:ivl_version "11.0 (stable)";
:ivl_delay_selection "TYPICAL";
:vpi_time_precision - 10;
:vpi_module "/opt/homebrew/Cellar/icarus-verilog/11.0/lib/ivl/system.vpi";
:vpi_module "/opt/homebrew/Cellar/icarus-verilog/11.0/lib/ivl/vhdl_sys.vpi";
:vpi_module "/opt/homebrew/Cellar/icarus-verilog/11.0/lib/ivl/vhdl_textio.vpi";
:vpi_module "/opt/homebrew/Cellar/icarus-verilog/11.0/lib/ivl/v2005_math.vpi";
:vpi_module "/opt/homebrew/Cellar/icarus-verilog/11.0/lib/ivl/va_math.vpi";
S_0x13c623620 .scope module, "reg_std" "reg_std" 2 1;
 .timescale -9 -10;
    .port_info 0 /INPUT 8 "d";
    .port_info 1 /INPUT 1 "en";
    .port_info 2 /INPUT 1 "clk";
    .port_info 3 /OUTPUT 8 "q";
o0x140040010 .functor BUFZ 1, C4<z>; HiZ drive
v0x13c60d480_0 .net "clk", 0 0, o0x140040010;  0 drivers
o0x140040040 .functor BUFZ 8, C4<zzzzzzzz>; HiZ drive
v0x13c6343c0_0 .net "d", 7 0, o0x140040040;  0 drivers
o0x140040070 .functor BUFZ 1, C4<z>; HiZ drive
v0x13c634460_0 .net "en", 0 0, o0x140040070;  0 drivers
v0x13c634510_0 .var "q", 7 0;
E_0x13c6215c0 .event posedge, v0x13c60d480_0;
S_0x13c60ff40 .scope module, "rf_tb" "rf_tb" 3 4;
 .timescale -9 -10;
v0x13c637d90_0 .var "ai", 0 0;
v0x13c637e70_0 .var "ao", 0 0;
v0x13c637f00_0 .var "bi", 0 0;
v0x13c637f90_0 .var "bo", 0 0;
v0x13c638020_0 .var "ci", 0 0;
v0x13c638130_0 .var "clk", 0 0;
v0x13c6381c0_0 .var "co", 0 0;
v0x13c638250_0 .var "d", 7 0;
v0x13c6382e0_0 .var "di", 0 0;
v0x13c6383f0_0 .var "do", 0 0;
v0x13c638480_0 .var "fi", 0 0;
v0x13c638550_0 .var "fo", 0 0;
v0x13c6385e0_0 .net "fod", 7 0, L_0x13c638f50;  1 drivers
v0x13c638670_0 .net "fq", 7 0, L_0x13c638dc0;  1 drivers
v0x13c638720_0 .net "p", 7 0, L_0x13c638c60;  1 drivers
v0x13c6387d0_0 .var "rst", 0 0;
S_0x13c634610 .scope module, "r" "rf" 3 19, 4 3 0, S_0x13c60ff40;
 .timescale -9 -10;
    .port_info 0 /INPUT 8 "d";
    .port_info 1 /INPUT 1 "ai";
    .port_info 2 /INPUT 1 "bi";
    .port_info 3 /INPUT 1 "ci";
    .port_info 4 /INPUT 1 "di";
    .port_info 5 /INPUT 1 "fi";
    .port_info 6 /INPUT 1 "ao";
    .port_info 7 /INPUT 1 "bo";
    .port_info 8 /INPUT 1 "co";
    .port_info 9 /INPUT 1 "do";
    .port_info 10 /INPUT 1 "fo";
    .port_info 11 /INPUT 1 "clk";
    .port_info 12 /INPUT 1 "rst";
    .port_info 13 /OUTPUT 8 "p";
    .port_info 14 /OUTPUT 8 "fq";
    .port_info 15 /OUTPUT 8 "fod";
L_0x13c638f50 .functor BUFZ 8, v0x13c636820_0, C4<00000000>, C4<00000000>, C4<00000000>;
o0x1400408b0 .functor BUFZ 8, C4<zzzzzzzz>; HiZ drive
; Elide local net with no drivers, v0x13c636a70_0 name=_ivl_0
o0x1400408e0 .functor BUFZ 8, C4<zzzzzzzz>; HiZ drive
; Elide local net with no drivers, v0x13c636b10_0 name=_ivl_10
v0x13c636bb0_0 .net *"_ivl_2", 7 0, L_0x13c638860;  1 drivers
v0x13c636c50_0 .net *"_ivl_4", 7 0, L_0x13c6389a0;  1 drivers
v0x13c636d00_0 .net *"_ivl_6", 7 0, L_0x13c638b00;  1 drivers
v0x13c636df0_0 .net "ai", 0 0, v0x13c637d90_0;  1 drivers
v0x13c636e80_0 .net "ao", 0 0, v0x13c637e70_0;  1 drivers
v0x13c636f10_0 .net "ap", 7 0, v0x13c634e00_0;  1 drivers
v0x13c636fd0_0 .net "bi", 0 0, v0x13c637f00_0;  1 drivers
v0x13c637100_0 .net "bo", 0 0, v0x13c637f90_0;  1 drivers
v0x13c637190_0 .net "bp", 7 0, v0x13c635450_0;  1 drivers
v0x13c637220_0 .net "ci", 0 0, v0x13c638020_0;  1 drivers
v0x13c6372b0_0 .net "clk", 0 0, v0x13c638130_0;  1 drivers
v0x13c637340_0 .net "co", 0 0, v0x13c6381c0_0;  1 drivers
v0x13c6373d0_0 .net "cp", 7 0, v0x13c635ae0_0;  1 drivers
v0x13c637480_0 .net "d", 7 0, v0x13c638250_0;  1 drivers
v0x13c637510_0 .net "di", 0 0, v0x13c6382e0_0;  1 drivers
v0x13c6376c0_0 .net "do", 0 0, v0x13c6383f0_0;  1 drivers
v0x13c637750_0 .net "dp", 7 0, v0x13c6360d0_0;  1 drivers
v0x13c6377e0_0 .net "fi", 0 0, v0x13c638480_0;  1 drivers
v0x13c637870_0 .net "fo", 0 0, v0x13c638550_0;  1 drivers
v0x13c637900_0 .net "fod", 7 0, L_0x13c638f50;  alias, 1 drivers
v0x13c637990_0 .net "fp", 7 0, v0x13c636820_0;  1 drivers
v0x13c637a40_0 .net "fq", 7 0, L_0x13c638dc0;  alias, 1 drivers
v0x13c637ad0_0 .net "p", 7 0, L_0x13c638c60;  alias, 1 drivers
v0x13c637b80_0 .net "rst", 0 0, v0x13c6387d0_0;  1 drivers
L_0x13c638860 .functor MUXZ 8, o0x1400408b0, v0x13c6360d0_0, v0x13c6383f0_0, C4<>;
L_0x13c6389a0 .functor MUXZ 8, L_0x13c638860, v0x13c635ae0_0, v0x13c6381c0_0, C4<>;
L_0x13c638b00 .functor MUXZ 8, L_0x13c6389a0, v0x13c635450_0, v0x13c637f90_0, C4<>;
L_0x13c638c60 .functor MUXZ 8, L_0x13c638b00, v0x13c634e00_0, v0x13c637e70_0, C4<>;
L_0x13c638dc0 .functor MUXZ 8, o0x1400408e0, v0x13c636820_0, v0x13c638550_0, C4<>;
S_0x13c6349e0 .scope module, "ar" "reg_rst" 4 17, 2 17 0, S_0x13c634610;
 .timescale -9 -10;
    .port_info 0 /INPUT 8 "d";
    .port_info 1 /INPUT 1 "we";
    .port_info 2 /INPUT 1 "clk";
    .port_info 3 /INPUT 1 "rst";
    .port_info 4 /OUTPUT 8 "q";
v0x13c634cb0_0 .net "clk", 0 0, v0x13c638130_0;  alias, 1 drivers
v0x13c634d60_0 .net "d", 7 0, v0x13c638250_0;  alias, 1 drivers
v0x13c634e00_0 .var "q", 7 0;
v0x13c634eb0_0 .net "rst", 0 0, v0x13c6387d0_0;  alias, 1 drivers
v0x13c634f50_0 .net "we", 0 0, v0x13c637d90_0;  alias, 1 drivers
E_0x13c634c60 .event posedge, v0x13c634cb0_0;
S_0x13c6350b0 .scope module, "br" "reg_rst" 4 26, 2 17 0, S_0x13c634610;
 .timescale -9 -10;
    .port_info 0 /INPUT 8 "d";
    .port_info 1 /INPUT 1 "we";
    .port_info 2 /INPUT 1 "clk";
    .port_info 3 /INPUT 1 "rst";
    .port_info 4 /OUTPUT 8 "q";
v0x13c6352f0_0 .net "clk", 0 0, v0x13c638130_0;  alias, 1 drivers
v0x13c6353a0_0 .net "d", 7 0, v0x13c638250_0;  alias, 1 drivers
v0x13c635450_0 .var "q", 7 0;
v0x13c635500_0 .net "rst", 0 0, v0x13c6387d0_0;  alias, 1 drivers
v0x13c6355b0_0 .net "we", 0 0, v0x13c637f00_0;  alias, 1 drivers
S_0x13c6356f0 .scope module, "cr" "reg_rst" 4 35, 2 17 0, S_0x13c634610;
 .timescale -9 -10;
    .port_info 0 /INPUT 8 "d";
    .port_info 1 /INPUT 1 "we";
    .port_info 2 /INPUT 1 "clk";
    .port_info 3 /INPUT 1 "rst";
    .port_info 4 /OUTPUT 8 "q";
v0x13c635930_0 .net "clk", 0 0, v0x13c638130_0;  alias, 1 drivers
v0x13c635a00_0 .net "d", 7 0, v0x13c638250_0;  alias, 1 drivers
v0x13c635ae0_0 .var "q", 7 0;
v0x13c635b70_0 .net "rst", 0 0, v0x13c6387d0_0;  alias, 1 drivers
v0x13c635c40_0 .net "we", 0 0, v0x13c638020_0;  alias, 1 drivers
S_0x13c635d70 .scope module, "dr" "reg_rst" 4 44, 2 17 0, S_0x13c634610;
 .timescale -9 -10;
    .port_info 0 /INPUT 8 "d";
    .port_info 1 /INPUT 1 "we";
    .port_info 2 /INPUT 1 "clk";
    .port_info 3 /INPUT 1 "rst";
    .port_info 4 /OUTPUT 8 "q";
v0x13c635fb0_0 .net "clk", 0 0, v0x13c638130_0;  alias, 1 drivers
v0x13c636040_0 .net "d", 7 0, v0x13c638250_0;  alias, 1 drivers
v0x13c6360d0_0 .var "q", 7 0;
v0x13c636190_0 .net "rst", 0 0, v0x13c6387d0_0;  alias, 1 drivers
v0x13c636220_0 .net "we", 0 0, v0x13c6382e0_0;  alias, 1 drivers
S_0x13c636380 .scope module, "fr" "reg_rst" 4 53, 2 17 0, S_0x13c634610;
 .timescale -9 -10;
    .port_info 0 /INPUT 8 "d";
    .port_info 1 /INPUT 1 "we";
    .port_info 2 /INPUT 1 "clk";
    .port_info 3 /INPUT 1 "rst";
    .port_info 4 /OUTPUT 8 "q";
v0x13c636600_0 .net "clk", 0 0, v0x13c638130_0;  alias, 1 drivers
v0x13c636710_0 .net "d", 7 0, v0x13c638250_0;  alias, 1 drivers
v0x13c636820_0 .var "q", 7 0;
v0x13c6368b0_0 .net "rst", 0 0, v0x13c6387d0_0;  alias, 1 drivers
v0x13c6369c0_0 .net "we", 0 0, v0x13c638480_0;  alias, 1 drivers
    .scope S_0x13c623620;
T_0 ;
    %wait E_0x13c6215c0;
    %load/vec4 v0x13c634460_0;
    %flag_set/vec4 8;
    %jmp/0xz  T_0.0, 8;
    %load/vec4 v0x13c6343c0_0;
    %assign/vec4 v0x13c634510_0, 0;
T_0.0 ;
    %jmp T_0;
    .thread T_0;
    .scope S_0x13c6349e0;
T_1 ;
    %pushi/vec4 0, 0, 8;
    %assign/vec4 v0x13c634e00_0, 0;
    %end;
    .thread T_1;
    .scope S_0x13c6349e0;
T_2 ;
    %wait E_0x13c634c60;
    %load/vec4 v0x13c634f50_0;
    %load/vec4 v0x13c634eb0_0;
    %nor/r;
    %and;
    %flag_set/vec4 8;
    %jmp/0xz  T_2.0, 8;
    %load/vec4 v0x13c634d60_0;
    %assign/vec4 v0x13c634e00_0, 0;
    %jmp T_2.1;
T_2.0 ;
    %load/vec4 v0x13c634eb0_0;
    %flag_set/vec4 8;
    %jmp/0xz  T_2.2, 8;
    %pushi/vec4 0, 0, 8;
    %assign/vec4 v0x13c634e00_0, 0;
T_2.2 ;
T_2.1 ;
    %jmp T_2;
    .thread T_2;
    .scope S_0x13c6350b0;
T_3 ;
    %pushi/vec4 0, 0, 8;
    %assign/vec4 v0x13c635450_0, 0;
    %end;
    .thread T_3;
    .scope S_0x13c6350b0;
T_4 ;
    %wait E_0x13c634c60;
    %load/vec4 v0x13c6355b0_0;
    %load/vec4 v0x13c635500_0;
    %nor/r;
    %and;
    %flag_set/vec4 8;
    %jmp/0xz  T_4.0, 8;
    %load/vec4 v0x13c6353a0_0;
    %assign/vec4 v0x13c635450_0, 0;
    %jmp T_4.1;
T_4.0 ;
    %load/vec4 v0x13c635500_0;
    %flag_set/vec4 8;
    %jmp/0xz  T_4.2, 8;
    %pushi/vec4 0, 0, 8;
    %assign/vec4 v0x13c635450_0, 0;
T_4.2 ;
T_4.1 ;
    %jmp T_4;
    .thread T_4;
    .scope S_0x13c6356f0;
T_5 ;
    %pushi/vec4 0, 0, 8;
    %assign/vec4 v0x13c635ae0_0, 0;
    %end;
    .thread T_5;
    .scope S_0x13c6356f0;
T_6 ;
    %wait E_0x13c634c60;
    %load/vec4 v0x13c635c40_0;
    %load/vec4 v0x13c635b70_0;
    %nor/r;
    %and;
    %flag_set/vec4 8;
    %jmp/0xz  T_6.0, 8;
    %load/vec4 v0x13c635a00_0;
    %assign/vec4 v0x13c635ae0_0, 0;
    %jmp T_6.1;
T_6.0 ;
    %load/vec4 v0x13c635b70_0;
    %flag_set/vec4 8;
    %jmp/0xz  T_6.2, 8;
    %pushi/vec4 0, 0, 8;
    %assign/vec4 v0x13c635ae0_0, 0;
T_6.2 ;
T_6.1 ;
    %jmp T_6;
    .thread T_6;
    .scope S_0x13c635d70;
T_7 ;
    %pushi/vec4 0, 0, 8;
    %assign/vec4 v0x13c6360d0_0, 0;
    %end;
    .thread T_7;
    .scope S_0x13c635d70;
T_8 ;
    %wait E_0x13c634c60;
    %load/vec4 v0x13c636220_0;
    %load/vec4 v0x13c636190_0;
    %nor/r;
    %and;
    %flag_set/vec4 8;
    %jmp/0xz  T_8.0, 8;
    %load/vec4 v0x13c636040_0;
    %assign/vec4 v0x13c6360d0_0, 0;
    %jmp T_8.1;
T_8.0 ;
    %load/vec4 v0x13c636190_0;
    %flag_set/vec4 8;
    %jmp/0xz  T_8.2, 8;
    %pushi/vec4 0, 0, 8;
    %assign/vec4 v0x13c6360d0_0, 0;
T_8.2 ;
T_8.1 ;
    %jmp T_8;
    .thread T_8;
    .scope S_0x13c636380;
T_9 ;
    %pushi/vec4 0, 0, 8;
    %assign/vec4 v0x13c636820_0, 0;
    %end;
    .thread T_9;
    .scope S_0x13c636380;
T_10 ;
    %wait E_0x13c634c60;
    %load/vec4 v0x13c6369c0_0;
    %load/vec4 v0x13c6368b0_0;
    %nor/r;
    %and;
    %flag_set/vec4 8;
    %jmp/0xz  T_10.0, 8;
    %load/vec4 v0x13c636710_0;
    %assign/vec4 v0x13c636820_0, 0;
    %jmp T_10.1;
T_10.0 ;
    %load/vec4 v0x13c6368b0_0;
    %flag_set/vec4 8;
    %jmp/0xz  T_10.2, 8;
    %pushi/vec4 0, 0, 8;
    %assign/vec4 v0x13c636820_0, 0;
T_10.2 ;
T_10.1 ;
    %jmp T_10;
    .thread T_10;
    .scope S_0x13c60ff40;
T_11 ;
    %pushi/vec4 0, 0, 8;
    %store/vec4 v0x13c638250_0, 0, 8;
    %pushi/vec4 0, 0, 1;
    %store/vec4 v0x13c637d90_0, 0, 1;
    %pushi/vec4 0, 0, 1;
    %store/vec4 v0x13c637f00_0, 0, 1;
    %pushi/vec4 0, 0, 1;
    %store/vec4 v0x13c638020_0, 0, 1;
    %pushi/vec4 0, 0, 1;
    %store/vec4 v0x13c6382e0_0, 0, 1;
    %pushi/vec4 0, 0, 1;
    %store/vec4 v0x13c638480_0, 0, 1;
    %pushi/vec4 0, 0, 1;
    %store/vec4 v0x13c637e70_0, 0, 1;
    %pushi/vec4 0, 0, 1;
    %store/vec4 v0x13c637f90_0, 0, 1;
    %pushi/vec4 0, 0, 1;
    %store/vec4 v0x13c6381c0_0, 0, 1;
    %pushi/vec4 0, 0, 1;
    %store/vec4 v0x13c6383f0_0, 0, 1;
    %pushi/vec4 0, 0, 1;
    %store/vec4 v0x13c638550_0, 0, 1;
    %pushi/vec4 0, 0, 1;
    %store/vec4 v0x13c638130_0, 0, 1;
    %pushi/vec4 0, 0, 1;
    %store/vec4 v0x13c6387d0_0, 0, 1;
    %end;
    .thread T_11;
    .scope S_0x13c60ff40;
T_12 ;
    %delay 10, 0;
    %load/vec4 v0x13c638130_0;
    %nor/r;
    %store/vec4 v0x13c638130_0, 0, 1;
    %jmp T_12;
    .thread T_12;
    .scope S_0x13c60ff40;
T_13 ;
    %vpi_call 3 16 "$dumpfile", "rf_tb.vcd" {0 0 0};
    %end;
    .thread T_13;
    .scope S_0x13c60ff40;
T_14 ;
    %vpi_call 3 17 "$dumpvars", 32'sb00000000000000000000000000000000, S_0x13c60ff40 {0 0 0};
    %end;
    .thread T_14;
    .scope S_0x13c60ff40;
T_15 ;
    %delay 10, 0;
    %pushi/vec4 1, 0, 1;
    %store/vec4 v0x13c6387d0_0, 0, 1;
    %delay 50, 0;
    %pushi/vec4 0, 0, 1;
    %store/vec4 v0x13c6387d0_0, 0, 1;
    %delay 50, 0;
    %pushi/vec4 100, 0, 8;
    %store/vec4 v0x13c638250_0, 0, 8;
    %pushi/vec4 1, 0, 1;
    %store/vec4 v0x13c637d90_0, 0, 1;
    %pushi/vec4 1, 0, 1;
    %store/vec4 v0x13c637f00_0, 0, 1;
    %pushi/vec4 0, 0, 1;
    %store/vec4 v0x13c637e70_0, 0, 1;
    %delay 30, 0;
    %pushi/vec4 1, 0, 1;
    %store/vec4 v0x13c637e70_0, 0, 1;
    %delay 50, 0;
    %pushi/vec4 0, 0, 8;
    %store/vec4 v0x13c638250_0, 0, 8;
    %pushi/vec4 0, 0, 1;
    %store/vec4 v0x13c637d90_0, 0, 1;
    %pushi/vec4 0, 0, 1;
    %store/vec4 v0x13c637f00_0, 0, 1;
    %pushi/vec4 0, 0, 1;
    %store/vec4 v0x13c637e70_0, 0, 1;
    %delay 50, 0;
    %pushi/vec4 0, 0, 1;
    %store/vec4 v0x13c637e70_0, 0, 1;
    %pushi/vec4 1, 0, 1;
    %store/vec4 v0x13c637f90_0, 0, 1;
    %delay 50, 0;
    %pushi/vec4 0, 0, 1;
    %store/vec4 v0x13c637f90_0, 0, 1;
    %pushi/vec4 64, 0, 8;
    %store/vec4 v0x13c638250_0, 0, 8;
    %pushi/vec4 1, 0, 1;
    %store/vec4 v0x13c638020_0, 0, 1;
    %delay 50, 0;
    %pushi/vec4 0, 0, 1;
    %store/vec4 v0x13c638020_0, 0, 1;
    %pushi/vec4 1, 0, 1;
    %store/vec4 v0x13c6381c0_0, 0, 1;
    %pushi/vec4 4, 0, 8;
    %store/vec4 v0x13c638250_0, 0, 8;
    %pushi/vec4 1, 0, 1;
    %store/vec4 v0x13c638480_0, 0, 1;
    %delay 50, 0;
    %pushi/vec4 0, 0, 8;
    %store/vec4 v0x13c638250_0, 0, 8;
    %pushi/vec4 0, 0, 1;
    %store/vec4 v0x13c638480_0, 0, 1;
    %pushi/vec4 0, 0, 1;
    %store/vec4 v0x13c6381c0_0, 0, 1;
    %pushi/vec4 1, 0, 1;
    %store/vec4 v0x13c638550_0, 0, 1;
    %delay 50, 0;
    %pushi/vec4 0, 0, 1;
    %store/vec4 v0x13c638550_0, 0, 1;
    %delay 10, 0;
    %delay 50, 0;
    %pushi/vec4 1, 0, 1;
    %store/vec4 v0x13c6387d0_0, 0, 1;
    %delay 50, 0;
    %vpi_call 3 53 "$finish" {0 0 0};
    %end;
    .thread T_15;
# The file index is used to find the file name in the following table.
:file_names 5;
    "N/A";
    "<interactive>";
    "./../msc/reg/reg.v";
    "rf_tb.v";
    "./rf.v";
